{"C:\\Users\\Yazmin Alcazar\\Downloads\\Axel_Main\\Sapitos-2.0\\backend\\config\\db.js": {"path":"C:\\Users\\Yazmin Alcazar\\Downloads\\Axel_Main\\Sapitos-2.0\\backend\\config\\db.js","statementMap":{"0":{"start":{"line":1,"column":0},"end":{"line":1,"column":27}},"1":{"start":{"line":2,"column":13},"end":{"line":2,"column":40}},"2":{"start":{"line":3,"column":15},"end":{"line":3,"column":41}},"3":{"start":{"line":5,"column":19},"end":{"line":9,"column":1}},"4":{"start":{"line":11,"column":19},"end":{"line":11,"column":42}},"5":{"start":{"line":13,"column":18},"end":{"line":41,"column":1}},"6":{"start":{"line":14,"column":4},"end":{"line":40,"column":7}},"7":{"start":{"line":16,"column":8},"end":{"line":39,"column":11}},"8":{"start":{"line":17,"column":12},"end":{"line":38,"column":13}},"9":{"start":{"line":19,"column":31},"end":{"line":19,"column":58}},"10":{"start":{"line":21,"column":16},"end":{"line":31,"column":17}},"11":{"start":{"line":23,"column":20},"end":{"line":30,"column":21}},"12":{"start":{"line":24,"column":24},"end":{"line":24,"column":88}},"13":{"start":{"line":25,"column":27},"end":{"line":30,"column":21}},"14":{"start":{"line":26,"column":24},"end":{"line":26,"column":84}},"15":{"start":{"line":29,"column":24},"end":{"line":29,"column":76}},"16":{"start":{"line":33,"column":16},"end":{"line":33,"column":39}},"17":{"start":{"line":34,"column":16},"end":{"line":34,"column":28}},"18":{"start":{"line":36,"column":16},"end":{"line":36,"column":63}},"19":{"start":{"line":37,"column":16},"end":{"line":37,"column":36}},"20":{"start":{"line":43,"column":0},"end":{"line":43,"column":43}}},"fnMap":{"0":{"name":"(anonymous_0)","decl":{"start":{"line":13,"column":18},"end":{"line":13,"column":19}},"loc":{"start":{"line":13,"column":30},"end":{"line":41,"column":1}},"line":13},"1":{"name":"(anonymous_1)","decl":{"start":{"line":14,"column":23},"end":{"line":14,"column":24}},"loc":{"start":{"line":14,"column":44},"end":{"line":40,"column":5}},"line":14},"2":{"name":"(anonymous_2)","decl":{"start":{"line":16,"column":39},"end":{"line":16,"column":40}},"loc":{"start":{"line":16,"column":48},"end":{"line":39,"column":9}},"line":16}},"branchMap":{"0":{"loc":{"start":{"line":17,"column":12},"end":{"line":38,"column":13}},"type":"if","locations":[{"start":{"line":17,"column":12},"end":{"line":38,"column":13}},{"start":{"line":35,"column":19},"end":{"line":38,"column":13}}],"line":17},"1":{"loc":{"start":{"line":21,"column":16},"end":{"line":31,"column":17}},"type":"if","locations":[{"start":{"line":21,"column":16},"end":{"line":31,"column":17}},{"start":{},"end":{}}],"line":21},"2":{"loc":{"start":{"line":23,"column":20},"end":{"line":30,"column":21}},"type":"if","locations":[{"start":{"line":23,"column":20},"end":{"line":30,"column":21}},{"start":{"line":25,"column":27},"end":{"line":30,"column":21}}],"line":23},"3":{"loc":{"start":{"line":25,"column":27},"end":{"line":30,"column":21}},"type":"if","locations":[{"start":{"line":25,"column":27},"end":{"line":30,"column":21}},{"start":{"line":27,"column":27},"end":{"line":30,"column":21}}],"line":25}},"s":{"0":1,"1":1,"2":1,"3":1,"4":1,"5":1,"6":0,"7":0,"8":0,"9":0,"10":0,"11":0,"12":0,"13":0,"14":0,"15":0,"16":0,"17":0,"18":0,"19":0,"20":1},"f":{"0":0,"1":0,"2":0},"b":{"0":[0,0],"1":[0,0],"2":[0,0],"3":[0,0]},"_coverageSchema":"1a1c01bbd47fc00a2c39e90264f33305004495a9","hash":"24f7e0d29cc6fe64801a5e6205a042ecdd43a00d"}
,"C:\\Users\\Yazmin Alcazar\\Downloads\\Axel_Main\\Sapitos-2.0\\backend\\controllers\\inventoryController.js": {"path":"C:\\Users\\Yazmin Alcazar\\Downloads\\Axel_Main\\Sapitos-2.0\\backend\\controllers\\inventoryController.js","statementMap":{"0":{"start":{"line":1,"column":23},"end":{"line":1,"column":46}},"1":{"start":{"line":2,"column":12},"end":{"line":2,"column":35}},"2":{"start":{"line":4,"column":21},"end":{"line":64,"column":1}},"3":{"start":{"line":5,"column":2},"end":{"line":63,"column":3}},"4":{"start":{"line":6,"column":18},"end":{"line":30,"column":5}},"5":{"start":{"line":32,"column":4},"end":{"line":59,"column":7}},"6":{"start":{"line":33,"column":6},"end":{"line":36,"column":7}},"7":{"start":{"line":34,"column":8},"end":{"line":34,"column":61}},"8":{"start":{"line":35,"column":8},"end":{"line":35,"column":81}},"9":{"start":{"line":38,"column":24},"end":{"line":57,"column":9}},"10":{"start":{"line":38,"column":44},"end":{"line":57,"column":7}},"11":{"start":{"line":58,"column":6},"end":{"line":58,"column":38}},"12":{"start":{"line":61,"column":4},"end":{"line":61,"column":43}},"13":{"start":{"line":62,"column":4},"end":{"line":62,"column":58}},"14":{"start":{"line":66,"column":24},"end":{"line":140,"column":1}},"15":{"start":{"line":77,"column":6},"end":{"line":77,"column":14}},"16":{"start":{"line":79,"column":2},"end":{"line":139,"column":3}},"17":{"start":{"line":81,"column":31},"end":{"line":81,"column":88}},"18":{"start":{"line":83,"column":4},"end":{"line":135,"column":7}},"19":{"start":{"line":84,"column":6},"end":{"line":87,"column":7}},"20":{"start":{"line":85,"column":8},"end":{"line":85,"column":62}},"21":{"start":{"line":86,"column":8},"end":{"line":86,"column":81}},"22":{"start":{"line":89,"column":6},"end":{"line":91,"column":7}},"23":{"start":{"line":90,"column":8},"end":{"line":90,"column":85}},"24":{"start":{"line":94,"column":33},"end":{"line":94,"column":90}},"25":{"start":{"line":96,"column":6},"end":{"line":134,"column":9}},"26":{"start":{"line":97,"column":8},"end":{"line":100,"column":9}},"27":{"start":{"line":98,"column":10},"end":{"line":98,"column":65}},"28":{"start":{"line":99,"column":10},"end":{"line":99,"column":84}},"29":{"start":{"line":102,"column":8},"end":{"line":104,"column":9}},"30":{"start":{"line":103,"column":10},"end":{"line":103,"column":88}},"31":{"start":{"line":107,"column":28},"end":{"line":112,"column":9}},"32":{"start":{"line":114,"column":23},"end":{"line":117,"column":9}},"33":{"start":{"line":119,"column":8},"end":{"line":133,"column":11}},"34":{"start":{"line":120,"column":10},"end":{"line":123,"column":11}},"35":{"start":{"line":121,"column":12},"end":{"line":121,"column":78}},"36":{"start":{"line":122,"column":12},"end":{"line":122,"column":84}},"37":{"start":{"line":125,"column":10},"end":{"line":132,"column":13}},"38":{"start":{"line":126,"column":12},"end":{"line":129,"column":13}},"39":{"start":{"line":127,"column":14},"end":{"line":127,"column":80}},"40":{"start":{"line":128,"column":14},"end":{"line":128,"column":94}},"41":{"start":{"line":131,"column":12},"end":{"line":131,"column":82}},"42":{"start":{"line":137,"column":4},"end":{"line":137,"column":43}},"43":{"start":{"line":138,"column":4},"end":{"line":138,"column":58}},"44":{"start":{"line":142,"column":25},"end":{"line":220,"column":1}},"45":{"start":{"line":143,"column":13},"end":{"line":143,"column":26}},"46":{"start":{"line":145,"column":2},"end":{"line":219,"column":3}},"47":{"start":{"line":146,"column":18},"end":{"line":175,"column":5}},"48":{"start":{"line":177,"column":4},"end":{"line":215,"column":7}},"49":{"start":{"line":178,"column":6},"end":{"line":181,"column":7}},"50":{"start":{"line":179,"column":8},"end":{"line":179,"column":59}},"51":{"start":{"line":180,"column":8},"end":{"line":180,"column":78}},"52":{"start":{"line":183,"column":6},"end":{"line":185,"column":7}},"53":{"start":{"line":184,"column":8},"end":{"line":184,"column":75}},"54":{"start":{"line":187,"column":19},"end":{"line":187,"column":28}},"55":{"start":{"line":188,"column":24},"end":{"line":212,"column":7}},"56":{"start":{"line":214,"column":6},"end":{"line":214,"column":38}},"57":{"start":{"line":217,"column":4},"end":{"line":217,"column":43}},"58":{"start":{"line":218,"column":4},"end":{"line":218,"column":58}},"59":{"start":{"line":222,"column":24},"end":{"line":299,"column":1}},"60":{"start":{"line":223,"column":13},"end":{"line":223,"column":26}},"61":{"start":{"line":234,"column":6},"end":{"line":234,"column":14}},"62":{"start":{"line":236,"column":2},"end":{"line":298,"column":3}},"63":{"start":{"line":238,"column":23},"end":{"line":238,"column":86}},"64":{"start":{"line":240,"column":4},"end":{"line":294,"column":7}},"65":{"start":{"line":241,"column":6},"end":{"line":244,"column":7}},"66":{"start":{"line":242,"column":8},"end":{"line":242,"column":64}},"67":{"start":{"line":243,"column":8},"end":{"line":243,"column":83}},"68":{"start":{"line":246,"column":6},"end":{"line":248,"column":7}},"69":{"start":{"line":247,"column":8},"end":{"line":247,"column":75}},"70":{"start":{"line":251,"column":26},"end":{"line":264,"column":7}},"71":{"start":{"line":266,"column":21},"end":{"line":277,"column":7}},"72":{"start":{"line":279,"column":6},"end":{"line":293,"column":9}},"73":{"start":{"line":280,"column":8},"end":{"line":283,"column":9}},"74":{"start":{"line":281,"column":10},"end":{"line":281,"column":80}},"75":{"start":{"line":282,"column":10},"end":{"line":282,"column":82}},"76":{"start":{"line":285,"column":8},"end":{"line":292,"column":11}},"77":{"start":{"line":286,"column":10},"end":{"line":289,"column":11}},"78":{"start":{"line":287,"column":12},"end":{"line":287,"column":82}},"79":{"start":{"line":288,"column":12},"end":{"line":288,"column":85}},"80":{"start":{"line":291,"column":10},"end":{"line":291,"column":83}},"81":{"start":{"line":296,"column":4},"end":{"line":296,"column":43}},"82":{"start":{"line":297,"column":4},"end":{"line":297,"column":58}},"83":{"start":{"line":301,"column":24},"end":{"line":334,"column":1}},"84":{"start":{"line":302,"column":13},"end":{"line":302,"column":26}},"85":{"start":{"line":304,"column":2},"end":{"line":333,"column":3}},"86":{"start":{"line":306,"column":23},"end":{"line":306,"column":86}},"87":{"start":{"line":308,"column":4},"end":{"line":329,"column":7}},"88":{"start":{"line":309,"column":6},"end":{"line":312,"column":7}},"89":{"start":{"line":310,"column":8},"end":{"line":310,"column":64}},"90":{"start":{"line":311,"column":8},"end":{"line":311,"column":83}},"91":{"start":{"line":314,"column":6},"end":{"line":316,"column":7}},"92":{"start":{"line":315,"column":8},"end":{"line":315,"column":75}},"93":{"start":{"line":319,"column":26},"end":{"line":319,"column":75}},"94":{"start":{"line":321,"column":6},"end":{"line":328,"column":9}},"95":{"start":{"line":322,"column":8},"end":{"line":325,"column":9}},"96":{"start":{"line":323,"column":10},"end":{"line":323,"column":65}},"97":{"start":{"line":324,"column":10},"end":{"line":324,"column":84}},"98":{"start":{"line":327,"column":8},"end":{"line":327,"column":79}},"99":{"start":{"line":331,"column":4},"end":{"line":331,"column":43}},"100":{"start":{"line":332,"column":4},"end":{"line":332,"column":58}},"101":{"start":{"line":336,"column":22},"end":{"line":371,"column":1}},"102":{"start":{"line":337,"column":2},"end":{"line":370,"column":3}},"103":{"start":{"line":338,"column":18},"end":{"line":348,"column":5}},"104":{"start":{"line":350,"column":4},"end":{"line":366,"column":7}},"105":{"start":{"line":351,"column":6},"end":{"line":354,"column":7}},"106":{"start":{"line":352,"column":8},"end":{"line":352,"column":63}},"107":{"start":{"line":353,"column":8},"end":{"line":353,"column":83}},"108":{"start":{"line":356,"column":25},"end":{"line":363,"column":9}},"109":{"start":{"line":356,"column":45},"end":{"line":363,"column":7}},"110":{"start":{"line":365,"column":6},"end":{"line":365,"column":39}},"111":{"start":{"line":368,"column":4},"end":{"line":368,"column":43}},"112":{"start":{"line":369,"column":4},"end":{"line":369,"column":58}},"113":{"start":{"line":373,"column":31},"end":{"line":440,"column":1}},"114":{"start":{"line":374,"column":21},"end":{"line":374,"column":42}},"115":{"start":{"line":376,"column":2},"end":{"line":439,"column":3}},"116":{"start":{"line":377,"column":18},"end":{"line":401,"column":5}},"117":{"start":{"line":403,"column":4},"end":{"line":435,"column":7}},"118":{"start":{"line":404,"column":6},"end":{"line":407,"column":7}},"119":{"start":{"line":405,"column":8},"end":{"line":405,"column":73}},"120":{"start":{"line":406,"column":8},"end":{"line":406,"column":92}},"121":{"start":{"line":409,"column":6},"end":{"line":411,"column":7}},"122":{"start":{"line":410,"column":8},"end":{"line":410,"column":96}},"123":{"start":{"line":413,"column":24},"end":{"line":432,"column":9}},"124":{"start":{"line":413,"column":44},"end":{"line":432,"column":7}},"125":{"start":{"line":434,"column":6},"end":{"line":434,"column":38}},"126":{"start":{"line":437,"column":4},"end":{"line":437,"column":43}},"127":{"start":{"line":438,"column":4},"end":{"line":438,"column":58}},"128":{"start":{"line":442,"column":21},"end":{"line":477,"column":1}},"129":{"start":{"line":443,"column":2},"end":{"line":476,"column":3}},"130":{"start":{"line":444,"column":18},"end":{"line":454,"column":5}},"131":{"start":{"line":456,"column":4},"end":{"line":472,"column":7}},"132":{"start":{"line":457,"column":6},"end":{"line":460,"column":7}},"133":{"start":{"line":458,"column":8},"end":{"line":458,"column":61}},"134":{"start":{"line":459,"column":8},"end":{"line":459,"column":81}},"135":{"start":{"line":462,"column":24},"end":{"line":469,"column":9}},"136":{"start":{"line":462,"column":44},"end":{"line":469,"column":7}},"137":{"start":{"line":471,"column":6},"end":{"line":471,"column":38}},"138":{"start":{"line":474,"column":4},"end":{"line":474,"column":43}},"139":{"start":{"line":475,"column":4},"end":{"line":475,"column":58}},"140":{"start":{"line":479,"column":31},"end":{"line":546,"column":1}},"141":{"start":{"line":480,"column":20},"end":{"line":480,"column":40}},"142":{"start":{"line":482,"column":2},"end":{"line":545,"column":3}},"143":{"start":{"line":483,"column":18},"end":{"line":507,"column":5}},"144":{"start":{"line":509,"column":4},"end":{"line":541,"column":7}},"145":{"start":{"line":510,"column":6},"end":{"line":513,"column":7}},"146":{"start":{"line":511,"column":8},"end":{"line":511,"column":73}},"147":{"start":{"line":512,"column":8},"end":{"line":512,"column":92}},"148":{"start":{"line":515,"column":6},"end":{"line":517,"column":7}},"149":{"start":{"line":516,"column":8},"end":{"line":516,"column":96}},"150":{"start":{"line":519,"column":24},"end":{"line":538,"column":9}},"151":{"start":{"line":519,"column":44},"end":{"line":538,"column":7}},"152":{"start":{"line":540,"column":6},"end":{"line":540,"column":38}},"153":{"start":{"line":543,"column":4},"end":{"line":543,"column":43}},"154":{"start":{"line":544,"column":4},"end":{"line":544,"column":58}},"155":{"start":{"line":548,"column":0},"end":{"line":558,"column":2}}},"fnMap":{"0":{"name":"(anonymous_0)","decl":{"start":{"line":4,"column":21},"end":{"line":4,"column":22}},"loc":{"start":{"line":4,"column":41},"end":{"line":64,"column":1}},"line":4},"1":{"name":"(anonymous_1)","decl":{"start":{"line":32,"column":31},"end":{"line":32,"column":32}},"loc":{"start":{"line":32,"column":54},"end":{"line":59,"column":5}},"line":32},"2":{"name":"(anonymous_2)","decl":{"start":{"line":38,"column":35},"end":{"line":38,"column":36}},"loc":{"start":{"line":38,"column":44},"end":{"line":57,"column":7}},"line":38},"3":{"name":"(anonymous_3)","decl":{"start":{"line":66,"column":24},"end":{"line":66,"column":25}},"loc":{"start":{"line":66,"column":44},"end":{"line":140,"column":1}},"line":66},"4":{"name":"(anonymous_4)","decl":{"start":{"line":83,"column":54},"end":{"line":83,"column":55}},"loc":{"start":{"line":83,"column":79},"end":{"line":135,"column":5}},"line":83},"5":{"name":"(anonymous_5)","decl":{"start":{"line":96,"column":56},"end":{"line":96,"column":57}},"loc":{"start":{"line":96,"column":81},"end":{"line":134,"column":7}},"line":96},"6":{"name":"(anonymous_6)","decl":{"start":{"line":119,"column":40},"end":{"line":119,"column":41}},"loc":{"start":{"line":119,"column":60},"end":{"line":133,"column":9}},"line":119},"7":{"name":"(anonymous_7)","decl":{"start":{"line":125,"column":36},"end":{"line":125,"column":37}},"loc":{"start":{"line":125,"column":53},"end":{"line":132,"column":11}},"line":125},"8":{"name":"(anonymous_8)","decl":{"start":{"line":142,"column":25},"end":{"line":142,"column":26}},"loc":{"start":{"line":142,"column":45},"end":{"line":220,"column":1}},"line":142},"9":{"name":"(anonymous_9)","decl":{"start":{"line":177,"column":33},"end":{"line":177,"column":34}},"loc":{"start":{"line":177,"column":50},"end":{"line":215,"column":5}},"line":177},"10":{"name":"(anonymous_10)","decl":{"start":{"line":222,"column":24},"end":{"line":222,"column":25}},"loc":{"start":{"line":222,"column":44},"end":{"line":299,"column":1}},"line":222},"11":{"name":"(anonymous_11)","decl":{"start":{"line":240,"column":38},"end":{"line":240,"column":39}},"loc":{"start":{"line":240,"column":55},"end":{"line":294,"column":5}},"line":240},"12":{"name":"(anonymous_12)","decl":{"start":{"line":279,"column":38},"end":{"line":279,"column":39}},"loc":{"start":{"line":279,"column":58},"end":{"line":293,"column":7}},"line":279},"13":{"name":"(anonymous_13)","decl":{"start":{"line":285,"column":34},"end":{"line":285,"column":35}},"loc":{"start":{"line":285,"column":51},"end":{"line":292,"column":9}},"line":285},"14":{"name":"(anonymous_14)","decl":{"start":{"line":301,"column":24},"end":{"line":301,"column":25}},"loc":{"start":{"line":301,"column":44},"end":{"line":334,"column":1}},"line":301},"15":{"name":"(anonymous_15)","decl":{"start":{"line":308,"column":38},"end":{"line":308,"column":39}},"loc":{"start":{"line":308,"column":55},"end":{"line":329,"column":5}},"line":308},"16":{"name":"(anonymous_16)","decl":{"start":{"line":321,"column":41},"end":{"line":321,"column":42}},"loc":{"start":{"line":321,"column":58},"end":{"line":328,"column":7}},"line":321},"17":{"name":"(anonymous_17)","decl":{"start":{"line":336,"column":22},"end":{"line":336,"column":23}},"loc":{"start":{"line":336,"column":42},"end":{"line":371,"column":1}},"line":336},"18":{"name":"(anonymous_18)","decl":{"start":{"line":350,"column":31},"end":{"line":350,"column":32}},"loc":{"start":{"line":350,"column":54},"end":{"line":366,"column":5}},"line":350},"19":{"name":"(anonymous_19)","decl":{"start":{"line":356,"column":36},"end":{"line":356,"column":37}},"loc":{"start":{"line":356,"column":45},"end":{"line":363,"column":7}},"line":356},"20":{"name":"(anonymous_20)","decl":{"start":{"line":373,"column":31},"end":{"line":373,"column":32}},"loc":{"start":{"line":373,"column":51},"end":{"line":440,"column":1}},"line":373},"21":{"name":"(anonymous_21)","decl":{"start":{"line":403,"column":41},"end":{"line":403,"column":42}},"loc":{"start":{"line":403,"column":58},"end":{"line":435,"column":5}},"line":403},"22":{"name":"(anonymous_22)","decl":{"start":{"line":413,"column":35},"end":{"line":413,"column":36}},"loc":{"start":{"line":413,"column":44},"end":{"line":432,"column":7}},"line":413},"23":{"name":"(anonymous_23)","decl":{"start":{"line":442,"column":21},"end":{"line":442,"column":22}},"loc":{"start":{"line":442,"column":41},"end":{"line":477,"column":1}},"line":442},"24":{"name":"(anonymous_24)","decl":{"start":{"line":456,"column":31},"end":{"line":456,"column":32}},"loc":{"start":{"line":456,"column":54},"end":{"line":472,"column":5}},"line":456},"25":{"name":"(anonymous_25)","decl":{"start":{"line":462,"column":35},"end":{"line":462,"column":36}},"loc":{"start":{"line":462,"column":44},"end":{"line":469,"column":7}},"line":462},"26":{"name":"(anonymous_26)","decl":{"start":{"line":479,"column":31},"end":{"line":479,"column":32}},"loc":{"start":{"line":479,"column":51},"end":{"line":546,"column":1}},"line":479},"27":{"name":"(anonymous_27)","decl":{"start":{"line":509,"column":40},"end":{"line":509,"column":41}},"loc":{"start":{"line":509,"column":57},"end":{"line":541,"column":5}},"line":509},"28":{"name":"(anonymous_28)","decl":{"start":{"line":519,"column":35},"end":{"line":519,"column":36}},"loc":{"start":{"line":519,"column":44},"end":{"line":538,"column":7}},"line":519}},"branchMap":{"0":{"loc":{"start":{"line":33,"column":6},"end":{"line":36,"column":7}},"type":"if","locations":[{"start":{"line":33,"column":6},"end":{"line":36,"column":7}},{"start":{},"end":{}}],"line":33},"1":{"loc":{"start":{"line":84,"column":6},"end":{"line":87,"column":7}},"type":"if","locations":[{"start":{"line":84,"column":6},"end":{"line":87,"column":7}},{"start":{},"end":{}}],"line":84},"2":{"loc":{"start":{"line":89,"column":6},"end":{"line":91,"column":7}},"type":"if","locations":[{"start":{"line":89,"column":6},"end":{"line":91,"column":7}},{"start":{},"end":{}}],"line":89},"3":{"loc":{"start":{"line":97,"column":8},"end":{"line":100,"column":9}},"type":"if","locations":[{"start":{"line":97,"column":8},"end":{"line":100,"column":9}},{"start":{},"end":{}}],"line":97},"4":{"loc":{"start":{"line":102,"column":8},"end":{"line":104,"column":9}},"type":"if","locations":[{"start":{"line":102,"column":8},"end":{"line":104,"column":9}},{"start":{},"end":{}}],"line":102},"5":{"loc":{"start":{"line":120,"column":10},"end":{"line":123,"column":11}},"type":"if","locations":[{"start":{"line":120,"column":10},"end":{"line":123,"column":11}},{"start":{},"end":{}}],"line":120},"6":{"loc":{"start":{"line":126,"column":12},"end":{"line":129,"column":13}},"type":"if","locations":[{"start":{"line":126,"column":12},"end":{"line":129,"column":13}},{"start":{},"end":{}}],"line":126},"7":{"loc":{"start":{"line":178,"column":6},"end":{"line":181,"column":7}},"type":"if","locations":[{"start":{"line":178,"column":6},"end":{"line":181,"column":7}},{"start":{},"end":{}}],"line":178},"8":{"loc":{"start":{"line":183,"column":6},"end":{"line":185,"column":7}},"type":"if","locations":[{"start":{"line":183,"column":6},"end":{"line":185,"column":7}},{"start":{},"end":{}}],"line":183},"9":{"loc":{"start":{"line":241,"column":6},"end":{"line":244,"column":7}},"type":"if","locations":[{"start":{"line":241,"column":6},"end":{"line":244,"column":7}},{"start":{},"end":{}}],"line":241},"10":{"loc":{"start":{"line":246,"column":6},"end":{"line":248,"column":7}},"type":"if","locations":[{"start":{"line":246,"column":6},"end":{"line":248,"column":7}},{"start":{},"end":{}}],"line":246},"11":{"loc":{"start":{"line":280,"column":8},"end":{"line":283,"column":9}},"type":"if","locations":[{"start":{"line":280,"column":8},"end":{"line":283,"column":9}},{"start":{},"end":{}}],"line":280},"12":{"loc":{"start":{"line":286,"column":10},"end":{"line":289,"column":11}},"type":"if","locations":[{"start":{"line":286,"column":10},"end":{"line":289,"column":11}},{"start":{},"end":{}}],"line":286},"13":{"loc":{"start":{"line":309,"column":6},"end":{"line":312,"column":7}},"type":"if","locations":[{"start":{"line":309,"column":6},"end":{"line":312,"column":7}},{"start":{},"end":{}}],"line":309},"14":{"loc":{"start":{"line":314,"column":6},"end":{"line":316,"column":7}},"type":"if","locations":[{"start":{"line":314,"column":6},"end":{"line":316,"column":7}},{"start":{},"end":{}}],"line":314},"15":{"loc":{"start":{"line":322,"column":8},"end":{"line":325,"column":9}},"type":"if","locations":[{"start":{"line":322,"column":8},"end":{"line":325,"column":9}},{"start":{},"end":{}}],"line":322},"16":{"loc":{"start":{"line":351,"column":6},"end":{"line":354,"column":7}},"type":"if","locations":[{"start":{"line":351,"column":6},"end":{"line":354,"column":7}},{"start":{},"end":{}}],"line":351},"17":{"loc":{"start":{"line":404,"column":6},"end":{"line":407,"column":7}},"type":"if","locations":[{"start":{"line":404,"column":6},"end":{"line":407,"column":7}},{"start":{},"end":{}}],"line":404},"18":{"loc":{"start":{"line":409,"column":6},"end":{"line":411,"column":7}},"type":"if","locations":[{"start":{"line":409,"column":6},"end":{"line":411,"column":7}},{"start":{},"end":{}}],"line":409},"19":{"loc":{"start":{"line":457,"column":6},"end":{"line":460,"column":7}},"type":"if","locations":[{"start":{"line":457,"column":6},"end":{"line":460,"column":7}},{"start":{},"end":{}}],"line":457},"20":{"loc":{"start":{"line":510,"column":6},"end":{"line":513,"column":7}},"type":"if","locations":[{"start":{"line":510,"column":6},"end":{"line":513,"column":7}},{"start":{},"end":{}}],"line":510},"21":{"loc":{"start":{"line":515,"column":6},"end":{"line":517,"column":7}},"type":"if","locations":[{"start":{"line":515,"column":6},"end":{"line":517,"column":7}},{"start":{},"end":{}}],"line":515}},"s":{"0":1,"1":1,"2":1,"3":2,"4":2,"5":2,"6":2,"7":1,"8":1,"9":1,"10":1,"11":1,"12":0,"13":0,"14":1,"15":2,"16":2,"17":2,"18":2,"19":2,"20":0,"21":0,"22":2,"23":1,"24":1,"25":1,"26":1,"27":0,"28":0,"29":1,"30":0,"31":1,"32":1,"33":1,"34":1,"35":0,"36":0,"37":1,"38":1,"39":0,"40":0,"41":1,"42":0,"43":0,"44":1,"45":3,"46":3,"47":3,"48":3,"49":3,"50":1,"51":1,"52":2,"53":1,"54":1,"55":1,"56":1,"57":0,"58":0,"59":1,"60":3,"61":3,"62":3,"63":3,"64":3,"65":3,"66":0,"67":0,"68":3,"69":2,"70":1,"71":1,"72":1,"73":1,"74":0,"75":0,"76":1,"77":1,"78":0,"79":0,"80":1,"81":0,"82":0,"83":1,"84":1,"85":1,"86":1,"87":1,"88":1,"89":0,"90":0,"91":1,"92":0,"93":1,"94":1,"95":1,"96":0,"97":0,"98":1,"99":0,"100":0,"101":1,"102":0,"103":0,"104":0,"105":0,"106":0,"107":0,"108":0,"109":0,"110":0,"111":0,"112":0,"113":1,"114":0,"115":0,"116":0,"117":0,"118":0,"119":0,"120":0,"121":0,"122":0,"123":0,"124":0,"125":0,"126":0,"127":0,"128":1,"129":0,"130":0,"131":0,"132":0,"133":0,"134":0,"135":0,"136":0,"137":0,"138":0,"139":0,"140":1,"141":0,"142":0,"143":0,"144":0,"145":0,"146":0,"147":0,"148":0,"149":0,"150":0,"151":0,"152":0,"153":0,"154":0,"155":1},"f":{"0":2,"1":2,"2":1,"3":2,"4":2,"5":1,"6":1,"7":1,"8":3,"9":3,"10":3,"11":3,"12":1,"13":1,"14":1,"15":1,"16":1,"17":0,"18":0,"19":0,"20":0,"21":0,"22":0,"23":0,"24":0,"25":0,"26":0,"27":0,"28":0},"b":{"0":[1,1],"1":[0,2],"2":[1,1],"3":[0,1],"4":[0,1],"5":[0,1],"6":[0,1],"7":[1,2],"8":[1,1],"9":[0,3],"10":[2,1],"11":[0,1],"12":[0,1],"13":[0,1],"14":[0,1],"15":[0,1],"16":[0,0],"17":[0,0],"18":[0,0],"19":[0,0],"20":[0,0],"21":[0,0]},"_coverageSchema":"1a1c01bbd47fc00a2c39e90264f33305004495a9","hash":"11a849f583aca6b4a07ec725602788e3029c17e2"}
,"C:\\Users\\Yazmin Alcazar\\Downloads\\Axel_Main\\Sapitos-2.0\\backend\\controllers\\pedidosController.js": {"path":"C:\\Users\\Yazmin Alcazar\\Downloads\\Axel_Main\\Sapitos-2.0\\backend\\controllers\\pedidosController.js","statementMap":{"0":{"start":{"line":1,"column":23},"end":{"line":1,"column":46}},"1":{"start":{"line":3,"column":18},"end":{"line":63,"column":1}},"2":{"start":{"line":4,"column":2},"end":{"line":62,"column":3}},"3":{"start":{"line":5,"column":18},"end":{"line":29,"column":5}},"4":{"start":{"line":31,"column":4},"end":{"line":58,"column":7}},"5":{"start":{"line":32,"column":6},"end":{"line":35,"column":7}},"6":{"start":{"line":33,"column":8},"end":{"line":33,"column":60}},"7":{"start":{"line":34,"column":8},"end":{"line":34,"column":101}},"8":{"start":{"line":37,"column":24},"end":{"line":55,"column":9}},"9":{"start":{"line":37,"column":77},"end":{"line":55,"column":7}},"10":{"start":{"line":57,"column":6},"end":{"line":57,"column":38}},"11":{"start":{"line":60,"column":4},"end":{"line":60,"column":43}},"12":{"start":{"line":61,"column":4},"end":{"line":61,"column":58}},"13":{"start":{"line":65,"column":21},"end":{"line":320,"column":1}},"14":{"start":{"line":66,"column":2},"end":{"line":319,"column":3}},"15":{"start":{"line":75,"column":8},"end":{"line":75,"column":16}},"16":{"start":{"line":78,"column":4},"end":{"line":88,"column":5}},"17":{"start":{"line":79,"column":6},"end":{"line":87,"column":9}},"18":{"start":{"line":90,"column":4},"end":{"line":98,"column":7}},"19":{"start":{"line":99,"column":29},"end":{"line":110,"column":5}},"20":{"start":{"line":112,"column":31},"end":{"line":133,"column":6}},"21":{"start":{"line":113,"column":6},"end":{"line":132,"column":8}},"22":{"start":{"line":116,"column":10},"end":{"line":130,"column":11}},"23":{"start":{"line":117,"column":12},"end":{"line":117,"column":59}},"24":{"start":{"line":118,"column":12},"end":{"line":118,"column":24}},"25":{"start":{"line":120,"column":12},"end":{"line":129,"column":15}},"26":{"start":{"line":121,"column":14},"end":{"line":128,"column":15}},"27":{"start":{"line":122,"column":16},"end":{"line":122,"column":69}},"28":{"start":{"line":123,"column":16},"end":{"line":123,"column":29}},"29":{"start":{"line":125,"column":32},"end":{"line":125,"column":74}},"30":{"start":{"line":126,"column":16},"end":{"line":126,"column":61}},"31":{"start":{"line":127,"column":16},"end":{"line":127,"column":33}},"32":{"start":{"line":135,"column":20},"end":{"line":135,"column":44}},"33":{"start":{"line":137,"column":4},"end":{"line":139,"column":5}},"34":{"start":{"line":138,"column":6},"end":{"line":138,"column":69}},"35":{"start":{"line":141,"column":30},"end":{"line":141,"column":31}},"36":{"start":{"line":142,"column":29},"end":{"line":142,"column":31}},"37":{"start":{"line":144,"column":4},"end":{"line":283,"column":5}},"38":{"start":{"line":144,"column":17},"end":{"line":144,"column":18}},"39":{"start":{"line":145,"column":23},"end":{"line":145,"column":35}},"40":{"start":{"line":147,"column":6},"end":{"line":282,"column":7}},"41":{"start":{"line":148,"column":8},"end":{"line":148,"column":63}},"42":{"start":{"line":149,"column":38},"end":{"line":156,"column":9}},"43":{"start":{"line":158,"column":33},"end":{"line":168,"column":10}},"44":{"start":{"line":159,"column":10},"end":{"line":167,"column":13}},"45":{"start":{"line":160,"column":12},"end":{"line":166,"column":13}},"46":{"start":{"line":161,"column":14},"end":{"line":161,"column":101}},"47":{"start":{"line":162,"column":14},"end":{"line":162,"column":26}},"48":{"start":{"line":164,"column":14},"end":{"line":164,"column":105}},"49":{"start":{"line":165,"column":14},"end":{"line":165,"column":30}},"50":{"start":{"line":172,"column":8},"end":{"line":250,"column":9}},"51":{"start":{"line":174,"column":10},"end":{"line":174,"column":132}},"52":{"start":{"line":177,"column":37},"end":{"line":177,"column":94}},"53":{"start":{"line":178,"column":33},"end":{"line":187,"column":12}},"54":{"start":{"line":179,"column":12},"end":{"line":186,"column":15}},"55":{"start":{"line":180,"column":14},"end":{"line":185,"column":15}},"56":{"start":{"line":181,"column":16},"end":{"line":181,"column":90}},"57":{"start":{"line":182,"column":16},"end":{"line":182,"column":28}},"58":{"start":{"line":184,"column":16},"end":{"line":184,"column":53}},"59":{"start":{"line":189,"column":10},"end":{"line":192,"column":11}},"60":{"start":{"line":190,"column":12},"end":{"line":190,"column":102}},"61":{"start":{"line":191,"column":12},"end":{"line":191,"column":21}},"62":{"start":{"line":195,"column":37},"end":{"line":195,"column":89}},"63":{"start":{"line":196,"column":33},"end":{"line":205,"column":12}},"64":{"start":{"line":197,"column":12},"end":{"line":204,"column":15}},"65":{"start":{"line":198,"column":14},"end":{"line":203,"column":15}},"66":{"start":{"line":199,"column":16},"end":{"line":199,"column":88}},"67":{"start":{"line":200,"column":16},"end":{"line":200,"column":28}},"68":{"start":{"line":202,"column":16},"end":{"line":202,"column":32}},"69":{"start":{"line":207,"column":10},"end":{"line":210,"column":11}},"70":{"start":{"line":208,"column":12},"end":{"line":208,"column":96}},"71":{"start":{"line":209,"column":12},"end":{"line":209,"column":21}},"72":{"start":{"line":212,"column":29},"end":{"line":212,"column":58}},"73":{"start":{"line":215,"column":40},"end":{"line":224,"column":11}},"74":{"start":{"line":226,"column":34},"end":{"line":245,"column":12}},"75":{"start":{"line":227,"column":12},"end":{"line":244,"column":15}},"76":{"start":{"line":228,"column":14},"end":{"line":243,"column":15}},"77":{"start":{"line":229,"column":16},"end":{"line":229,"column":102}},"78":{"start":{"line":230,"column":16},"end":{"line":230,"column":28}},"79":{"start":{"line":233,"column":16},"end":{"line":242,"column":19}},"80":{"start":{"line":234,"column":18},"end":{"line":241,"column":19}},"81":{"start":{"line":235,"column":20},"end":{"line":235,"column":85}},"82":{"start":{"line":236,"column":20},"end":{"line":236,"column":33}},"83":{"start":{"line":238,"column":34},"end":{"line":238,"column":72}},"84":{"start":{"line":239,"column":20},"end":{"line":239,"column":76}},"85":{"start":{"line":240,"column":20},"end":{"line":240,"column":35}},"86":{"start":{"line":247,"column":10},"end":{"line":247,"column":41}},"87":{"start":{"line":249,"column":10},"end":{"line":249,"column":59}},"88":{"start":{"line":252,"column":8},"end":{"line":252,"column":106}},"89":{"start":{"line":254,"column":36},"end":{"line":261,"column":9}},"90":{"start":{"line":263,"column":8},"end":{"line":277,"column":11}},"91":{"start":{"line":264,"column":10},"end":{"line":276,"column":12}},"92":{"start":{"line":267,"column":14},"end":{"line":274,"column":15}},"93":{"start":{"line":268,"column":16},"end":{"line":268,"column":89}},"94":{"start":{"line":269,"column":16},"end":{"line":269,"column":28}},"95":{"start":{"line":271,"column":16},"end":{"line":271,"column":86}},"96":{"start":{"line":272,"column":16},"end":{"line":272,"column":38}},"97":{"start":{"line":273,"column":16},"end":{"line":273,"column":32}},"98":{"start":{"line":280,"column":8},"end":{"line":280,"column":82}},"99":{"start":{"line":281,"column":8},"end":{"line":281,"column":92}},"100":{"start":{"line":284,"column":4},"end":{"line":295,"column":5}},"101":{"start":{"line":285,"column":6},"end":{"line":289,"column":9}},"102":{"start":{"line":286,"column":8},"end":{"line":288,"column":11}},"103":{"start":{"line":287,"column":10},"end":{"line":287,"column":20}},"104":{"start":{"line":291,"column":6},"end":{"line":294,"column":9}},"105":{"start":{"line":297,"column":21},"end":{"line":303,"column":5}},"106":{"start":{"line":305,"column":4},"end":{"line":307,"column":5}},"107":{"start":{"line":306,"column":6},"end":{"line":306,"column":47}},"108":{"start":{"line":309,"column":4},"end":{"line":309,"column":57}},"109":{"start":{"line":310,"column":4},"end":{"line":310,"column":35}},"110":{"start":{"line":313,"column":4},"end":{"line":313,"column":59}},"111":{"start":{"line":314,"column":4},"end":{"line":318,"column":7}},"112":{"start":{"line":322,"column":21},"end":{"line":352,"column":1}},"113":{"start":{"line":323,"column":17},"end":{"line":323,"column":27}},"114":{"start":{"line":325,"column":2},"end":{"line":327,"column":3}},"115":{"start":{"line":326,"column":4},"end":{"line":326,"column":68}},"116":{"start":{"line":329,"column":2},"end":{"line":351,"column":3}},"117":{"start":{"line":330,"column":4},"end":{"line":330,"column":35}},"118":{"start":{"line":333,"column":21},"end":{"line":333,"column":100}},"119":{"start":{"line":334,"column":4},"end":{"line":337,"column":5}},"120":{"start":{"line":335,"column":6},"end":{"line":335,"column":40}},"121":{"start":{"line":336,"column":6},"end":{"line":336,"column":69}},"122":{"start":{"line":340,"column":4},"end":{"line":340,"column":84}},"123":{"start":{"line":343,"column":4},"end":{"line":343,"column":75}},"124":{"start":{"line":345,"column":4},"end":{"line":345,"column":36}},"125":{"start":{"line":346,"column":4},"end":{"line":346,"column":71}},"126":{"start":{"line":348,"column":4},"end":{"line":348,"column":38}},"127":{"start":{"line":349,"column":4},"end":{"line":349,"column":54}},"128":{"start":{"line":350,"column":4},"end":{"line":350,"column":67}},"129":{"start":{"line":354,"column":21},"end":{"line":399,"column":1}},"130":{"start":{"line":355,"column":17},"end":{"line":355,"column":27}},"131":{"start":{"line":356,"column":31},"end":{"line":356,"column":39}},"132":{"start":{"line":358,"column":2},"end":{"line":360,"column":3}},"133":{"start":{"line":359,"column":4},"end":{"line":359,"column":68}},"134":{"start":{"line":362,"column":2},"end":{"line":398,"column":3}},"135":{"start":{"line":363,"column":4},"end":{"line":367,"column":5}},"136":{"start":{"line":364,"column":6},"end":{"line":366,"column":9}},"137":{"start":{"line":369,"column":19},"end":{"line":369,"column":21}},"138":{"start":{"line":370,"column":20},"end":{"line":370,"column":22}},"139":{"start":{"line":372,"column":21},"end":{"line":377,"column":5}},"140":{"start":{"line":379,"column":4},"end":{"line":385,"column":5}},"141":{"start":{"line":380,"column":6},"end":{"line":384,"column":7}},"142":{"start":{"line":381,"column":24},"end":{"line":381,"column":44}},"143":{"start":{"line":382,"column":8},"end":{"line":382,"column":38}},"144":{"start":{"line":383,"column":8},"end":{"line":383,"column":28}},"145":{"start":{"line":387,"column":4},"end":{"line":389,"column":5}},"146":{"start":{"line":388,"column":6},"end":{"line":388,"column":77}},"147":{"start":{"line":391,"column":18},"end":{"line":391,"column":79}},"148":{"start":{"line":392,"column":19},"end":{"line":392,"column":65}},"149":{"start":{"line":394,"column":4},"end":{"line":394,"column":73}},"150":{"start":{"line":396,"column":4},"end":{"line":396,"column":56}},"151":{"start":{"line":397,"column":4},"end":{"line":397,"column":69}},"152":{"start":{"line":401,"column":23},"end":{"line":432,"column":1}},"153":{"start":{"line":402,"column":2},"end":{"line":431,"column":3}},"154":{"start":{"line":403,"column":18},"end":{"line":413,"column":5}},"155":{"start":{"line":415,"column":4},"end":{"line":427,"column":7}},"156":{"start":{"line":416,"column":6},"end":{"line":419,"column":7}},"157":{"start":{"line":417,"column":8},"end":{"line":417,"column":60}},"158":{"start":{"line":418,"column":8},"end":{"line":418,"column":101}},"159":{"start":{"line":421,"column":37},"end":{"line":424,"column":9}},"160":{"start":{"line":421,"column":70},"end":{"line":424,"column":7}},"161":{"start":{"line":426,"column":6},"end":{"line":426,"column":51}},"162":{"start":{"line":429,"column":4},"end":{"line":429,"column":43}},"163":{"start":{"line":430,"column":4},"end":{"line":430,"column":58}},"164":{"start":{"line":434,"column":33},"end":{"line":487,"column":1}},"165":{"start":{"line":435,"column":30},"end":{"line":435,"column":40}},"166":{"start":{"line":437,"column":2},"end":{"line":439,"column":3}},"167":{"start":{"line":438,"column":4},"end":{"line":438,"column":76}},"168":{"start":{"line":441,"column":2},"end":{"line":486,"column":3}},"169":{"start":{"line":442,"column":18},"end":{"line":459,"column":5}},"170":{"start":{"line":461,"column":4},"end":{"line":482,"column":7}},"171":{"start":{"line":462,"column":6},"end":{"line":465,"column":7}},"172":{"start":{"line":463,"column":8},"end":{"line":463,"column":58}},"173":{"start":{"line":464,"column":8},"end":{"line":464,"column":99}},"174":{"start":{"line":467,"column":35},"end":{"line":479,"column":9}},"175":{"start":{"line":467,"column":67},"end":{"line":479,"column":7}},"176":{"start":{"line":481,"column":6},"end":{"line":481,"column":49}},"177":{"start":{"line":484,"column":4},"end":{"line":484,"column":43}},"178":{"start":{"line":485,"column":4},"end":{"line":485,"column":58}},"179":{"start":{"line":490,"column":22},"end":{"line":530,"column":1}},"180":{"start":{"line":491,"column":17},"end":{"line":491,"column":27}},"181":{"start":{"line":493,"column":2},"end":{"line":495,"column":3}},"182":{"start":{"line":494,"column":4},"end":{"line":494,"column":68}},"183":{"start":{"line":497,"column":2},"end":{"line":529,"column":3}},"184":{"start":{"line":499,"column":21},"end":{"line":501,"column":12}},"185":{"start":{"line":503,"column":4},"end":{"line":505,"column":5}},"186":{"start":{"line":504,"column":6},"end":{"line":504,"column":69}},"187":{"start":{"line":507,"column":4},"end":{"line":509,"column":5}},"188":{"start":{"line":508,"column":6},"end":{"line":508,"column":99}},"189":{"start":{"line":511,"column":4},"end":{"line":511,"column":35}},"190":{"start":{"line":514,"column":4},"end":{"line":520,"column":13}},"191":{"start":{"line":522,"column":4},"end":{"line":522,"column":36}},"192":{"start":{"line":524,"column":4},"end":{"line":524,"column":70}},"193":{"start":{"line":526,"column":4},"end":{"line":526,"column":38}},"194":{"start":{"line":527,"column":4},"end":{"line":527,"column":53}},"195":{"start":{"line":528,"column":4},"end":{"line":528,"column":66}},"196":{"start":{"line":533,"column":23},"end":{"line":601,"column":1}},"197":{"start":{"line":534,"column":17},"end":{"line":534,"column":27}},"198":{"start":{"line":536,"column":2},"end":{"line":538,"column":3}},"199":{"start":{"line":537,"column":4},"end":{"line":537,"column":68}},"200":{"start":{"line":540,"column":2},"end":{"line":600,"column":3}},"201":{"start":{"line":542,"column":21},"end":{"line":544,"column":12}},"202":{"start":{"line":546,"column":4},"end":{"line":548,"column":5}},"203":{"start":{"line":547,"column":6},"end":{"line":547,"column":69}},"204":{"start":{"line":550,"column":4},"end":{"line":552,"column":5}},"205":{"start":{"line":551,"column":6},"end":{"line":551,"column":97}},"206":{"start":{"line":554,"column":4},"end":{"line":554,"column":35}},"207":{"start":{"line":556,"column":22},"end":{"line":565,"column":12}},"208":{"start":{"line":568,"column":4},"end":{"line":576,"column":5}},"209":{"start":{"line":569,"column":6},"end":{"line":575,"column":73}},"210":{"start":{"line":578,"column":4},"end":{"line":588,"column":13}},"211":{"start":{"line":590,"column":4},"end":{"line":590,"column":36}},"212":{"start":{"line":592,"column":4},"end":{"line":595,"column":7}},"213":{"start":{"line":597,"column":4},"end":{"line":597,"column":38}},"214":{"start":{"line":598,"column":4},"end":{"line":598,"column":67}},"215":{"start":{"line":599,"column":4},"end":{"line":599,"column":69}},"216":{"start":{"line":604,"column":26},"end":{"line":649,"column":1}},"217":{"start":{"line":605,"column":17},"end":{"line":605,"column":27}},"218":{"start":{"line":606,"column":22},"end":{"line":606,"column":30}},"219":{"start":{"line":608,"column":2},"end":{"line":610,"column":3}},"220":{"start":{"line":609,"column":4},"end":{"line":609,"column":68}},"221":{"start":{"line":612,"column":2},"end":{"line":614,"column":3}},"222":{"start":{"line":613,"column":4},"end":{"line":613,"column":64}},"223":{"start":{"line":616,"column":2},"end":{"line":648,"column":3}},"224":{"start":{"line":618,"column":25},"end":{"line":623,"column":6}},"225":{"start":{"line":619,"column":6},"end":{"line":622,"column":9}},"226":{"start":{"line":620,"column":8},"end":{"line":621,"column":29}},"227":{"start":{"line":620,"column":17},"end":{"line":620,"column":29}},"228":{"start":{"line":621,"column":13},"end":{"line":621,"column":29}},"229":{"start":{"line":625,"column":19},"end":{"line":625,"column":34}},"230":{"start":{"line":626,"column":4},"end":{"line":628,"column":5}},"231":{"start":{"line":627,"column":6},"end":{"line":627,"column":69}},"232":{"start":{"line":631,"column":4},"end":{"line":638,"column":7}},"233":{"start":{"line":632,"column":6},"end":{"line":637,"column":9}},"234":{"start":{"line":635,"column":8},"end":{"line":636,"column":29}},"235":{"start":{"line":635,"column":17},"end":{"line":635,"column":29}},"236":{"start":{"line":636,"column":13},"end":{"line":636,"column":29}},"237":{"start":{"line":640,"column":4},"end":{"line":643,"column":7}},"238":{"start":{"line":646,"column":4},"end":{"line":646,"column":57}},"239":{"start":{"line":647,"column":4},"end":{"line":647,"column":81}},"240":{"start":{"line":650,"column":28},"end":{"line":689,"column":1}},"241":{"start":{"line":651,"column":21},"end":{"line":651,"column":31}},"242":{"start":{"line":653,"column":2},"end":{"line":655,"column":3}},"243":{"start":{"line":654,"column":4},"end":{"line":654,"column":77}},"244":{"start":{"line":657,"column":2},"end":{"line":688,"column":3}},"245":{"start":{"line":658,"column":4},"end":{"line":684,"column":7}},"246":{"start":{"line":679,"column":6},"end":{"line":682,"column":7}},"247":{"start":{"line":680,"column":8},"end":{"line":680,"column":70}},"248":{"start":{"line":681,"column":8},"end":{"line":681,"column":75}},"249":{"start":{"line":683,"column":6},"end":{"line":683,"column":41}},"250":{"start":{"line":686,"column":4},"end":{"line":686,"column":68}},"251":{"start":{"line":687,"column":4},"end":{"line":687,"column":64}},"252":{"start":{"line":693,"column":26},"end":{"line":725,"column":1}},"253":{"start":{"line":694,"column":17},"end":{"line":694,"column":27}},"254":{"start":{"line":696,"column":2},"end":{"line":698,"column":3}},"255":{"start":{"line":697,"column":4},"end":{"line":697,"column":68}},"256":{"start":{"line":700,"column":2},"end":{"line":724,"column":3}},"257":{"start":{"line":701,"column":4},"end":{"line":720,"column":7}},"258":{"start":{"line":715,"column":6},"end":{"line":718,"column":7}},"259":{"start":{"line":716,"column":8},"end":{"line":716,"column":68}},"260":{"start":{"line":717,"column":8},"end":{"line":717,"column":76}},"261":{"start":{"line":719,"column":6},"end":{"line":719,"column":41}},"262":{"start":{"line":722,"column":4},"end":{"line":722,"column":66}},"263":{"start":{"line":723,"column":4},"end":{"line":723,"column":65}},"264":{"start":{"line":730,"column":26},"end":{"line":951,"column":1}},"265":{"start":{"line":731,"column":17},"end":{"line":731,"column":27}},"266":{"start":{"line":733,"column":2},"end":{"line":735,"column":3}},"267":{"start":{"line":734,"column":4},"end":{"line":734,"column":68}},"268":{"start":{"line":736,"column":2},"end":{"line":950,"column":3}},"269":{"start":{"line":737,"column":31},"end":{"line":737,"column":105}},"270":{"start":{"line":738,"column":32},"end":{"line":743,"column":6}},"271":{"start":{"line":739,"column":6},"end":{"line":742,"column":9}},"272":{"start":{"line":740,"column":8},"end":{"line":741,"column":29}},"273":{"start":{"line":740,"column":17},"end":{"line":740,"column":29}},"274":{"start":{"line":741,"column":13},"end":{"line":741,"column":29}},"275":{"start":{"line":744,"column":4},"end":{"line":746,"column":5}},"276":{"start":{"line":745,"column":6},"end":{"line":745,"column":168}},"277":{"start":{"line":747,"column":36},"end":{"line":747,"column":70}},"278":{"start":{"line":748,"column":32},"end":{"line":748,"column":61}},"279":{"start":{"line":750,"column":25},"end":{"line":755,"column":6}},"280":{"start":{"line":751,"column":6},"end":{"line":754,"column":9}},"281":{"start":{"line":752,"column":8},"end":{"line":753,"column":29}},"282":{"start":{"line":752,"column":17},"end":{"line":752,"column":29}},"283":{"start":{"line":753,"column":13},"end":{"line":753,"column":29}},"284":{"start":{"line":757,"column":19},"end":{"line":757,"column":34}},"285":{"start":{"line":758,"column":4},"end":{"line":760,"column":5}},"286":{"start":{"line":759,"column":6},"end":{"line":759,"column":69}},"287":{"start":{"line":762,"column":19},"end":{"line":762,"column":69}},"288":{"start":{"line":763,"column":4},"end":{"line":767,"column":5}},"289":{"start":{"line":764,"column":6},"end":{"line":766,"column":9}},"290":{"start":{"line":769,"column":4},"end":{"line":769,"column":132}},"291":{"start":{"line":771,"column":36},"end":{"line":771,"column":104}},"292":{"start":{"line":772,"column":31},"end":{"line":783,"column":6}},"293":{"start":{"line":773,"column":6},"end":{"line":782,"column":9}},"294":{"start":{"line":774,"column":8},"end":{"line":781,"column":9}},"295":{"start":{"line":775,"column":10},"end":{"line":775,"column":73}},"296":{"start":{"line":776,"column":10},"end":{"line":776,"column":22}},"297":{"start":{"line":778,"column":24},"end":{"line":778,"column":65}},"298":{"start":{"line":779,"column":10},"end":{"line":779,"column":84}},"299":{"start":{"line":780,"column":10},"end":{"line":780,"column":25}},"300":{"start":{"line":785,"column":4},"end":{"line":787,"column":5}},"301":{"start":{"line":786,"column":6},"end":{"line":786,"column":117}},"302":{"start":{"line":789,"column":31},"end":{"line":804,"column":6}},"303":{"start":{"line":790,"column":6},"end":{"line":803,"column":9}},"304":{"start":{"line":796,"column":8},"end":{"line":802,"column":9}},"305":{"start":{"line":797,"column":10},"end":{"line":797,"column":71}},"306":{"start":{"line":798,"column":10},"end":{"line":798,"column":22}},"307":{"start":{"line":800,"column":10},"end":{"line":800,"column":77}},"308":{"start":{"line":801,"column":10},"end":{"line":801,"column":26}},"309":{"start":{"line":806,"column":25},"end":{"line":806,"column":30}},"310":{"start":{"line":807,"column":4},"end":{"line":832,"column":5}},"311":{"start":{"line":808,"column":25},"end":{"line":808,"column":41}},"312":{"start":{"line":809,"column":6},"end":{"line":809,"column":32}},"313":{"start":{"line":809,"column":23},"end":{"line":809,"column":32}},"314":{"start":{"line":811,"column":40},"end":{"line":824,"column":8}},"315":{"start":{"line":812,"column":8},"end":{"line":823,"column":11}},"316":{"start":{"line":817,"column":10},"end":{"line":822,"column":11}},"317":{"start":{"line":818,"column":12},"end":{"line":818,"column":106}},"318":{"start":{"line":819,"column":12},"end":{"line":819,"column":24}},"319":{"start":{"line":821,"column":12},"end":{"line":821,"column":28}},"320":{"start":{"line":826,"column":34},"end":{"line":826,"column":62}},"321":{"start":{"line":827,"column":6},"end":{"line":831,"column":7}},"322":{"start":{"line":828,"column":8},"end":{"line":828,"column":125}},"323":{"start":{"line":829,"column":8},"end":{"line":829,"column":30}},"324":{"start":{"line":830,"column":8},"end":{"line":830,"column":14}},"325":{"start":{"line":834,"column":4},"end":{"line":838,"column":5}},"326":{"start":{"line":835,"column":6},"end":{"line":837,"column":9}},"327":{"start":{"line":840,"column":22},"end":{"line":863,"column":6}},"328":{"start":{"line":841,"column":6},"end":{"line":862,"column":9}},"329":{"start":{"line":855,"column":8},"end":{"line":861,"column":9}},"330":{"start":{"line":856,"column":10},"end":{"line":856,"column":70}},"331":{"start":{"line":857,"column":10},"end":{"line":857,"column":22}},"332":{"start":{"line":859,"column":10},"end":{"line":859,"column":76}},"333":{"start":{"line":860,"column":10},"end":{"line":860,"column":26}},"334":{"start":{"line":865,"column":4},"end":{"line":867,"column":5}},"335":{"start":{"line":866,"column":6},"end":{"line":866,"column":89}},"336":{"start":{"line":868,"column":4},"end":{"line":868,"column":81}},"337":{"start":{"line":870,"column":4},"end":{"line":932,"column":5}},"338":{"start":{"line":871,"column":25},"end":{"line":871,"column":45}},"339":{"start":{"line":872,"column":23},"end":{"line":872,"column":40}},"340":{"start":{"line":874,"column":6},"end":{"line":877,"column":7}},"341":{"start":{"line":875,"column":8},"end":{"line":875,"column":99}},"342":{"start":{"line":876,"column":8},"end":{"line":876,"column":17}},"343":{"start":{"line":879,"column":6},"end":{"line":879,"column":91}},"344":{"start":{"line":880,"column":40},"end":{"line":888,"column":8}},"345":{"start":{"line":881,"column":8},"end":{"line":887,"column":11}},"346":{"start":{"line":885,"column":10},"end":{"line":886,"column":31}},"347":{"start":{"line":885,"column":19},"end":{"line":885,"column":31}},"348":{"start":{"line":886,"column":15},"end":{"line":886,"column":31}},"349":{"start":{"line":890,"column":34},"end":{"line":890,"column":62}},"350":{"start":{"line":891,"column":6},"end":{"line":931,"column":7}},"351":{"start":{"line":892,"column":8},"end":{"line":892,"column":119}},"352":{"start":{"line":893,"column":8},"end":{"line":908,"column":11}},"353":{"start":{"line":894,"column":10},"end":{"line":907,"column":13}},"354":{"start":{"line":901,"column":12},"end":{"line":906,"column":13}},"355":{"start":{"line":902,"column":14},"end":{"line":902,"column":68}},"356":{"start":{"line":903,"column":14},"end":{"line":903,"column":26}},"357":{"start":{"line":905,"column":14},"end":{"line":905,"column":30}},"358":{"start":{"line":910,"column":8},"end":{"line":910,"column":131}},"359":{"start":{"line":911,"column":8},"end":{"line":930,"column":11}},"360":{"start":{"line":912,"column":10},"end":{"line":929,"column":13}},"361":{"start":{"line":923,"column":12},"end":{"line":928,"column":13}},"362":{"start":{"line":924,"column":14},"end":{"line":924,"column":72}},"363":{"start":{"line":925,"column":14},"end":{"line":925,"column":26}},"364":{"start":{"line":927,"column":14},"end":{"line":927,"column":30}},"365":{"start":{"line":933,"column":4},"end":{"line":938,"column":7}},"366":{"start":{"line":941,"column":4},"end":{"line":941,"column":53}},"367":{"start":{"line":942,"column":29},"end":{"line":942,"column":61}},"368":{"start":{"line":943,"column":4},"end":{"line":947,"column":5}},"369":{"start":{"line":944,"column":8},"end":{"line":944,"column":115}},"370":{"start":{"line":945,"column":11},"end":{"line":947,"column":5}},"371":{"start":{"line":946,"column":8},"end":{"line":946,"column":104}},"372":{"start":{"line":949,"column":4},"end":{"line":949,"column":80}},"373":{"start":{"line":954,"column":33},"end":{"line":956,"column":1}},"374":{"start":{"line":955,"column":2},"end":{"line":955,"column":34}},"375":{"start":{"line":958,"column":43},"end":{"line":960,"column":1}},"376":{"start":{"line":959,"column":2},"end":{"line":959,"column":44}},"377":{"start":{"line":963,"column":30},"end":{"line":990,"column":1}},"378":{"start":{"line":964,"column":2},"end":{"line":989,"column":3}},"379":{"start":{"line":965,"column":18},"end":{"line":970,"column":5}},"380":{"start":{"line":972,"column":4},"end":{"line":985,"column":7}},"381":{"start":{"line":973,"column":6},"end":{"line":976,"column":7}},"382":{"start":{"line":974,"column":8},"end":{"line":974,"column":60}},"383":{"start":{"line":975,"column":8},"end":{"line":975,"column":101}},"384":{"start":{"line":978,"column":35},"end":{"line":982,"column":9}},"385":{"start":{"line":978,"column":67},"end":{"line":982,"column":7}},"386":{"start":{"line":984,"column":6},"end":{"line":984,"column":49}},"387":{"start":{"line":987,"column":4},"end":{"line":987,"column":43}},"388":{"start":{"line":988,"column":4},"end":{"line":988,"column":58}},"389":{"start":{"line":992,"column":0},"end":{"line":1008,"column":2}}},"fnMap":{"0":{"name":"(anonymous_0)","decl":{"start":{"line":3,"column":18},"end":{"line":3,"column":19}},"loc":{"start":{"line":3,"column":38},"end":{"line":63,"column":1}},"line":3},"1":{"name":"(anonymous_1)","decl":{"start":{"line":31,"column":31},"end":{"line":31,"column":32}},"loc":{"start":{"line":31,"column":48},"end":{"line":58,"column":5}},"line":31},"2":{"name":"(anonymous_2)","decl":{"start":{"line":37,"column":66},"end":{"line":37,"column":67}},"loc":{"start":{"line":37,"column":77},"end":{"line":55,"column":7}},"line":37},"3":{"name":"(anonymous_3)","decl":{"start":{"line":65,"column":21},"end":{"line":65,"column":22}},"loc":{"start":{"line":65,"column":41},"end":{"line":320,"column":1}},"line":65},"4":{"name":"(anonymous_4)","decl":{"start":{"line":112,"column":43},"end":{"line":112,"column":44}},"loc":{"start":{"line":112,"column":64},"end":{"line":133,"column":5}},"line":112},"5":{"name":"(anonymous_5)","decl":{"start":{"line":115,"column":8},"end":{"line":115,"column":9}},"loc":{"start":{"line":115,"column":25},"end":{"line":131,"column":9}},"line":115},"6":{"name":"(anonymous_6)","decl":{"start":{"line":120,"column":89},"end":{"line":120,"column":90}},"loc":{"start":{"line":120,"column":108},"end":{"line":129,"column":13}},"line":120},"7":{"name":"(anonymous_7)","decl":{"start":{"line":158,"column":51},"end":{"line":158,"column":52}},"loc":{"start":{"line":158,"column":72},"end":{"line":168,"column":9}},"line":158},"8":{"name":"(anonymous_8)","decl":{"start":{"line":159,"column":86},"end":{"line":159,"column":87}},"loc":{"start":{"line":159,"column":103},"end":{"line":167,"column":11}},"line":159},"9":{"name":"(anonymous_9)","decl":{"start":{"line":178,"column":51},"end":{"line":178,"column":52}},"loc":{"start":{"line":178,"column":72},"end":{"line":187,"column":11}},"line":178},"10":{"name":"(anonymous_10)","decl":{"start":{"line":179,"column":71},"end":{"line":179,"column":72}},"loc":{"start":{"line":179,"column":88},"end":{"line":186,"column":13}},"line":179},"11":{"name":"(anonymous_11)","decl":{"start":{"line":196,"column":51},"end":{"line":196,"column":52}},"loc":{"start":{"line":196,"column":72},"end":{"line":205,"column":11}},"line":196},"12":{"name":"(anonymous_12)","decl":{"start":{"line":197,"column":64},"end":{"line":197,"column":65}},"loc":{"start":{"line":197,"column":81},"end":{"line":204,"column":13}},"line":197},"13":{"name":"(anonymous_13)","decl":{"start":{"line":226,"column":52},"end":{"line":226,"column":53}},"loc":{"start":{"line":226,"column":73},"end":{"line":245,"column":11}},"line":226},"14":{"name":"(anonymous_14)","decl":{"start":{"line":227,"column":86},"end":{"line":227,"column":87}},"loc":{"start":{"line":227,"column":103},"end":{"line":244,"column":13}},"line":227},"15":{"name":"(anonymous_15)","decl":{"start":{"line":233,"column":91},"end":{"line":233,"column":92}},"loc":{"start":{"line":233,"column":110},"end":{"line":242,"column":17}},"line":233},"16":{"name":"(anonymous_16)","decl":{"start":{"line":263,"column":26},"end":{"line":263,"column":27}},"loc":{"start":{"line":263,"column":47},"end":{"line":277,"column":9}},"line":263},"17":{"name":"(anonymous_17)","decl":{"start":{"line":266,"column":12},"end":{"line":266,"column":13}},"loc":{"start":{"line":266,"column":29},"end":{"line":275,"column":13}},"line":266},"18":{"name":"(anonymous_18)","decl":{"start":{"line":285,"column":24},"end":{"line":285,"column":25}},"loc":{"start":{"line":285,"column":37},"end":{"line":289,"column":7}},"line":285},"19":{"name":"(anonymous_19)","decl":{"start":{"line":286,"column":78},"end":{"line":286,"column":79}},"loc":{"start":{"line":286,"column":84},"end":{"line":288,"column":9}},"line":286},"20":{"name":"(anonymous_20)","decl":{"start":{"line":322,"column":21},"end":{"line":322,"column":22}},"loc":{"start":{"line":322,"column":41},"end":{"line":352,"column":1}},"line":322},"21":{"name":"(anonymous_21)","decl":{"start":{"line":354,"column":21},"end":{"line":354,"column":22}},"loc":{"start":{"line":354,"column":41},"end":{"line":399,"column":1}},"line":354},"22":{"name":"(anonymous_22)","decl":{"start":{"line":401,"column":23},"end":{"line":401,"column":24}},"loc":{"start":{"line":401,"column":43},"end":{"line":432,"column":1}},"line":401},"23":{"name":"(anonymous_23)","decl":{"start":{"line":415,"column":31},"end":{"line":415,"column":32}},"loc":{"start":{"line":415,"column":48},"end":{"line":427,"column":5}},"line":415},"24":{"name":"(anonymous_24)","decl":{"start":{"line":421,"column":56},"end":{"line":421,"column":57}},"loc":{"start":{"line":421,"column":70},"end":{"line":424,"column":7}},"line":421},"25":{"name":"(anonymous_25)","decl":{"start":{"line":434,"column":33},"end":{"line":434,"column":34}},"loc":{"start":{"line":434,"column":53},"end":{"line":487,"column":1}},"line":434},"26":{"name":"(anonymous_26)","decl":{"start":{"line":461,"column":66},"end":{"line":461,"column":67}},"loc":{"start":{"line":461,"column":83},"end":{"line":482,"column":5}},"line":461},"27":{"name":"(anonymous_27)","decl":{"start":{"line":467,"column":54},"end":{"line":467,"column":55}},"loc":{"start":{"line":467,"column":67},"end":{"line":479,"column":7}},"line":467},"28":{"name":"(anonymous_28)","decl":{"start":{"line":490,"column":22},"end":{"line":490,"column":23}},"loc":{"start":{"line":490,"column":42},"end":{"line":530,"column":1}},"line":490},"29":{"name":"(anonymous_29)","decl":{"start":{"line":533,"column":23},"end":{"line":533,"column":24}},"loc":{"start":{"line":533,"column":43},"end":{"line":601,"column":1}},"line":533},"30":{"name":"(anonymous_30)","decl":{"start":{"line":604,"column":26},"end":{"line":604,"column":27}},"loc":{"start":{"line":604,"column":46},"end":{"line":649,"column":1}},"line":604},"31":{"name":"(anonymous_31)","decl":{"start":{"line":618,"column":43},"end":{"line":618,"column":44}},"loc":{"start":{"line":618,"column":64},"end":{"line":623,"column":5}},"line":618},"32":{"name":"(anonymous_32)","decl":{"start":{"line":619,"column":78},"end":{"line":619,"column":79}},"loc":{"start":{"line":619,"column":95},"end":{"line":622,"column":7}},"line":619},"33":{"name":"(anonymous_33)","decl":{"start":{"line":631,"column":22},"end":{"line":631,"column":23}},"loc":{"start":{"line":631,"column":43},"end":{"line":638,"column":5}},"line":631},"34":{"name":"(anonymous_34)","decl":{"start":{"line":634,"column":24},"end":{"line":634,"column":25}},"loc":{"start":{"line":634,"column":41},"end":{"line":637,"column":7}},"line":634},"35":{"name":"(anonymous_35)","decl":{"start":{"line":650,"column":28},"end":{"line":650,"column":29}},"loc":{"start":{"line":650,"column":48},"end":{"line":689,"column":1}},"line":650},"36":{"name":"(anonymous_36)","decl":{"start":{"line":678,"column":17},"end":{"line":678,"column":18}},"loc":{"start":{"line":678,"column":34},"end":{"line":684,"column":5}},"line":678},"37":{"name":"(anonymous_37)","decl":{"start":{"line":693,"column":26},"end":{"line":693,"column":27}},"loc":{"start":{"line":693,"column":46},"end":{"line":725,"column":1}},"line":693},"38":{"name":"(anonymous_38)","decl":{"start":{"line":714,"column":13},"end":{"line":714,"column":14}},"loc":{"start":{"line":714,"column":30},"end":{"line":720,"column":5}},"line":714},"39":{"name":"(anonymous_39)","decl":{"start":{"line":730,"column":26},"end":{"line":730,"column":27}},"loc":{"start":{"line":730,"column":46},"end":{"line":951,"column":1}},"line":730},"40":{"name":"(anonymous_40)","decl":{"start":{"line":738,"column":50},"end":{"line":738,"column":51}},"loc":{"start":{"line":738,"column":71},"end":{"line":743,"column":5}},"line":738},"41":{"name":"(anonymous_41)","decl":{"start":{"line":739,"column":46},"end":{"line":739,"column":47}},"loc":{"start":{"line":739,"column":63},"end":{"line":742,"column":7}},"line":739},"42":{"name":"(anonymous_42)","decl":{"start":{"line":750,"column":43},"end":{"line":750,"column":44}},"loc":{"start":{"line":750,"column":64},"end":{"line":755,"column":5}},"line":750},"43":{"name":"(anonymous_43)","decl":{"start":{"line":751,"column":78},"end":{"line":751,"column":79}},"loc":{"start":{"line":751,"column":95},"end":{"line":754,"column":7}},"line":751},"44":{"name":"(anonymous_44)","decl":{"start":{"line":772,"column":49},"end":{"line":772,"column":50}},"loc":{"start":{"line":772,"column":70},"end":{"line":783,"column":5}},"line":772},"45":{"name":"(anonymous_45)","decl":{"start":{"line":773,"column":53},"end":{"line":773,"column":54}},"loc":{"start":{"line":773,"column":70},"end":{"line":782,"column":7}},"line":773},"46":{"name":"(anonymous_46)","decl":{"start":{"line":789,"column":49},"end":{"line":789,"column":50}},"loc":{"start":{"line":789,"column":70},"end":{"line":804,"column":5}},"line":789},"47":{"name":"(anonymous_47)","decl":{"start":{"line":795,"column":15},"end":{"line":795,"column":16}},"loc":{"start":{"line":795,"column":32},"end":{"line":803,"column":7}},"line":795},"48":{"name":"(anonymous_48)","decl":{"start":{"line":811,"column":58},"end":{"line":811,"column":59}},"loc":{"start":{"line":811,"column":79},"end":{"line":824,"column":7}},"line":811},"49":{"name":"(anonymous_49)","decl":{"start":{"line":816,"column":50},"end":{"line":816,"column":51}},"loc":{"start":{"line":816,"column":67},"end":{"line":823,"column":9}},"line":816},"50":{"name":"(anonymous_50)","decl":{"start":{"line":840,"column":40},"end":{"line":840,"column":41}},"loc":{"start":{"line":840,"column":61},"end":{"line":863,"column":5}},"line":840},"51":{"name":"(anonymous_51)","decl":{"start":{"line":854,"column":15},"end":{"line":854,"column":16}},"loc":{"start":{"line":854,"column":32},"end":{"line":862,"column":7}},"line":854},"52":{"name":"(anonymous_52)","decl":{"start":{"line":880,"column":58},"end":{"line":880,"column":59}},"loc":{"start":{"line":880,"column":79},"end":{"line":888,"column":7}},"line":880},"53":{"name":"(anonymous_53)","decl":{"start":{"line":884,"column":50},"end":{"line":884,"column":51}},"loc":{"start":{"line":884,"column":67},"end":{"line":887,"column":9}},"line":884},"54":{"name":"(anonymous_54)","decl":{"start":{"line":893,"column":26},"end":{"line":893,"column":27}},"loc":{"start":{"line":893,"column":47},"end":{"line":908,"column":9}},"line":893},"55":{"name":"(anonymous_55)","decl":{"start":{"line":900,"column":70},"end":{"line":900,"column":71}},"loc":{"start":{"line":900,"column":87},"end":{"line":907,"column":11}},"line":900},"56":{"name":"(anonymous_56)","decl":{"start":{"line":911,"column":26},"end":{"line":911,"column":27}},"loc":{"start":{"line":911,"column":47},"end":{"line":930,"column":9}},"line":911},"57":{"name":"(anonymous_57)","decl":{"start":{"line":922,"column":72},"end":{"line":922,"column":73}},"loc":{"start":{"line":922,"column":89},"end":{"line":929,"column":11}},"line":922},"58":{"name":"(anonymous_58)","decl":{"start":{"line":954,"column":33},"end":{"line":954,"column":34}},"loc":{"start":{"line":954,"column":53},"end":{"line":956,"column":1}},"line":954},"59":{"name":"(anonymous_59)","decl":{"start":{"line":958,"column":43},"end":{"line":958,"column":44}},"loc":{"start":{"line":958,"column":63},"end":{"line":960,"column":1}},"line":958},"60":{"name":"(anonymous_60)","decl":{"start":{"line":963,"column":30},"end":{"line":963,"column":31}},"loc":{"start":{"line":963,"column":50},"end":{"line":990,"column":1}},"line":963},"61":{"name":"(anonymous_61)","decl":{"start":{"line":972,"column":31},"end":{"line":972,"column":32}},"loc":{"start":{"line":972,"column":48},"end":{"line":985,"column":5}},"line":972},"62":{"name":"(anonymous_62)","decl":{"start":{"line":978,"column":54},"end":{"line":978,"column":55}},"loc":{"start":{"line":978,"column":67},"end":{"line":982,"column":7}},"line":978}},"branchMap":{"0":{"loc":{"start":{"line":32,"column":6},"end":{"line":35,"column":7}},"type":"if","locations":[{"start":{"line":32,"column":6},"end":{"line":35,"column":7}},{"start":{},"end":{}}],"line":32},"1":{"loc":{"start":{"line":37,"column":25},"end":{"line":37,"column":60}},"type":"cond-expr","locations":[{"start":{"line":37,"column":49},"end":{"line":37,"column":55}},{"start":{"line":37,"column":58},"end":{"line":37,"column":60}}],"line":37},"2":{"loc":{"start":{"line":72,"column":6},"end":{"line":72,"column":22}},"type":"default-arg","locations":[{"start":{"line":72,"column":21},"end":{"line":72,"column":22}}],"line":72},"3":{"loc":{"start":{"line":73,"column":6},"end":{"line":73,"column":27}},"type":"default-arg","locations":[{"start":{"line":73,"column":26},"end":{"line":73,"column":27}}],"line":73},"4":{"loc":{"start":{"line":74,"column":6},"end":{"line":74,"column":26}},"type":"default-arg","locations":[{"start":{"line":74,"column":18},"end":{"line":74,"column":26}}],"line":74},"5":{"loc":{"start":{"line":78,"column":4},"end":{"line":88,"column":5}},"type":"if","locations":[{"start":{"line":78,"column":4},"end":{"line":88,"column":5}},{"start":{},"end":{}}],"line":78},"6":{"loc":{"start":{"line":78,"column":8},"end":{"line":78,"column":82}},"type":"binary-expr","locations":[{"start":{"line":78,"column":8},"end":{"line":78,"column":20}},{"start":{"line":78,"column":24},"end":{"line":78,"column":37}},{"start":{"line":78,"column":41},"end":{"line":78,"column":59}},{"start":{"line":78,"column":63},"end":{"line":78,"column":82}}],"line":78},"7":{"loc":{"start":{"line":82,"column":23},"end":{"line":82,"column":55}},"type":"cond-expr","locations":[{"start":{"line":82,"column":38},"end":{"line":82,"column":48}},{"start":{"line":82,"column":51},"end":{"line":82,"column":55}}],"line":82},"8":{"loc":{"start":{"line":83,"column":24},"end":{"line":83,"column":57}},"type":"cond-expr","locations":[{"start":{"line":83,"column":40},"end":{"line":83,"column":50}},{"start":{"line":83,"column":53},"end":{"line":83,"column":57}}],"line":83},"9":{"loc":{"start":{"line":84,"column":21},"end":{"line":84,"column":67}},"type":"cond-expr","locations":[{"start":{"line":84,"column":42},"end":{"line":84,"column":60}},{"start":{"line":84,"column":63},"end":{"line":84,"column":67}}],"line":84},"10":{"loc":{"start":{"line":85,"column":17},"end":{"line":85,"column":56}},"type":"cond-expr","locations":[{"start":{"line":85,"column":39},"end":{"line":85,"column":49}},{"start":{"line":85,"column":52},"end":{"line":85,"column":56}}],"line":85},"11":{"loc":{"start":{"line":116,"column":10},"end":{"line":130,"column":11}},"type":"if","locations":[{"start":{"line":116,"column":10},"end":{"line":130,"column":11}},{"start":{"line":119,"column":17},"end":{"line":130,"column":11}}],"line":116},"12":{"loc":{"start":{"line":121,"column":14},"end":{"line":128,"column":15}},"type":"if","locations":[{"start":{"line":121,"column":14},"end":{"line":128,"column":15}},{"start":{"line":124,"column":21},"end":{"line":128,"column":15}}],"line":121},"13":{"loc":{"start":{"line":125,"column":32},"end":{"line":125,"column":74}},"type":"binary-expr","locations":[{"start":{"line":125,"column":32},"end":{"line":125,"column":51}},{"start":{"line":125,"column":55},"end":{"line":125,"column":74}}],"line":125},"14":{"loc":{"start":{"line":137,"column":4},"end":{"line":139,"column":5}},"type":"if","locations":[{"start":{"line":137,"column":4},"end":{"line":139,"column":5}},{"start":{},"end":{}}],"line":137},"15":{"loc":{"start":{"line":160,"column":12},"end":{"line":166,"column":13}},"type":"if","locations":[{"start":{"line":160,"column":12},"end":{"line":166,"column":13}},{"start":{"line":163,"column":19},"end":{"line":166,"column":13}}],"line":160},"16":{"loc":{"start":{"line":172,"column":8},"end":{"line":250,"column":9}},"type":"if","locations":[{"start":{"line":172,"column":8},"end":{"line":250,"column":9}},{"start":{"line":248,"column":15},"end":{"line":250,"column":9}}],"line":172},"17":{"loc":{"start":{"line":172,"column":12},"end":{"line":172,"column":62}},"type":"binary-expr","locations":[{"start":{"line":172,"column":12},"end":{"line":172,"column":29}},{"start":{"line":172,"column":33},"end":{"line":172,"column":62}}],"line":172},"18":{"loc":{"start":{"line":180,"column":14},"end":{"line":185,"column":15}},"type":"if","locations":[{"start":{"line":180,"column":14},"end":{"line":185,"column":15}},{"start":{"line":183,"column":21},"end":{"line":185,"column":15}}],"line":180},"19":{"loc":{"start":{"line":184,"column":24},"end":{"line":184,"column":51}},"type":"binary-expr","locations":[{"start":{"line":184,"column":24},"end":{"line":184,"column":30}},{"start":{"line":184,"column":34},"end":{"line":184,"column":51}}],"line":184},"20":{"loc":{"start":{"line":189,"column":10},"end":{"line":192,"column":11}},"type":"if","locations":[{"start":{"line":189,"column":10},"end":{"line":192,"column":11}},{"start":{},"end":{}}],"line":189},"21":{"loc":{"start":{"line":198,"column":14},"end":{"line":203,"column":15}},"type":"if","locations":[{"start":{"line":198,"column":14},"end":{"line":203,"column":15}},{"start":{"line":201,"column":21},"end":{"line":203,"column":15}}],"line":198},"22":{"loc":{"start":{"line":207,"column":10},"end":{"line":210,"column":11}},"type":"if","locations":[{"start":{"line":207,"column":10},"end":{"line":210,"column":11}},{"start":{},"end":{}}],"line":207},"23":{"loc":{"start":{"line":207,"column":14},"end":{"line":207,"column":60}},"type":"binary-expr","locations":[{"start":{"line":207,"column":14},"end":{"line":207,"column":29}},{"start":{"line":207,"column":33},"end":{"line":207,"column":60}}],"line":207},"24":{"loc":{"start":{"line":228,"column":14},"end":{"line":243,"column":15}},"type":"if","locations":[{"start":{"line":228,"column":14},"end":{"line":243,"column":15}},{"start":{"line":231,"column":21},"end":{"line":243,"column":15}}],"line":228},"25":{"loc":{"start":{"line":234,"column":18},"end":{"line":241,"column":19}},"type":"if","locations":[{"start":{"line":234,"column":18},"end":{"line":241,"column":19}},{"start":{"line":237,"column":25},"end":{"line":241,"column":19}}],"line":234},"26":{"loc":{"start":{"line":238,"column":34},"end":{"line":238,"column":72}},"type":"binary-expr","locations":[{"start":{"line":238,"column":34},"end":{"line":238,"column":51}},{"start":{"line":238,"column":55},"end":{"line":238,"column":72}}],"line":238},"27":{"loc":{"start":{"line":267,"column":14},"end":{"line":274,"column":15}},"type":"if","locations":[{"start":{"line":267,"column":14},"end":{"line":274,"column":15}},{"start":{"line":270,"column":21},"end":{"line":274,"column":15}}],"line":267},"28":{"loc":{"start":{"line":284,"column":4},"end":{"line":295,"column":5}},"type":"if","locations":[{"start":{"line":284,"column":4},"end":{"line":295,"column":5}},{"start":{},"end":{}}],"line":284},"29":{"loc":{"start":{"line":305,"column":4},"end":{"line":307,"column":5}},"type":"if","locations":[{"start":{"line":305,"column":4},"end":{"line":307,"column":5}},{"start":{},"end":{}}],"line":305},"30":{"loc":{"start":{"line":317,"column":13},"end":{"line":317,"column":77}},"type":"cond-expr","locations":[{"start":{"line":317,"column":54},"end":{"line":317,"column":65}},{"start":{"line":317,"column":68},"end":{"line":317,"column":77}}],"line":317},"31":{"loc":{"start":{"line":325,"column":2},"end":{"line":327,"column":3}},"type":"if","locations":[{"start":{"line":325,"column":2},"end":{"line":327,"column":3}},{"start":{},"end":{}}],"line":325},"32":{"loc":{"start":{"line":325,"column":6},"end":{"line":325,"column":22}},"type":"binary-expr","locations":[{"start":{"line":325,"column":6},"end":{"line":325,"column":9}},{"start":{"line":325,"column":13},"end":{"line":325,"column":22}}],"line":325},"33":{"loc":{"start":{"line":334,"column":4},"end":{"line":337,"column":5}},"type":"if","locations":[{"start":{"line":334,"column":4},"end":{"line":337,"column":5}},{"start":{},"end":{}}],"line":334},"34":{"loc":{"start":{"line":358,"column":2},"end":{"line":360,"column":3}},"type":"if","locations":[{"start":{"line":358,"column":2},"end":{"line":360,"column":3}},{"start":{},"end":{}}],"line":358},"35":{"loc":{"start":{"line":358,"column":6},"end":{"line":358,"column":22}},"type":"binary-expr","locations":[{"start":{"line":358,"column":6},"end":{"line":358,"column":9}},{"start":{"line":358,"column":13},"end":{"line":358,"column":22}}],"line":358},"36":{"loc":{"start":{"line":363,"column":4},"end":{"line":367,"column":5}},"type":"if","locations":[{"start":{"line":363,"column":4},"end":{"line":367,"column":5}},{"start":{},"end":{}}],"line":363},"37":{"loc":{"start":{"line":380,"column":6},"end":{"line":384,"column":7}},"type":"if","locations":[{"start":{"line":380,"column":6},"end":{"line":384,"column":7}},{"start":{},"end":{}}],"line":380},"38":{"loc":{"start":{"line":380,"column":10},"end":{"line":380,"column":47}},"type":"binary-expr","locations":[{"start":{"line":380,"column":10},"end":{"line":380,"column":29}},{"start":{"line":380,"column":33},"end":{"line":380,"column":47}}],"line":380},"39":{"loc":{"start":{"line":381,"column":24},"end":{"line":381,"column":44}},"type":"binary-expr","locations":[{"start":{"line":381,"column":24},"end":{"line":381,"column":37}},{"start":{"line":381,"column":41},"end":{"line":381,"column":44}}],"line":381},"40":{"loc":{"start":{"line":387,"column":4},"end":{"line":389,"column":5}},"type":"if","locations":[{"start":{"line":387,"column":4},"end":{"line":389,"column":5}},{"start":{},"end":{}}],"line":387},"41":{"loc":{"start":{"line":416,"column":6},"end":{"line":419,"column":7}},"type":"if","locations":[{"start":{"line":416,"column":6},"end":{"line":419,"column":7}},{"start":{},"end":{}}],"line":416},"42":{"loc":{"start":{"line":421,"column":38},"end":{"line":421,"column":50}},"type":"binary-expr","locations":[{"start":{"line":421,"column":38},"end":{"line":421,"column":44}},{"start":{"line":421,"column":48},"end":{"line":421,"column":50}}],"line":421},"43":{"loc":{"start":{"line":423,"column":24},"end":{"line":423,"column":54}},"type":"binary-expr","locations":[{"start":{"line":423,"column":24},"end":{"line":423,"column":49}},{"start":{"line":423,"column":53},"end":{"line":423,"column":54}}],"line":423},"44":{"loc":{"start":{"line":437,"column":2},"end":{"line":439,"column":3}},"type":"if","locations":[{"start":{"line":437,"column":2},"end":{"line":439,"column":3}},{"start":{},"end":{}}],"line":437},"45":{"loc":{"start":{"line":462,"column":6},"end":{"line":465,"column":7}},"type":"if","locations":[{"start":{"line":462,"column":6},"end":{"line":465,"column":7}},{"start":{},"end":{}}],"line":462},"46":{"loc":{"start":{"line":467,"column":36},"end":{"line":467,"column":48}},"type":"binary-expr","locations":[{"start":{"line":467,"column":36},"end":{"line":467,"column":42}},{"start":{"line":467,"column":46},"end":{"line":467,"column":48}}],"line":467},"47":{"loc":{"start":{"line":493,"column":2},"end":{"line":495,"column":3}},"type":"if","locations":[{"start":{"line":493,"column":2},"end":{"line":495,"column":3}},{"start":{},"end":{}}],"line":493},"48":{"loc":{"start":{"line":493,"column":6},"end":{"line":493,"column":22}},"type":"binary-expr","locations":[{"start":{"line":493,"column":6},"end":{"line":493,"column":9}},{"start":{"line":493,"column":13},"end":{"line":493,"column":22}}],"line":493},"49":{"loc":{"start":{"line":503,"column":4},"end":{"line":505,"column":5}},"type":"if","locations":[{"start":{"line":503,"column":4},"end":{"line":505,"column":5}},{"start":{},"end":{}}],"line":503},"50":{"loc":{"start":{"line":507,"column":4},"end":{"line":509,"column":5}},"type":"if","locations":[{"start":{"line":507,"column":4},"end":{"line":509,"column":5}},{"start":{},"end":{}}],"line":507},"51":{"loc":{"start":{"line":536,"column":2},"end":{"line":538,"column":3}},"type":"if","locations":[{"start":{"line":536,"column":2},"end":{"line":538,"column":3}},{"start":{},"end":{}}],"line":536},"52":{"loc":{"start":{"line":536,"column":6},"end":{"line":536,"column":22}},"type":"binary-expr","locations":[{"start":{"line":536,"column":6},"end":{"line":536,"column":9}},{"start":{"line":536,"column":13},"end":{"line":536,"column":22}}],"line":536},"53":{"loc":{"start":{"line":546,"column":4},"end":{"line":548,"column":5}},"type":"if","locations":[{"start":{"line":546,"column":4},"end":{"line":548,"column":5}},{"start":{},"end":{}}],"line":546},"54":{"loc":{"start":{"line":550,"column":4},"end":{"line":552,"column":5}},"type":"if","locations":[{"start":{"line":550,"column":4},"end":{"line":552,"column":5}},{"start":{},"end":{}}],"line":550},"55":{"loc":{"start":{"line":608,"column":2},"end":{"line":610,"column":3}},"type":"if","locations":[{"start":{"line":608,"column":2},"end":{"line":610,"column":3}},{"start":{},"end":{}}],"line":608},"56":{"loc":{"start":{"line":608,"column":6},"end":{"line":608,"column":22}},"type":"binary-expr","locations":[{"start":{"line":608,"column":6},"end":{"line":608,"column":9}},{"start":{"line":608,"column":13},"end":{"line":608,"column":22}}],"line":608},"57":{"loc":{"start":{"line":612,"column":2},"end":{"line":614,"column":3}},"type":"if","locations":[{"start":{"line":612,"column":2},"end":{"line":614,"column":3}},{"start":{},"end":{}}],"line":612},"58":{"loc":{"start":{"line":620,"column":8},"end":{"line":621,"column":29}},"type":"if","locations":[{"start":{"line":620,"column":8},"end":{"line":621,"column":29}},{"start":{"line":621,"column":13},"end":{"line":621,"column":29}}],"line":620},"59":{"loc":{"start":{"line":626,"column":4},"end":{"line":628,"column":5}},"type":"if","locations":[{"start":{"line":626,"column":4},"end":{"line":628,"column":5}},{"start":{},"end":{}}],"line":626},"60":{"loc":{"start":{"line":635,"column":8},"end":{"line":636,"column":29}},"type":"if","locations":[{"start":{"line":635,"column":8},"end":{"line":636,"column":29}},{"start":{"line":636,"column":13},"end":{"line":636,"column":29}}],"line":635},"61":{"loc":{"start":{"line":653,"column":2},"end":{"line":655,"column":3}},"type":"if","locations":[{"start":{"line":653,"column":2},"end":{"line":655,"column":3}},{"start":{},"end":{}}],"line":653},"62":{"loc":{"start":{"line":679,"column":6},"end":{"line":682,"column":7}},"type":"if","locations":[{"start":{"line":679,"column":6},"end":{"line":682,"column":7}},{"start":{},"end":{}}],"line":679},"63":{"loc":{"start":{"line":683,"column":27},
[...]
ne":43,"column":39}},"type":"binary-expr","locations":[{"start":{"line":43,"column":6},"end":{"line":43,"column":13}},{"start":{"line":43,"column":17},"end":{"line":43,"column":24}},{"start":{"line":43,"column":28},"end":{"line":43,"column":39}}],"line":43},"9":{"loc":{"start":{"line":52,"column":4},"end":{"line":66,"column":5}},"type":"if","locations":[{"start":{"line":52,"column":4},"end":{"line":66,"column":5}},{"start":{},"end":{}}],"line":52},"10":{"loc":{"start":{"line":57,"column":10},"end":{"line":59,"column":11}},"type":"if","locations":[{"start":{"line":57,"column":10},"end":{"line":59,"column":11}},{"start":{},"end":{}}],"line":57},"11":{"loc":{"start":{"line":60,"column":10},"end":{"line":62,"column":11}},"type":"if","locations":[{"start":{"line":60,"column":10},"end":{"line":62,"column":11}},{"start":{},"end":{}}],"line":60},"12":{"loc":{"start":{"line":60,"column":14},"end":{"line":60,"column":47}},"type":"binary-expr","locations":[{"start":{"line":60,"column":14},"end":{"line":60,"column":23}},{"start":{"line":60,"column":27},"end":{"line":60,"column":47}}],"line":60},"13":{"loc":{"start":{"line":78,"column":6},"end":{"line":78,"column":25}},"type":"binary-expr","locations":[{"start":{"line":78,"column":6},"end":{"line":78,"column":17}},{"start":{"line":78,"column":21},"end":{"line":78,"column":25}}],"line":78},"14":{"loc":{"start":{"line":79,"column":6},"end":{"line":79,"column":17}},"type":"binary-expr","locations":[{"start":{"line":79,"column":6},"end":{"line":79,"column":9}},{"start":{"line":79,"column":13},"end":{"line":79,"column":17}}],"line":79},"15":{"loc":{"start":{"line":81,"column":6},"end":{"line":81,"column":22}},"type":"binary-expr","locations":[{"start":{"line":81,"column":6},"end":{"line":81,"column":14}},{"start":{"line":81,"column":18},"end":{"line":81,"column":22}}],"line":81},"16":{"loc":{"start":{"line":85,"column":6},"end":{"line":88,"column":7}},"type":"if","locations":[{"start":{"line":85,"column":6},"end":{"line":88,"column":7}},{"start":{},"end":{}}],"line":85},"17":{"loc":{"start":{"line":100,"column":2},"end":{"line":102,"column":3}},"type":"if","locations":[{"start":{"line":100,"column":2},"end":{"line":102,"column":3}},{"start":{},"end":{}}],"line":100},"18":{"loc":{"start":{"line":100,"column":6},"end":{"line":100,"column":28}},"type":"binary-expr","locations":[{"start":{"line":100,"column":6},"end":{"line":100,"column":13}},{"start":{"line":100,"column":17},"end":{"line":100,"column":28}}],"line":100},"19":{"loc":{"start":{"line":117,"column":4},"end":{"line":120,"column":5}},"type":"if","locations":[{"start":{"line":117,"column":4},"end":{"line":120,"column":5}},{"start":{},"end":{}}],"line":117},"20":{"loc":{"start":{"line":124,"column":4},"end":{"line":126,"column":5}},"type":"if","locations":[{"start":{"line":124,"column":4},"end":{"line":126,"column":5}},{"start":{},"end":{}}],"line":124},"21":{"loc":{"start":{"line":124,"column":8},"end":{"line":124,"column":34}},"type":"binary-expr","locations":[{"start":{"line":124,"column":8},"end":{"line":124,"column":13}},{"start":{"line":124,"column":17},"end":{"line":124,"column":34}}],"line":124},"22":{"loc":{"start":{"line":133,"column":6},"end":{"line":135,"column":7}},"type":"if","locations":[{"start":{"line":133,"column":6},"end":{"line":135,"column":7}},{"start":{},"end":{}}],"line":133},"23":{"loc":{"start":{"line":148,"column":19},"end":{"line":148,"column":53}},"type":"binary-expr","locations":[{"start":{"line":148,"column":19},"end":{"line":148,"column":45}},{"start":{"line":148,"column":49},"end":{"line":148,"column":53}}],"line":148},"24":{"loc":{"start":{"line":196,"column":6},"end":{"line":199,"column":7}},"type":"if","locations":[{"start":{"line":196,"column":6},"end":{"line":199,"column":7}},{"start":{},"end":{}}],"line":196},"25":{"loc":{"start":{"line":226,"column":2},"end":{"line":228,"column":3}},"type":"if","locations":[{"start":{"line":226,"column":2},"end":{"line":228,"column":3}},{"start":{},"end":{}}],"line":226},"26":{"loc":{"start":{"line":233,"column":6},"end":{"line":236,"column":7}},"type":"if","locations":[{"start":{"line":233,"column":6},"end":{"line":236,"column":7}},{"start":{},"end":{}}],"line":233},"27":{"loc":{"start":{"line":248,"column":2},"end":{"line":250,"column":3}},"type":"if","locations":[{"start":{"line":248,"column":2},"end":{"line":250,"column":3}},{"start":{},"end":{}}],"line":248},"28":{"loc":{"start":{"line":253,"column":4},"end":{"line":270,"column":5}},"type":"if","locations":[{"start":{"line":253,"column":4},"end":{"line":270,"column":5}},{"start":{"line":268,"column":11},"end":{"line":270,"column":5}}],"line":253},"29":{"loc":{"start":{"line":256,"column":8},"end":{"line":259,"column":9}},"type":"if","locations":[{"start":{"line":256,"column":8},"end":{"line":259,"column":9}},{"start":{},"end":{}}],"line":256},"30":{"loc":{"start":{"line":262,"column":8},"end":{"line":264,"column":9}},"type":"if","locations":[{"start":{"line":262,"column":8},"end":{"line":264,"column":9}},{"start":{},"end":{}}],"line":262},"31":{"loc":{"start":{"line":262,"column":12},"end":{"line":262,"column":45}},"type":"binary-expr","locations":[{"start":{"line":262,"column":12},"end":{"line":262,"column":21}},{"start":{"line":262,"column":25},"end":{"line":262,"column":45}}],"line":262},"32":{"loc":{"start":{"line":282,"column":4},"end":{"line":285,"column":5}},"type":"if","locations":[{"start":{"line":282,"column":4},"end":{"line":285,"column":5}},{"start":{},"end":{}}],"line":282},"33":{"loc":{"start":{"line":287,"column":4},"end":{"line":291,"column":5}},"type":"if","locations":[{"start":{"line":287,"column":4},"end":{"line":291,"column":5}},{"start":{},"end":{}}],"line":287},"34":{"loc":{"start":{"line":297,"column":6},"end":{"line":300,"column":7}},"type":"if","locations":[{"start":{"line":297,"column":6},"end":{"line":300,"column":7}},{"start":{},"end":{}}],"line":297},"35":{"loc":{"start":{"line":359,"column":6},"end":{"line":362,"column":7}},"type":"if","locations":[{"start":{"line":359,"column":6},"end":{"line":362,"column":7}},{"start":{},"end":{}}],"line":359},"36":{"loc":{"start":{"line":364,"column":6},"end":{"line":366,"column":7}},"type":"if","locations":[{"start":{"line":364,"column":6},"end":{"line":366,"column":7}},{"start":{},"end":{}}],"line":364},"37":{"loc":{"start":{"line":364,"column":10},"end":{"line":364,"column":40}},"type":"binary-expr","locations":[{"start":{"line":364,"column":10},"end":{"line":364,"column":17}},{"start":{"line":364,"column":21},"end":{"line":364,"column":40}}],"line":364},"38":{"loc":{"start":{"line":374,"column":13},"end":{"line":374,"column":42}},"type":"binary-expr","locations":[{"start":{"line":374,"column":13},"end":{"line":374,"column":32}},{"start":{"line":374,"column":36},"end":{"line":374,"column":42}}],"line":374},"39":{"loc":{"start":{"line":397,"column":6},"end":{"line":400,"column":7}},"type":"if","locations":[{"start":{"line":397,"column":6},"end":{"line":400,"column":7}},{"start":{},"end":{}}],"line":397},"40":{"loc":{"start":{"line":402,"column":6},"end":{"line":404,"column":7}},"type":"if","locations":[{"start":{"line":402,"column":6},"end":{"line":404,"column":7}},{"start":{},"end":{}}],"line":402},"41":{"loc":{"start":{"line":402,"column":10},"end":{"line":402,"column":40}},"type":"binary-expr","locations":[{"start":{"line":402,"column":10},"end":{"line":402,"column":17}},{"start":{"line":402,"column":21},"end":{"line":402,"column":40}}],"line":402},"42":{"loc":{"start":{"line":408,"column":6},"end":{"line":410,"column":7}},"type":"if","locations":[{"start":{"line":408,"column":6},"end":{"line":410,"column":7}},{"start":{},"end":{}}],"line":408},"43":{"loc":{"start":{"line":414,"column":6},"end":{"line":421,"column":7}},"type":"if","locations":[{"start":{"line":414,"column":6},"end":{"line":421,"column":7}},{"start":{"line":416,"column":13},"end":{"line":421,"column":7}}],"line":414},"44":{"loc":{"start":{"line":416,"column":13},"end":{"line":421,"column":7}},"type":"if","locations":[{"start":{"line":416,"column":13},"end":{"line":421,"column":7}},{"start":{"line":418,"column":13},"end":{"line":421,"column":7}}],"line":416},"45":{"loc":{"start":{"line":442,"column":2},"end":{"line":444,"column":3}},"type":"if","locations":[{"start":{"line":442,"column":2},"end":{"line":444,"column":3}},{"start":{},"end":{}}],"line":442},"46":{"loc":{"start":{"line":442,"column":6},"end":{"line":442,"column":27}},"type":"binary-expr","locations":[{"start":{"line":442,"column":6},"end":{"line":442,"column":13}},{"start":{"line":442,"column":17},"end":{"line":442,"column":27}}],"line":442},"47":{"loc":{"start":{"line":453,"column":6},"end":{"line":456,"column":7}},"type":"if","locations":[{"start":{"line":453,"column":6},"end":{"line":456,"column":7}},{"start":{},"end":{}}],"line":453},"48":{"loc":{"start":{"line":477,"column":6},"end":{"line":480,"column":7}},"type":"if","locations":[{"start":{"line":477,"column":6},"end":{"line":480,"column":7}},{"start":{},"end":{}}],"line":477},"49":{"loc":{"start":{"line":482,"column":6},"end":{"line":485,"column":7}},"type":"if","locations":[{"start":{"line":482,"column":6},"end":{"line":485,"column":7}},{"start":{},"end":{}}],"line":482},"50":{"loc":{"start":{"line":482,"column":10},"end":{"line":482,"column":40}},"type":"binary-expr","locations":[{"start":{"line":482,"column":10},"end":{"line":482,"column":17}},{"start":{"line":482,"column":21},"end":{"line":482,"column":40}}],"line":482}},"s":{"0":1,"1":1,"2":1,"3":1,"4":1,"5":1,"6":3,"7":3,"8":1,"9":2,"10":2,"11":1,"12":1,"13":1,"14":1,"15":2,"16":2,"17":1,"18":1,"19":1,"20":1,"21":1,"22":1,"23":1,"24":1,"25":1,"26":0,"27":1,"28":1,"29":0,"30":1,"31":1,"32":1,"33":1,"34":0,"35":0,"36":1,"37":0,"38":0,"39":1,"40":2,"41":2,"42":1,"43":1,"44":1,"45":1,"46":1,"47":0,"48":0,"49":1,"50":1,"51":0,"52":1,"53":1,"54":1,"55":1,"56":1,"57":0,"58":1,"59":1,"60":1,"61":1,"62":0,"63":0,"64":1,"65":1,"66":1,"67":1,"68":1,"69":0,"70":0,"71":1,"72":1,"73":1,"74":0,"75":0,"76":1,"77":0,"78":0,"79":0,"80":0,"81":0,"82":0,"83":0,"84":0,"85":0,"86":0,"87":0,"88":0,"89":1,"90":0,"91":0,"92":0,"93":0,"94":0,"95":0,"96":0,"97":0,"98":0,"99":0,"100":0,"101":0,"102":0,"103":0,"104":0,"105":0,"106":0,"107":1,"108":0,"109":0,"110":0,"111":0,"112":0,"113":0,"114":0,"115":0,"116":0,"117":0,"118":0,"119":0,"120":0,"121":0,"122":0,"123":0,"124":0,"125":0,"126":0,"127":1,"128":0,"129":0,"130":0,"131":0,"132":0,"133":0,"134":0,"135":1,"136":0,"137":0,"138":0,"139":0,"140":0,"141":0,"142":0,"143":0,"144":0,"145":0,"146":0,"147":0,"148":0,"149":1,"150":0,"151":0,"152":0,"153":0,"154":0,"155":0,"156":0,"157":0,"158":0,"159":0,"160":0,"161":0,"162":0,"163":0,"164":0,"165":0,"166":0,"167":0,"168":0,"169":0,"170":0,"171":1,"172":0,"173":0,"174":0,"175":0,"176":0,"177":0,"178":0,"179":0,"180":0,"181":0,"182":0,"183":0,"184":0,"185":1,"186":0,"187":0,"188":0,"189":0,"190":0,"191":0,"192":0,"193":0,"194":0,"195":0,"196":0,"197":0,"198":0,"199":0,"200":0,"201":0,"202":1},"f":{"0":3,"1":2,"2":1,"3":1,"4":1,"5":2,"6":1,"7":1,"8":1,"9":1,"10":0,"11":0,"12":0,"13":0,"14":0,"15":0,"16":0,"17":0,"18":0,"19":0,"20":0,"21":0,"22":0,"23":0,"24":0,"25":0},"b":{"0":[1,2],"1":[1,0],"2":[1,0],"3":[1,0],"4":[1,0],"5":[1,0],"6":[1,1],"7":[1,1],"8":[2,1,1],"9":[1,0],"10":[0,1],"11":[1,0],"12":[1,1],"13":[1,0],"14":[1,0],"15":[1,0],"16":[0,1],"17":[1,1],"18":[2,1],"19":[0,1],"20":[0,1],"21":[1,1],"22":[0,1],"23":[1,1],"24":[0,1],"25":[0,0],"26":[0,0],"27":[0,0],"28":[0,0],"29":[0,0],"30":[0,0],"31":[0,0],"32":[0,0],"33":[0,0],"34":[0,0],"35":[0,0],"36":[0,0],"37":[0,0],"38":[0,0],"39":[0,0],"40":[0,0],"41":[0,0],"42":[0,0],"43":[0,0],"44":[0,0],"45":[0,0],"46":[0,0],"47":[0,0],"48":[0,0],"49":[0,0],"50":[0,0]},"_coverageSchema":"1a1c01bbd47fc00a2c39e90264f33305004495a9","hash":"6edee4306ebec068cddc4c51bbdde06842637a49"}
,"C:\\Users\\Yazmin Alcazar\\Downloads\\Axel_Main\\Sapitos-2.0\\backend\\utils\\logger.js": {"path":"C:\\Users\\Yazmin Alcazar\\Downloads\\Axel_Main\\Sapitos-2.0\\backend\\utils\\logger.js","statementMap":{"0":{"start":{"line":8,"column":11},"end":{"line":8,"column":24}},"1":{"start":{"line":9,"column":13},"end":{"line":9,"column":28}},"2":{"start":{"line":10,"column":15},"end":{"line":10,"column":37}},"3":{"start":{"line":13,"column":0},"end":{"line":23,"column":3}},"4":{"start":{"line":26,"column":16},"end":{"line":26,"column":50}},"5":{"start":{"line":27,"column":0},"end":{"line":29,"column":1}},"6":{"start":{"line":28,"column":4},"end":{"line":28,"column":47}},"7":{"start":{"line":32,"column":20},"end":{"line":32,"column":30}},"8":{"start":{"line":33,"column":20},"end":{"line":33,"column":169}},"9":{"start":{"line":34,"column":20},"end":{"line":34,"column":51}},"10":{"start":{"line":43,"column":22},"end":{"line":43,"column":46}},"11":{"start":{"line":44,"column":27},"end":{"line":44,"column":67}},"12":{"start":{"line":47,"column":4},"end":{"line":51,"column":7}},"13":{"start":{"line":48,"column":8},"end":{"line":50,"column":9}},"14":{"start":{"line":49,"column":12},"end":{"line":49,"column":93}},"15":{"start":{"line":53,"column":17},"end":{"line":53,"column":19}},"16":{"start":{"line":54,"column":27},"end":{"line":54,"column":34}},"17":{"start":{"line":57,"column":4},"end":{"line":90,"column":5}},"18":{"start":{"line":59,"column":8},"end":{"line":62,"column":9}},"19":{"start":{"line":61,"column":12},"end":{"line":61,"column":19}},"20":{"start":{"line":65,"column":8},"end":{"line":73,"column":9}},"21":{"start":{"line":66,"column":12},"end":{"line":66,"column":52}},"22":{"start":{"line":67,"column":15},"end":{"line":73,"column":9}},"23":{"start":{"line":68,"column":12},"end":{"line":68,"column":52}},"24":{"start":{"line":69,"column":15},"end":{"line":73,"column":9}},"25":{"start":{"line":70,"column":12},"end":{"line":70,"column":50}},"26":{"start":{"line":71,"column":15},"end":{"line":73,"column":9}},"27":{"start":{"line":72,"column":12},"end":{"line":72,"column":50}},"28":{"start":{"line":74,"column":8},"end":{"line":74,"column":36}},"29":{"start":{"line":75,"column":11},"end":{"line":90,"column":5}},"30":{"start":{"line":76,"column":8},"end":{"line":76,"column":36}},"31":{"start":{"line":77,"column":8},"end":{"line":77,"column":49}},"32":{"start":{"line":78,"column":11},"end":{"line":90,"column":5}},"33":{"start":{"line":79,"column":8},"end":{"line":79,"column":35}},"34":{"start":{"line":80,"column":8},"end":{"line":80,"column":48}},"35":{"start":{"line":81,"column":11},"end":{"line":90,"column":5}},"36":{"start":{"line":83,"column":8},"end":{"line":85,"column":9}},"37":{"start":{"line":84,"column":12},"end":{"line":84,"column":19}},"38":{"start":{"line":86,"column":8},"end":{"line":86,"column":36}},"39":{"start":{"line":87,"column":8},"end":{"line":87,"column":49}},"40":{"start":{"line":89,"column":8},"end":{"line":89,"column":30}},"41":{"start":{"line":93,"column":4},"end":{"line":93,"column":48}},"42":{"start":{"line":96,"column":0},"end":{"line":120,"column":2}},"43":{"start":{"line":101,"column":23},"end":{"line":101,"column":43}},"44":{"start":{"line":107,"column":24},"end":{"line":107,"column":45}},"45":{"start":{"line":113,"column":26},"end":{"line":113,"column":49}},"46":{"start":{"line":119,"column":24},"end":{"line":119,"column":45}}},"fnMap":{"0":{"name":"log","decl":{"start":{"line":41,"column":9},"end":{"line":41,"column":12}},"loc":{"start":{"line":41,"column":29},"end":{"line":94,"column":1}},"line":41},"1":{"name":"(anonymous_1)","decl":{"start":{"line":47,"column":47},"end":{"line":47,"column":48}},"loc":{"start":{"line":47,"column":56},"end":{"line":51,"column":5}},"line":47},"2":{"name":"(anonymous_2)","decl":{"start":{"line":101,"column":10},"end":{"line":101,"column":11}},"loc":{"start":{"line":101,"column":23},"end":{"line":101,"column":43}},"line":101},"3":{"name":"(anonymous_3)","decl":{"start":{"line":107,"column":11},"end":{"line":107,"column":12}},"loc":{"start":{"line":107,"column":24},"end":{"line":107,"column":45}},"line":107},"4":{"name":"(anonymous_4)","decl":{"start":{"line":113,"column":13},"end":{"line":113,"column":14}},"loc":{"start":{"line":113,"column":26},"end":{"line":113,"column":49}},"line":113},"5":{"name":"(anonymous_5)","decl":{"start":{"line":119,"column":11},"end":{"line":119,"column":12}},"loc":{"start":{"line":119,"column":24},"end":{"line":119,"column":45}},"line":119}},"branchMap":{"0":{"loc":{"start":{"line":27,"column":0},"end":{"line":29,"column":1}},"type":"if","locations":[{"start":{"line":27,"column":0},"end":{"line":29,"column":1}},{"start":{},"end":{}}],"line":27},"1":{"loc":{"start":{"line":48,"column":8},"end":{"line":50,"column":9}},"type":"if","locations":[{"start":{"line":48,"column":8},"end":{"line":50,"column":9}},{"start":{},"end":{}}],"line":48},"2":{"loc":{"start":{"line":57,"column":4},"end":{"line":90,"column":5}},"type":"if","locations":[{"start":{"line":57,"column":4},"end":{"line":90,"column":5}},{"start":{"line":75,"column":11},"end":{"line":90,"column":5}}],"line":57},"3":{"loc":{"start":{"line":59,"column":8},"end":{"line":62,"column":9}},"type":"if","locations":[{"start":{"line":59,"column":8},"end":{"line":62,"column":9}},{"start":{},"end":{}}],"line":59},"4":{"loc":{"start":{"line":59,"column":12},"end":{"line":60,"column":97}},"type":"binary-expr","locations":[{"start":{"line":59,"column":12},"end":{"line":59,"column":41}},{"start":{"line":59,"column":45},"end":{"line":59,"column":77}},{"start":{"line":60,"column":12},"end":{"line":60,"column":50}},{"start":{"line":60,"column":54},"end":{"line":60,"column":97}}],"line":59},"5":{"loc":{"start":{"line":65,"column":8},"end":{"line":73,"column":9}},"type":"if","locations":[{"start":{"line":65,"column":8},"end":{"line":73,"column":9}},{"start":{"line":67,"column":15},"end":{"line":73,"column":9}}],"line":65},"6":{"loc":{"start":{"line":67,"column":15},"end":{"line":73,"column":9}},"type":"if","locations":[{"start":{"line":67,"column":15},"end":{"line":73,"column":9}},{"start":{"line":69,"column":15},"end":{"line":73,"column":9}}],"line":67},"7":{"loc":{"start":{"line":69,"column":15},"end":{"line":73,"column":9}},"type":"if","locations":[{"start":{"line":69,"column":15},"end":{"line":73,"column":9}},{"start":{"line":71,"column":15},"end":{"line":73,"column":9}}],"line":69},"8":{"loc":{"start":{"line":71,"column":15},"end":{"line":73,"column":9}},"type":"if","locations":[{"start":{"line":71,"column":15},"end":{"line":73,"column":9}},{"start":{},"end":{}}],"line":71},"9":{"loc":{"start":{"line":75,"column":11},"end":{"line":90,"column":5}},"type":"if","locations":[{"start":{"line":75,"column":11},"end":{"line":90,"column":5}},{"start":{"line":78,"column":11},"end":{"line":90,"column":5}}],"line":75},"10":{"loc":{"start":{"line":78,"column":11},"end":{"line":90,"column":5}},"type":"if","locations":[{"start":{"line":78,"column":11},"end":{"line":90,"column":5}},{"start":{"line":81,"column":11},"end":{"line":90,"column":5}}],"line":78},"11":{"loc":{"start":{"line":81,"column":11},"end":{"line":90,"column":5}},"type":"if","locations":[{"start":{"line":81,"column":11},"end":{"line":90,"column":5}},{"start":{"line":88,"column":11},"end":{"line":90,"column":5}}],"line":81},"12":{"loc":{"start":{"line":83,"column":8},"end":{"line":85,"column":9}},"type":"if","locations":[{"start":{"line":83,"column":8},"end":{"line":85,"column":9}},{"start":{},"end":{}}],"line":83}},"s":{"0":1,"1":1,"2":1,"3":1,"4":1,"5":1,"6":0,"7":1,"8":1,"9":1,"10":0,"11":0,"12":0,"13":0,"14":0,"15":0,"16":0,"17":0,"18":0,"19":0,"20":0,"21":0,"22":0,"23":0,"24":0,"25":0,"26":0,"27":0,"28":0,"29":0,"30":0,"31":0,"32":0,"33":0,"34":0,"35":0,"36":0,"37":0,"38":0,"39":0,"40":0,"41":0,"42":1,"43":0,"44":0,"45":0,"46":0},"f":{"0":0,"1":0,"2":0,"3":0,"4":0,"5":0},"b":{"0":[0,1],"1":[0,0],"2":[0,0],"3":[0,0],"4":[0,0,0,0],"5":[0,0],"6":[0,0],"7":[0,0],"8":[0,0],"9":[0,0],"10":[0,0],"11":[0,0],"12":[0,0]},"_coverageSchema":"1a1c01bbd47fc00a2c39e90264f33305004495a9","hash":"4f62d1a4ee9ff495bd08581f8debba2c1934e81f"}
}
