{"C:\\Users\\Yazmin Alcazar\\Downloads\\Axel_Main\\Sapitos-2.0\\backend\\config\\db.js": {"path":"C:\\Users\\Yazmin Alcazar\\Downloads\\Axel_Main\\Sapitos-2.0\\backend\\config\\db.js","statementMap":{"0":{"start":{"line":1,"column":0},"end":{"line":1,"column":27}},"1":{"start":{"line":2,"column":13},"end":{"line":2,"column":40}},"2":{"start":{"line":3,"column":15},"end":{"line":3,"column":41}},"3":{"start":{"line":5,"column":19},"end":{"line":9,"column":1}},"4":{"start":{"line":11,"column":19},"end":{"line":11,"column":42}},"5":{"start":{"line":13,"column":18},"end":{"line":41,"column":1}},"6":{"start":{"line":14,"column":4},"end":{"line":40,"column":7}},"7":{"start":{"line":16,"column":8},"end":{"line":39,"column":11}},"8":{"start":{"line":17,"column":12},"end":{"line":38,"column":13}},"9":{"start":{"line":19,"column":31},"end":{"line":19,"column":58}},"10":{"start":{"line":21,"column":16},"end":{"line":31,"column":17}},"11":{"start":{"line":23,"column":20},"end":{"line":30,"column":21}},"12":{"start":{"line":24,"column":24},"end":{"line":24,"column":88}},"13":{"start":{"line":25,"column":27},"end":{"line":30,"column":21}},"14":{"start":{"line":26,"column":24},"end":{"line":26,"column":84}},"15":{"start":{"line":29,"column":24},"end":{"line":29,"column":76}},"16":{"start":{"line":33,"column":16},"end":{"line":33,"column":39}},"17":{"start":{"line":34,"column":16},"end":{"line":34,"column":28}},"18":{"start":{"line":36,"column":16},"end":{"line":36,"column":63}},"19":{"start":{"line":37,"column":16},"end":{"line":37,"column":36}},"20":{"start":{"line":43,"column":0},"end":{"line":43,"column":43}}},"fnMap":{"0":{"name":"(anonymous_0)","decl":{"start":{"line":13,"column":18},"end":{"line":13,"column":19}},"loc":{"start":{"line":13,"column":30},"end":{"line":41,"column":1}},"line":13},"1":{"name":"(anonymous_1)","decl":{"start":{"line":14,"column":23},"end":{"line":14,"column":24}},"loc":{"start":{"line":14,"column":44},"end":{"line":40,"column":5}},"line":14},"2":{"name":"(anonymous_2)","decl":{"start":{"line":16,"column":39},"end":{"line":16,"column":40}},"loc":{"start":{"line":16,"column":48},"end":{"line":39,"column":9}},"line":16}},"branchMap":{"0":{"loc":{"start":{"line":17,"column":12},"end":{"line":38,"column":13}},"type":"if","locations":[{"start":{"line":17,"column":12},"end":{"line":38,"column":13}},{"start":{"line":35,"column":19},"end":{"line":38,"column":13}}],"line":17},"1":{"loc":{"start":{"line":21,"column":16},"end":{"line":31,"column":17}},"type":"if","locations":[{"start":{"line":21,"column":16},"end":{"line":31,"column":17}},{"start":{},"end":{}}],"line":21},"2":{"loc":{"start":{"line":23,"column":20},"end":{"line":30,"column":21}},"type":"if","locations":[{"start":{"line":23,"column":20},"end":{"line":30,"column":21}},{"start":{"line":25,"column":27},"end":{"line":30,"column":21}}],"line":23},"3":{"loc":{"start":{"line":25,"column":27},"end":{"line":30,"column":21}},"type":"if","locations":[{"start":{"line":25,"column":27},"end":{"line":30,"column":21}},{"start":{"line":27,"column":27},"end":{"line":30,"column":21}}],"line":25}},"s":{"0":6,"1":6,"2":6,"3":6,"4":6,"5":6,"6":0,"7":0,"8":0,"9":0,"10":0,"11":0,"12":0,"13":0,"14":0,"15":0,"16":0,"17":0,"18":0,"19":0,"20":6},"f":{"0":0,"1":0,"2":0},"b":{"0":[0,0],"1":[0,0],"2":[0,0],"3":[0,0]},"_coverageSchema":"1a1c01bbd47fc00a2c39e90264f33305004495a9","hash":"24f7e0d29cc6fe64801a5e6205a042ecdd43a00d"}
,"C:\\Users\\Yazmin Alcazar\\Downloads\\Axel_Main\\Sapitos-2.0\\backend\\controllers\\alertaController.js": {"path":"C:\\Users\\Yazmin Alcazar\\Downloads\\Axel_Main\\Sapitos-2.0\\backend\\controllers\\alertaController.js","statementMap":{"0":{"start":{"line":1,"column":23},"end":{"line":1,"column":46}},"1":{"start":{"line":3,"column":19},"end":{"line":137,"column":1}},"2":{"start":{"line":4,"column":2},"end":{"line":4,"column":52}},"3":{"start":{"line":5,"column":2},"end":{"line":5,"column":42}},"4":{"start":{"line":7,"column":2},"end":{"line":136,"column":3}},"5":{"start":{"line":9,"column":24},"end":{"line":9,"column":70}},"6":{"start":{"line":10,"column":4},"end":{"line":10,"column":55}},"7":{"start":{"line":13,"column":18},"end":{"line":32,"column":5}},"8":{"start":{"line":34,"column":4},"end":{"line":34,"column":44}},"9":{"start":{"line":37,"column":4},"end":{"line":128,"column":7}},"10":{"start":{"line":38,"column":6},"end":{"line":45,"column":7}},"11":{"start":{"line":39,"column":8},"end":{"line":39,"column":58}},"12":{"start":{"line":40,"column":8},"end":{"line":44,"column":11}},"13":{"start":{"line":47,"column":6},"end":{"line":47,"column":94}},"14":{"start":{"line":49,"column":6},"end":{"line":52,"column":7}},"15":{"start":{"line":50,"column":8},"end":{"line":50,"column":63}},"16":{"start":{"line":51,"column":8},"end":{"line":51,"column":40}},"17":{"start":{"line":55,"column":6},"end":{"line":55,"column":91}},"18":{"start":{"line":58,"column":22},"end":{"line":124,"column":8}},"19":{"start":{"line":60,"column":19},"end":{"line":60,"column":28}},"20":{"start":{"line":61,"column":28},"end":{"line":61,"column":49}},"21":{"start":{"line":62,"column":26},"end":{"line":62,"column":39}},"22":{"start":{"line":65,"column":8},"end":{"line":71,"column":9}},"23":{"start":{"line":66,"column":10},"end":{"line":66,"column":26}},"24":{"start":{"line":67,"column":15},"end":{"line":71,"column":9}},"25":{"start":{"line":68,"column":10},"end":{"line":68,"column":27}},"26":{"start":{"line":69,"column":15},"end":{"line":71,"column":9}},"27":{"start":{"line":70,"column":10},"end":{"line":70,"column":24}},"28":{"start":{"line":74,"column":8},"end":{"line":86,"column":9}},"29":{"start":{"line":78,"column":10},"end":{"line":78,"column":26}},"30":{"start":{"line":79,"column":15},"end":{"line":86,"column":9}},"31":{"start":{"line":82,"column":10},"end":{"line":82,"column":27}},"32":{"start":{"line":83,"column":15},"end":{"line":86,"column":9}},"33":{"start":{"line":85,"column":10},"end":{"line":85,"column":27}},"34":{"start":{"line":89,"column":21},"end":{"line":89,"column":29}},"35":{"start":{"line":90,"column":8},"end":{"line":98,"column":9}},"36":{"start":{"line":91,"column":10},"end":{"line":91,"column":32}},"37":{"start":{"line":92,"column":15},"end":{"line":98,"column":9}},"38":{"start":{"line":93,"column":10},"end":{"line":93,"column":28}},"39":{"start":{"line":94,"column":15},"end":{"line":98,"column":9}},"40":{"start":{"line":95,"column":10},"end":{"line":95,"column":29}},"41":{"start":{"line":96,"column":15},"end":{"line":98,"column":9}},"42":{"start":{"line":97,"column":10},"end":{"line":97,"column":29}},"43":{"start":{"line":101,"column":20},"end":{"line":101,"column":29}},"44":{"start":{"line":103,"column":8},"end":{"line":112,"column":9}},"45":{"start":{"line":104,"column":26},"end":{"line":104,"column":41}},"46":{"start":{"line":106,"column":22},"end":{"line":106,"column":32}},"47":{"start":{"line":107,"column":10},"end":{"line":111,"column":11}},"48":{"start":{"line":110,"column":12},"end":{"line":110,"column":38}},"49":{"start":{"line":114,"column":8},"end":{"line":123,"column":10}},"50":{"start":{"line":126,"column":6},"end":{"line":126,"column":71}},"51":{"start":{"line":127,"column":6},"end":{"line":127,"column":36}},"52":{"start":{"line":130,"column":4},"end":{"line":130,"column":45}},"53":{"start":{"line":131,"column":4},"end":{"line":135,"column":7}},"54":{"start":{"line":139,"column":21},"end":{"line":168,"column":1}},"55":{"start":{"line":140,"column":2},"end":{"line":167,"column":3}},"56":{"start":{"line":141,"column":19},"end":{"line":141,"column":29}},"57":{"start":{"line":143,"column":18},"end":{"line":143,"column":78}},"58":{"start":{"line":145,"column":4},"end":{"line":159,"column":7}},"59":{"start":{"line":146,"column":6},"end":{"line":153,"column":7}},"60":{"start":{"line":147,"column":8},"end":{"line":147,"column":56}},"61":{"start":{"line":148,"column":8},"end":{"line":152,"column":11}},"62":{"start":{"line":155,"column":6},"end":{"line":158,"column":9}},"63":{"start":{"line":161,"column":4},"end":{"line":161,"column":54}},"64":{"start":{"line":162,"column":4},"end":{"line":166,"column":7}},"65":{"start":{"line":170,"column":28},"end":{"line":176,"column":1}},"66":{"start":{"line":172,"column":2},"end":{"line":175,"column":5}},"67":{"start":{"line":178,"column":0},"end":{"line":182,"column":2}}},"fnMap":{"0":{"name":"(anonymous_0)","decl":{"start":{"line":3,"column":19},"end":{"line":3,"column":20}},"loc":{"start":{"line":3,"column":39},"end":{"line":137,"column":1}},"line":3},"1":{"name":"(anonymous_1)","decl":{"start":{"line":37,"column":31},"end":{"line":37,"column":32}},"loc":{"start":{"line":37,"column":49},"end":{"line":128,"column":5}},"line":37},"2":{"name":"(anonymous_2)","decl":{"start":{"line":58,"column":34},"end":{"line":58,"column":35}},"loc":{"start":{"line":58,"column":41},"end":{"line":124,"column":7}},"line":58},"3":{"name":"(anonymous_3)","decl":{"start":{"line":139,"column":21},"end":{"line":139,"column":22}},"loc":{"start":{"line":139,"column":41},"end":{"line":168,"column":1}},"line":139},"4":{"name":"(anonymous_4)","decl":{"start":{"line":145,"column":31},"end":{"line":145,"column":32}},"loc":{"start":{"line":145,"column":48},"end":{"line":159,"column":5}},"line":145},"5":{"name":"(anonymous_5)","decl":{"start":{"line":170,"column":28},"end":{"line":170,"column":29}},"loc":{"start":{"line":170,"column":48},"end":{"line":176,"column":1}},"line":170}},"branchMap":{"0":{"loc":{"start":{"line":9,"column":24},"end":{"line":9,"column":70}},"type":"binary-expr","locations":[{"start":{"line":9,"column":24},"end":{"line":9,"column":45}},{"start":{"line":9,"column":49},"end":{"line":9,"column":70}}],"line":9},"1":{"loc":{"start":{"line":25,"column":10},"end":{"line":25,"column":65}},"type":"cond-expr","locations":[{"start":{"line":25,"column":24},"end":{"line":25,"column":60}},{"start":{"line":25,"column":63},"end":{"line":25,"column":65}}],"line":25},"2":{"loc":{"start":{"line":38,"column":6},"end":{"line":45,"column":7}},"type":"if","locations":[{"start":{"line":38,"column":6},"end":{"line":45,"column":7}},{"start":{},"end":{}}],"line":38},"3":{"loc":{"start":{"line":47,"column":64},"end":{"line":47,"column":92}},"type":"cond-expr","locations":[{"start":{"line":47,"column":74},"end":{"line":47,"column":88}},{"start":{"line":47,"column":91},"end":{"line":47,"column":92}}],"line":47},"4":{"loc":{"start":{"line":49,"column":6},"end":{"line":52,"column":7}},"type":"if","locations":[{"start":{"line":49,"column":6},"end":{"line":52,"column":7}},{"start":{},"end":{}}],"line":49},"5":{"loc":{"start":{"line":49,"column":10},"end":{"line":49,"column":69}},"type":"binary-expr","locations":[{"start":{"line":49,"column":10},"end":{"line":49,"column":18}},{"start":{"line":49,"column":22},"end":{"line":49,"column":45}},{"start":{"line":49,"column":49},"end":{"line":49,"column":69}}],"line":49},"6":{"loc":{"start":{"line":61,"column":28},"end":{"line":61,"column":49}},"type":"binary-expr","locations":[{"start":{"line":61,"column":28},"end":{"line":61,"column":43}},{"start":{"line":61,"column":47},"end":{"line":61,"column":49}}],"line":61},"7":{"loc":{"start":{"line":65,"column":8},"end":{"line":71,"column":9}},"type":"if","locations":[{"start":{"line":65,"column":8},"end":{"line":71,"column":9}},{"start":{"line":67,"column":15},"end":{"line":71,"column":9}}],"line":65},"8":{"loc":{"start":{"line":65,"column":12},"end":{"line":65,"column":56}},"type":"binary-expr","locations":[{"start":{"line":65,"column":12},"end":{"line":65,"column":32}},{"start":{"line":65,"column":36},"end":{"line":65,"column":56}}],"line":65},"9":{"loc":{"start":{"line":67,"column":15},"end":{"line":71,"column":9}},"type":"if","locations":[{"start":{"line":67,"column":15},"end":{"line":71,"column":9}},{"start":{"line":69,"column":15},"end":{"line":71,"column":9}}],"line":67},"10":{"loc":{"start":{"line":67,"column":19},"end":{"line":67,"column":66}},"type":"binary-expr","locations":[{"start":{"line":67,"column":19},"end":{"line":67,"column":40}},{"start":{"line":67,"column":44},"end":{"line":67,"column":66}}],"line":67},"11":{"loc":{"start":{"line":69,"column":15},"end":{"line":71,"column":9}},"type":"if","locations":[{"start":{"line":69,"column":15},"end":{"line":71,"column":9}},{"start":{},"end":{}}],"line":69},"12":{"loc":{"start":{"line":69,"column":19},"end":{"line":69,"column":62}},"type":"binary-expr","locations":[{"start":{"line":69,"column":19},"end":{"line":69,"column":39}},{"start":{"line":69,"column":43},"end":{"line":69,"column":62}}],"line":69},"13":{"loc":{"start":{"line":74,"column":8},"end":{"line":86,"column":9}},"type":"if","locations":[{"start":{"line":74,"column":8},"end":{"line":86,"column":9}},{"start":{"line":79,"column":15},"end":{"line":86,"column":9}}],"line":74},"14":{"loc":{"start":{"line":74,"column":12},"end":{"line":77,"column":57}},"type":"binary-expr","locations":[{"start":{"line":74,"column":12},"end":{"line":74,"column":55}},{"start":{"line":75,"column":12},"end":{"line":75,"column":55}},{"start":{"line":76,"column":12},"end":{"line":76,"column":60}},{"start":{"line":77,"column":12},"end":{"line":77,"column":57}}],"line":74},"15":{"loc":{"start":{"line":79,"column":15},"end":{"line":86,"column":9}},"type":"if","locations":[{"start":{"line":79,"column":15},"end":{"line":86,"column":9}},{"start":{"line":83,"column":15},"end":{"line":86,"column":9}}],"line":79},"16":{"loc":{"start":{"line":79,"column":19},"end":{"line":81,"column":63}},"type":"binary-expr","locations":[{"start":{"line":79,"column":19},"end":{"line":79,"column":67}},{"start":{"line":80,"column":18},"end":{"line":80,"column":64}},{"start":{"line":81,"column":18},"end":{"line":81,"column":63}}],"line":79},"17":{"loc":{"start":{"line":83,"column":15},"end":{"line":86,"column":9}},"type":"if","locations":[{"start":{"line":83,"column":15},"end":{"line":86,"column":9}},{"start":{},"end":{}}],"line":83},"18":{"loc":{"start":{"line":83,"column":19},"end":{"line":84,"column":65}},"type":"binary-expr","locations":[{"start":{"line":83,"column":19},"end":{"line":83,"column":66}},{"start":{"line":84,"column":18},"end":{"line":84,"column":65}}],"line":83},"19":{"loc":{"start":{"line":90,"column":8},"end":{"line":98,"column":9}},"type":"if","locations":[{"start":{"line":90,"column":8},"end":{"line":98,"column":9}},{"start":{"line":92,"column":15},"end":{"line":98,"column":9}}],"line":90},"20":{"loc":{"start":{"line":90,"column":12},"end":{"line":90,"column":107}},"type":"binary-expr","locations":[{"start":{"line":90,"column":12},"end":{"line":90,"column":60}},{"start":{"line":90,"column":64},"end":{"line":90,"column":107}}],"line":90},"21":{"loc":{"start":{"line":92,"column":15},"end":{"line":98,"column":9}},"type":"if","locations":[{"start":{"line":92,"column":15},"end":{"line":98,"column":9}},{"start":{"line":94,"column":15},"end":{"line":98,"column":9}}],"line":92},"22":{"loc":{"start":{"line":92,"column":19},"end":{"line":92,"column":110}},"type":"binary-expr","locations":[{"start":{"line":92,"column":19},"end":{"line":92,"column":63}},{"start":{"line":92,"column":67},"end":{"line":92,"column":110}}],"line":92},"23":{"loc":{"start":{"line":94,"column":15},"end":{"line":98,"column":9}},"type":"if","locations":[{"start":{"line":94,"column":15},"end":{"line":98,"column":9}},{"start":{"line":96,"column":15},"end":{"line":98,"column":9}}],"line":94},"24":{"loc":{"start":{"line":94,"column":19},"end":{"line":94,"column":113}},"type":"binary-expr","locations":[{"start":{"line":94,"column":19},"end":{"line":94,"column":64}},{"start":{"line":94,"column":68},"end":{"line":94,"column":113}}],"line":94},"25":{"loc":{"start":{"line":96,"column":15},"end":{"line":98,"column":9}},"type":"if","locations":[{"start":{"line":96,"column":15},"end":{"line":98,"column":9}},{"start":{},"end":{}}],"line":96},"26":{"loc":{"start":{"line":96,"column":19},"end":{"line":96,"column":111}},"type":"binary-expr","locations":[{"start":{"line":96,"column":19},"end":{"line":96,"column":64}},{"start":{"line":96,"column":68},"end":{"line":96,"column":111}}],"line":96},"27":{"loc":{"start":{"line":103,"column":8},"end":{"line":112,"column":9}},"type":"if","locations":[{"start":{"line":103,"column":8},"end":{"line":112,"column":9}},{"start":{},"end":{}}],"line":103},"28":{"loc":{"start":{"line":103,"column":12},"end":{"line":103,"column":66}},"type":"binary-expr","locations":[{"start":{"line":103,"column":12},"end":{"line":103,"column":37}},{"start":{"line":103,"column":41},"end":{"line":103,"column":66}}],"line":103},"29":{"loc":{"start":{"line":107,"column":10},"end":{"line":111,"column":11}},"type":"if","locations":[{"start":{"line":107,"column":10},"end":{"line":111,"column":11}},{"start":{},"end":{}}],"line":107},"30":{"loc":{"start":{"line":146,"column":6},"end":{"line":153,"column":7}},"type":"if","locations":[{"start":{"line":146,"column":6},"end":{"line":153,"column":7}},{"start":{},"end":{}}],"line":146}},"s":{"0":14,"1":14,"2":5,"3":5,"4":5,"5":5,"6":5,"7":5,"8":5,"9":5,"10":5,"11":1,"12":1,"13":4,"14":4,"15":1,"16":1,"17":3,"18":3,"19":3,"20":3,"21":3,"22":3,"23":2,"24":1,"25":0,"26":1,"27":0,"28":3,"29":0,"30":3,"31":0,"32":3,"33":0,"34":3,"35":3,"36":0,"37":3,"38":0,"39":3,"40":0,"41":3,"42":0,"43":3,"44":3,"45":3,"46":3,"47":3,"48":1,"49":3,"50":3,"51":3,"52":0,"53":0,"54":14,"55":3,"56":3,"57":3,"58":3,"59":2,"60":1,"61":1,"62":1,"63":1,"64":1,"65":14,"66":0,"67":14},"f":{"0":5,"1":5,"2":3,"3":3,"4":2,"5":0},"b":{"0":[5,4],"1":[1,4],"2":[1,4],"3":[4,0],"4":[1,3],"5":[4,4,4],"6":[3,0],"7":[2,1],"8":[3,1],"9":[0,1],"10":[1,1],"11":[0,1],"12":[1,1],"13":[0,3],"14":[3,3,3,3],"15":[0,3],"16":[3,3,3],"17":[0,3],"18":[3,3],"19":[0,3],"20":[3,3],"21":[0,3],"22":[3,3],"23":[0,3],"24":[3,3],"25":[0,3],"26":[3,3],"27":[3,0],"28":[3,3],"29":[1,2],"30":[1,1]},"_coverageSchema":"1a1c01bbd47fc00a2c39e90264f33305004495a9","hash":"d1bd9a211a8fb035ff96d48af42ea6e8b93b02ba"}
,"C:\\Users\\Yazmin Alcazar\\Downloads\\Axel_Main\\Sapitos-2.0\\backend\\controllers\\articuloController.js": {"path":"C:\\Users\\Yazmin Alcazar\\Downloads\\Axel_Main\\Sapitos-2.0\\backend\\controllers\\articuloController.js","statementMap":{"0":{"start":{"line":1,"column":23},"end":{"line":1,"column":46}},"1":{"start":{"line":4,"column":21},"end":{"line":15,"column":1}},"2":{"start":{"line":5,"column":16},"end":{"line":5,"column":41}},"3":{"start":{"line":7,"column":2},"end":{"line":14,"column":5}},"4":{"start":{"line":8,"column":4},"end":{"line":11,"column":5}},"5":{"start":{"line":9,"column":6},"end":{"line":9,"column":56}},"6":{"start":{"line":10,"column":6},"end":{"line":10,"column":79}},"7":{"start":{"line":13,"column":4},"end":{"line":13,"column":19}},"8":{"start":{"line":18,"column":23},"end":{"line":45,"column":1}},"9":{"start":{"line":19,"column":73},"end":{"line":19,"column":81}},"10":{"start":{"line":21,"column":2},"end":{"line":23,"column":3}},"11":{"start":{"line":22,"column":4},"end":{"line":22,"column":71}},"12":{"start":{"line":25,"column":16},"end":{"line":28,"column":3}},"13":{"start":{"line":30,"column":2},"end":{"line":44,"column":5}},"14":{"start":{"line":31,"column":4},"end":{"line":34,"column":5}},"15":{"start":{"line":32,"column":6},"end":{"line":32,"column":52}},"16":{"start":{"line":33,"column":6},"end":{"line":33,"column":58}},"17":{"start":{"line":36,"column":4},"end":{"line":43,"column":7}},"18":{"start":{"line":37,"column":6},"end":{"line":40,"column":7}},"19":{"start":{"line":38,"column":8},"end":{"line":38,"column":58}},"20":{"start":{"line":39,"column":8},"end":{"line":39,"column":64}},"21":{"start":{"line":42,"column":6},"end":{"line":42,"column":72}},"22":{"start":{"line":48,"column":23},"end":{"line":77,"column":1}},"23":{"start":{"line":49,"column":17},"end":{"line":49,"column":27}},"24":{"start":{"line":50,"column":73},"end":{"line":50,"column":81}},"25":{"start":{"line":52,"column":2},"end":{"line":54,"column":3}},"26":{"start":{"line":53,"column":4},"end":{"line":53,"column":71}},"27":{"start":{"line":56,"column":16},"end":{"line":60,"column":3}},"28":{"start":{"line":62,"column":2},"end":{"line":76,"column":5}},"29":{"start":{"line":63,"column":4},"end":{"line":66,"column":5}},"30":{"start":{"line":64,"column":6},"end":{"line":64,"column":52}},"31":{"start":{"line":65,"column":6},"end":{"line":65,"column":58}},"32":{"start":{"line":68,"column":4},"end":{"line":75,"column":7}},"33":{"start":{"line":69,"column":6},"end":{"line":72,"column":7}},"34":{"start":{"line":70,"column":8},"end":{"line":70,"column":59}},"35":{"start":{"line":71,"column":8},"end":{"line":71,"column":64}},"36":{"start":{"line":74,"column":6},"end":{"line":74,"column":66}},"37":{"start":{"line":80,"column":23},"end":{"line":104,"column":1}},"38":{"start":{"line":81,"column":17},"end":{"line":81,"column":27}},"39":{"start":{"line":83,"column":2},"end":{"line":85,"column":3}},"40":{"start":{"line":84,"column":4},"end":{"line":84,"column":71}},"41":{"start":{"line":87,"column":16},"end":{"line":87,"column":61}},"42":{"start":{"line":89,"column":2},"end":{"line":103,"column":5}},"43":{"start":{"line":90,"column":4},"end":{"line":93,"column":5}},"44":{"start":{"line":91,"column":6},"end":{"line":91,"column":53}},"45":{"start":{"line":92,"column":6},"end":{"line":92,"column":58}},"46":{"start":{"line":95,"column":4},"end":{"line":102,"column":7}},"47":{"start":{"line":96,"column":6},"end":{"line":99,"column":7}},"48":{"start":{"line":97,"column":8},"end":{"line":97,"column":59}},"49":{"start":{"line":98,"column":8},"end":{"line":98,"column":64}},"50":{"start":{"line":101,"column":6},"end":{"line":101,"column":64}},"51":{"start":{"line":106,"column":0},"end":{"line":111,"column":2}}},"fnMap":{"0":{"name":"(anonymous_0)","decl":{"start":{"line":4,"column":21},"end":{"line":4,"column":22}},"loc":{"start":{"line":4,"column":35},"end":{"line":15,"column":1}},"line":4},"1":{"name":"(anonymous_1)","decl":{"start":{"line":7,"column":29},"end":{"line":7,"column":30}},"loc":{"start":{"line":7,"column":44},"end":{"line":14,"column":3}},"line":7},"2":{"name":"(anonymous_2)","decl":{"start":{"line":18,"column":23},"end":{"line":18,"column":24}},"loc":{"start":{"line":18,"column":37},"end":{"line":45,"column":1}},"line":18},"3":{"name":"(anonymous_3)","decl":{"start":{"line":30,"column":28},"end":{"line":30,"column":29}},"loc":{"start":{"line":30,"column":48},"end":{"line":44,"column":3}},"line":30},"4":{"name":"(anonymous_4)","decl":{"start":{"line":36,"column":81},"end":{"line":36,"column":82}},"loc":{"start":{"line":36,"column":94},"end":{"line":43,"column":5}},"line":36},"5":{"name":"(anonymous_5)","decl":{"start":{"line":48,"column":23},"end":{"line":48,"column":24}},"loc":{"start":{"line":48,"column":37},"end":{"line":77,"column":1}},"line":48},"6":{"name":"(anonymous_6)","decl":{"start":{"line":62,"column":28},"end":{"line":62,"column":29}},"loc":{"start":{"line":62,"column":48},"end":{"line":76,"column":3}},"line":62},"7":{"name":"(anonymous_7)","decl":{"start":{"line":68,"column":85},"end":{"line":68,"column":86}},"loc":{"start":{"line":68,"column":98},"end":{"line":75,"column":5}},"line":68},"8":{"name":"(anonymous_8)","decl":{"start":{"line":80,"column":23},"end":{"line":80,"column":24}},"loc":{"start":{"line":80,"column":37},"end":{"line":104,"column":1}},"line":80},"9":{"name":"(anonymous_9)","decl":{"start":{"line":89,"column":28},"end":{"line":89,"column":29}},"loc":{"start":{"line":89,"column":48},"end":{"line":103,"column":3}},"line":89},"10":{"name":"(anonymous_10)","decl":{"start":{"line":95,"column":25},"end":{"line":95,"column":26}},"loc":{"start":{"line":95,"column":38},"end":{"line":102,"column":5}},"line":95}},"branchMap":{"0":{"loc":{"start":{"line":8,"column":4},"end":{"line":11,"column":5}},"type":"if","locations":[{"start":{"line":8,"column":4},"end":{"line":11,"column":5}},{"start":{},"end":{}}],"line":8},"1":{"loc":{"start":{"line":21,"column":2},"end":{"line":23,"column":3}},"type":"if","locations":[{"start":{"line":21,"column":2},"end":{"line":23,"column":3}},{"start":{},"end":{}}],"line":21},"2":{"loc":{"start":{"line":21,"column":6},"end":{"line":21,"column":91}},"type":"binary-expr","locations":[{"start":{"line":21,"column":6},"end":{"line":21,"column":13}},{"start":{"line":21,"column":17},"end":{"line":21,"column":27}},{"start":{"line":21,"column":31},"end":{"line":21,"column":54}},{"start":{"line":21,"column":58},"end":{"line":21,"column":77}},{"start":{"line":21,"column":81},"end":{"line":21,"column":91}}],"line":21},"3":{"loc":{"start":{"line":31,"column":4},"end":{"line":34,"column":5}},"type":"if","locations":[{"start":{"line":31,"column":4},"end":{"line":34,"column":5}},{"start":{},"end":{}}],"line":31},"4":{"loc":{"start":{"line":37,"column":6},"end":{"line":40,"column":7}},"type":"if","locations":[{"start":{"line":37,"column":6},"end":{"line":40,"column":7}},{"start":{},"end":{}}],"line":37},"5":{"loc":{"start":{"line":52,"column":2},"end":{"line":54,"column":3}},"type":"if","locations":[{"start":{"line":52,"column":2},"end":{"line":54,"column":3}},{"start":{},"end":{}}],"line":52},"6":{"loc":{"start":{"line":52,"column":6},"end":{"line":52,"column":98}},"type":"binary-expr","locations":[{"start":{"line":52,"column":6},"end":{"line":52,"column":9}},{"start":{"line":52,"column":13},"end":{"line":52,"column":20}},{"start":{"line":52,"column":24},"end":{"line":52,"column":34}},{"start":{"line":52,"column":38},"end":{"line":52,"column":61}},{"start":{"line":52,"column":65},"end":{"line":52,"column":84}},{"start":{"line":52,"column":88},"end":{"line":52,"column":98}}],"line":52},"7":{"loc":{"start":{"line":63,"column":4},"end":{"line":66,"column":5}},"type":"if","locations":[{"start":{"line":63,"column":4},"end":{"line":66,"column":5}},{"start":{},"end":{}}],"line":63},"8":{"loc":{"start":{"line":69,"column":6},"end":{"line":72,"column":7}},"type":"if","locations":[{"start":{"line":69,"column":6},"end":{"line":72,"column":7}},{"start":{},"end":{}}],"line":69},"9":{"loc":{"start":{"line":83,"column":2},"end":{"line":85,"column":3}},"type":"if","locations":[{"start":{"line":83,"column":2},"end":{"line":85,"column":3}},{"start":{},"end":{}}],"line":83},"10":{"loc":{"start":{"line":90,"column":4},"end":{"line":93,"column":5}},"type":"if","locations":[{"start":{"line":90,"column":4},"end":{"line":93,"column":5}},{"start":{},"end":{}}],"line":90},"11":{"loc":{"start":{"line":96,"column":6},"end":{"line":99,"column":7}},"type":"if","locations":[{"start":{"line":96,"column":6},"end":{"line":99,"column":7}},{"start":{},"end":{}}],"line":96}},"s":{"0":1,"1":1,"2":2,"3":2,"4":2,"5":1,"6":1,"7":1,"8":1,"9":4,"10":4,"11":1,"12":3,"13":3,"14":3,"15":1,"16":1,"17":2,"18":2,"19":1,"20":1,"21":1,"22":1,"23":3,"24":3,"25":3,"26":1,"27":2,"28":2,"29":2,"30":0,"31":0,"32":2,"33":2,"34":1,"35":1,"36":1,"37":1,"38":3,"39":3,"40":1,"41":2,"42":2,"43":2,"44":0,"45":0,"46":2,"47":2,"48":1,"49":1,"50":1,"51":1},"f":{"0":2,"1":2,"2":4,"3":3,"4":2,"5":3,"6":2,"7":2,"8":3,"9":2,"10":2},"b":{"0":[1,1],"1":[1,3],"2":[4,4,3,3,3],"3":[1,2],"4":[1,1],"5":[1,2],"6":[3,2,2,2,2,2],"7":[0,2],"8":[1,1],"9":[1,2],"10":[0,2],"11":[1,1]},"_coverageSchema":"1a1c01bbd47fc00a2c39e90264f33305004495a9","hash":"7a5311f27f30e41421bd88a3c70e59a26fea0429"}
,"C:\\Users\\Yazmin Alcazar\\Downloads\\Axel_Main\\Sapitos-2.0\\backend\\controllers\\inventoryController.js": {"path":"C:\\Users\\Yazmin Alcazar\\Downloads\\Axel_Main\\Sapitos-2.0\\backend\\controllers\\inventoryController.js","statementMap":{"0":{"start":{"line":1,"column":23},"end":{"line":1,"column":46}},"1":{"start":{"line":2,"column":12},"end":{"line":2,"column":35}},"2":{"start":{"line":3,"column":32},"end":{"line":3,"column":61}},"3":{"start":{"line":5,"column":21},"end":{"line":65,"column":1}},"4":{"start":{"line":6,"column":2},"end":{"line":64,"column":3}},"5":{"start":{"line":7,"column":18},"end":{"line":31,"column":5}},"6":{"start":{"line":33,"column":4},"end":{"line":60,"column":7}},"7":{"start":{"line":34,"column":6},"end":{"line":37,"column":7}},"8":{"start":{"line":35,"column":8},"end":{"line":35,"column":61}},"9":{"start":{"line":36,"column":8},"end":{"line":36,"column":81}},"10":{"start":{"line":39,"column":24},"end":{"line":58,"column":9}},"11":{"start":{"line":39,"column":44},"end":{"line":58,"column":7}},"12":{"start":{"line":59,"column":6},"end":{"line":59,"column":38}},"13":{"start":{"line":62,"column":4},"end":{"line":62,"column":43}},"14":{"start":{"line":63,"column":4},"end":{"line":63,"column":58}},"15":{"start":{"line":67,"column":24},"end":{"line":141,"column":1}},"16":{"start":{"line":78,"column":6},"end":{"line":78,"column":14}},"17":{"start":{"line":80,"column":2},"end":{"line":140,"column":3}},"18":{"start":{"line":82,"column":31},"end":{"line":82,"column":88}},"19":{"start":{"line":84,"column":4},"end":{"line":136,"column":7}},"20":{"start":{"line":85,"column":6},"end":{"line":88,"column":7}},"21":{"start":{"line":86,"column":8},"end":{"line":86,"column":62}},"22":{"start":{"line":87,"column":8},"end":{"line":87,"column":81}},"23":{"start":{"line":90,"column":6},"end":{"line":92,"column":7}},"24":{"start":{"line":91,"column":8},"end":{"line":91,"column":85}},"25":{"start":{"line":95,"column":33},"end":{"line":95,"column":90}},"26":{"start":{"line":97,"column":6},"end":{"line":135,"column":9}},"27":{"start":{"line":98,"column":8},"end":{"line":101,"column":9}},"28":{"start":{"line":99,"column":10},"end":{"line":99,"column":65}},"29":{"start":{"line":100,"column":10},"end":{"line":100,"column":84}},"30":{"start":{"line":103,"column":8},"end":{"line":105,"column":9}},"31":{"start":{"line":104,"column":10},"end":{"line":104,"column":88}},"32":{"start":{"line":108,"column":28},"end":{"line":113,"column":9}},"33":{"start":{"line":115,"column":23},"end":{"line":118,"column":9}},"34":{"start":{"line":120,"column":8},"end":{"line":134,"column":11}},"35":{"start":{"line":121,"column":10},"end":{"line":124,"column":11}},"36":{"start":{"line":122,"column":12},"end":{"line":122,"column":78}},"37":{"start":{"line":123,"column":12},"end":{"line":123,"column":84}},"38":{"start":{"line":126,"column":10},"end":{"line":133,"column":13}},"39":{"start":{"line":127,"column":12},"end":{"line":130,"column":13}},"40":{"start":{"line":128,"column":14},"end":{"line":128,"column":80}},"41":{"start":{"line":129,"column":14},"end":{"line":129,"column":94}},"42":{"start":{"line":132,"column":12},"end":{"line":132,"column":82}},"43":{"start":{"line":138,"column":4},"end":{"line":138,"column":43}},"44":{"start":{"line":139,"column":4},"end":{"line":139,"column":58}},"45":{"start":{"line":143,"column":25},"end":{"line":221,"column":1}},"46":{"start":{"line":144,"column":13},"end":{"line":144,"column":26}},"47":{"start":{"line":146,"column":2},"end":{"line":220,"column":3}},"48":{"start":{"line":147,"column":18},"end":{"line":176,"column":5}},"49":{"start":{"line":178,"column":4},"end":{"line":216,"column":7}},"50":{"start":{"line":179,"column":6},"end":{"line":182,"column":7}},"51":{"start":{"line":180,"column":8},"end":{"line":180,"column":59}},"52":{"start":{"line":181,"column":8},"end":{"line":181,"column":78}},"53":{"start":{"line":184,"column":6},"end":{"line":186,"column":7}},"54":{"start":{"line":185,"column":8},"end":{"line":185,"column":75}},"55":{"start":{"line":188,"column":19},"end":{"line":188,"column":28}},"56":{"start":{"line":189,"column":24},"end":{"line":213,"column":7}},"57":{"start":{"line":215,"column":6},"end":{"line":215,"column":38}},"58":{"start":{"line":218,"column":4},"end":{"line":218,"column":43}},"59":{"start":{"line":219,"column":4},"end":{"line":219,"column":58}},"60":{"start":{"line":223,"column":24},"end":{"line":364,"column":1}},"61":{"start":{"line":224,"column":13},"end":{"line":224,"column":26}},"62":{"start":{"line":233,"column":6},"end":{"line":233,"column":14}},"63":{"start":{"line":235,"column":2},"end":{"line":363,"column":3}},"64":{"start":{"line":237,"column":30},"end":{"line":246,"column":5}},"65":{"start":{"line":248,"column":28},"end":{"line":257,"column":6}},"66":{"start":{"line":249,"column":6},"end":{"line":256,"column":9}},"67":{"start":{"line":250,"column":8},"end":{"line":254,"column":9}},"68":{"start":{"line":251,"column":10},"end":{"line":251,"column":63}},"69":{"start":{"line":252,"column":10},"end":{"line":252,"column":22}},"70":{"start":{"line":253,"column":10},"end":{"line":253,"column":17}},"71":{"start":{"line":255,"column":8},"end":{"line":255,"column":24}},"72":{"start":{"line":259,"column":4},"end":{"line":261,"column":5}},"73":{"start":{"line":260,"column":6},"end":{"line":260,"column":73}},"74":{"start":{"line":263,"column":29},"end":{"line":263,"column":47}},"75":{"start":{"line":266,"column":22},"end":{"line":266,"column":47}},"76":{"start":{"line":267,"column":23},"end":{"line":267,"column":25}},"77":{"start":{"line":268,"column":23},"end":{"line":268,"column":25}},"78":{"start":{"line":270,"column":4},"end":{"line":273,"column":5}},"79":{"start":{"line":271,"column":6},"end":{"line":271,"column":43}},"80":{"start":{"line":272,"column":6},"end":{"line":272,"column":37}},"81":{"start":{"line":275,"column":4},"end":{"line":278,"column":5}},"82":{"start":{"line":276,"column":6},"end":{"line":276,"column":43}},"83":{"start":{"line":277,"column":6},"end":{"line":277,"column":37}},"84":{"start":{"line":280,"column":4},"end":{"line":283,"column":5}},"85":{"start":{"line":281,"column":6},"end":{"line":281,"column":48}},"86":{"start":{"line":282,"column":6},"end":{"line":282,"column":42}},"87":{"start":{"line":285,"column":4},"end":{"line":288,"column":5}},"88":{"start":{"line":286,"column":6},"end":{"line":286,"column":46}},"89":{"start":{"line":287,"column":6},"end":{"line":287,"column":40}},"90":{"start":{"line":290,"column":4},"end":{"line":293,"column":5}},"91":{"start":{"line":291,"column":6},"end":{"line":291,"column":46}},"92":{"start":{"line":292,"column":6},"end":{"line":292,"column":40}},"93":{"start":{"line":295,"column":4},"end":{"line":298,"column":5}},"94":{"start":{"line":296,"column":6},"end":{"line":296,"column":48}},"95":{"start":{"line":297,"column":6},"end":{"line":297,"column":42}},"96":{"start":{"line":300,"column":4},"end":{"line":303,"column":5}},"97":{"start":{"line":301,"column":6},"end":{"line":301,"column":47}},"98":{"start":{"line":302,"column":6},"end":{"line":302,"column":41}},"99":{"start":{"line":306,"column":4},"end":{"line":308,"column":5}},"100":{"start":{"line":307,"column":6},"end":{"line":307,"column":91}},"101":{"start":{"line":310,"column":4},"end":{"line":310,"column":72}},"102":{"start":{"line":311,"column":4},"end":{"line":311,"column":26}},"103":{"start":{"line":314,"column":4},"end":{"line":323,"column":7}},"104":{"start":{"line":315,"column":6},"end":{"line":322,"column":9}},"105":{"start":{"line":316,"column":8},"end":{"line":320,"column":9}},"106":{"start":{"line":317,"column":10},"end":{"line":317,"column":64}},"107":{"start":{"line":318,"column":10},"end":{"line":318,"column":22}},"108":{"start":{"line":319,"column":10},"end":{"line":319,"column":17}},"109":{"start":{"line":321,"column":8},"end":{"line":321,"column":24}},"110":{"start":{"line":326,"column":4},"end":{"line":357,"column":5}},"111":{"start":{"line":327,"column":32},"end":{"line":327,"column":102}},"112":{"start":{"line":330,"column":6},"end":{"line":356,"column":7}},"113":{"start":{"line":331,"column":8},"end":{"line":355,"column":9}},"114":{"start":{"line":333,"column":32},"end":{"line":333,"column":114}},"115":{"start":{"line":334,"column":34},"end":{"line":334,"column":37}},"116":{"start":{"line":336,"column":10},"end":{"line":338,"column":11}},"117":{"start":{"line":337,"column":12},"end":{"line":337,"column":73}},"118":{"start":{"line":341,"column":41},"end":{"line":341,"column":126}},"119":{"start":{"line":342,"column":33},"end":{"line":342,"column":82}},"120":{"start":{"line":344,"column":10},"end":{"line":349,"column":12}},"121":{"start":{"line":351,"column":10},"end":{"line":351,"column":111}},"122":{"start":{"line":354,"column":10},"end":{"line":354,"column":84}},"123":{"start":{"line":359,"column":4},"end":{"line":359,"column":65}},"124":{"start":{"line":361,"column":4},"end":{"line":361,"column":68}},"125":{"start":{"line":362,"column":4},"end":{"line":362,"column":97}},"126":{"start":{"line":366,"column":24},"end":{"line":399,"column":1}},"127":{"start":{"line":367,"column":13},"end":{"line":367,"column":26}},"128":{"start":{"line":369,"column":2},"end":{"line":398,"column":3}},"129":{"start":{"line":371,"column":23},"end":{"line":371,"column":86}},"130":{"start":{"line":373,"column":4},"end":{"line":394,"column":7}},"131":{"start":{"line":374,"column":6},"end":{"line":377,"column":7}},"132":{"start":{"line":375,"column":8},"end":{"line":375,"column":64}},"133":{"start":{"line":376,"column":8},"end":{"line":376,"column":83}},"134":{"start":{"line":379,"column":6},"end":{"line":381,"column":7}},"135":{"start":{"line":380,"column":8},"end":{"line":380,"column":75}},"136":{"start":{"line":384,"column":26},"end":{"line":384,"column":75}},"137":{"start":{"line":386,"column":6},"end":{"line":393,"column":9}},"138":{"start":{"line":387,"column":8},"end":{"line":390,"column":9}},"139":{"start":{"line":388,"column":10},"end":{"line":388,"column":65}},"140":{"start":{"line":389,"column":10},"end":{"line":389,"column":84}},"141":{"start":{"line":392,"column":8},"end":{"line":392,"column":79}},"142":{"start":{"line":396,"column":4},"end":{"line":396,"column":43}},"143":{"start":{"line":397,"column":4},"end":{"line":397,"column":58}},"144":{"start":{"line":401,"column":22},"end":{"line":436,"column":1}},"145":{"start":{"line":402,"column":2},"end":{"line":435,"column":3}},"146":{"start":{"line":403,"column":18},"end":{"line":413,"column":5}},"147":{"start":{"line":415,"column":4},"end":{"line":431,"column":7}},"148":{"start":{"line":416,"column":6},"end":{"line":419,"column":7}},"149":{"start":{"line":417,"column":8},"end":{"line":417,"column":63}},"150":{"start":{"line":418,"column":8},"end":{"line":418,"column":83}},"151":{"start":{"line":421,"column":25},"end":{"line":428,"column":9}},"152":{"start":{"line":421,"column":45},"end":{"line":428,"column":7}},"153":{"start":{"line":430,"column":6},"end":{"line":430,"column":39}},"154":{"start":{"line":433,"column":4},"end":{"line":433,"column":43}},"155":{"start":{"line":434,"column":4},"end":{"line":434,"column":58}},"156":{"start":{"line":438,"column":31},"end":{"line":505,"column":1}},"157":{"start":{"line":439,"column":21},"end":{"line":439,"column":42}},"158":{"start":{"line":441,"column":2},"end":{"line":504,"column":3}},"159":{"start":{"line":442,"column":18},"end":{"line":466,"column":5}},"160":{"start":{"line":468,"column":4},"end":{"line":500,"column":7}},"161":{"start":{"line":469,"column":6},"end":{"line":472,"column":7}},"162":{"start":{"line":470,"column":8},"end":{"line":470,"column":73}},"163":{"start":{"line":471,"column":8},"end":{"line":471,"column":92}},"164":{"start":{"line":474,"column":6},"end":{"line":476,"column":7}},"165":{"start":{"line":475,"column":8},"end":{"line":475,"column":96}},"166":{"start":{"line":478,"column":24},"end":{"line":497,"column":9}},"167":{"start":{"line":478,"column":44},"end":{"line":497,"column":7}},"168":{"start":{"line":499,"column":6},"end":{"line":499,"column":38}},"169":{"start":{"line":502,"column":4},"end":{"line":502,"column":43}},"170":{"start":{"line":503,"column":4},"end":{"line":503,"column":58}},"171":{"start":{"line":507,"column":21},"end":{"line":542,"column":1}},"172":{"start":{"line":508,"column":2},"end":{"line":541,"column":3}},"173":{"start":{"line":509,"column":18},"end":{"line":519,"column":5}},"174":{"start":{"line":521,"column":4},"end":{"line":537,"column":7}},"175":{"start":{"line":522,"column":6},"end":{"line":525,"column":7}},"176":{"start":{"line":523,"column":8},"end":{"line":523,"column":61}},"177":{"start":{"line":524,"column":8},"end":{"line":524,"column":81}},"178":{"start":{"line":527,"column":24},"end":{"line":534,"column":9}},"179":{"start":{"line":527,"column":44},"end":{"line":534,"column":7}},"180":{"start":{"line":536,"column":6},"end":{"line":536,"column":38}},"181":{"start":{"line":539,"column":4},"end":{"line":539,"column":43}},"182":{"start":{"line":540,"column":4},"end":{"line":540,"column":58}},"183":{"start":{"line":544,"column":31},"end":{"line":611,"column":1}},"184":{"start":{"line":545,"column":20},"end":{"line":545,"column":40}},"185":{"start":{"line":547,"column":2},"end":{"line":610,"column":3}},"186":{"start":{"line":548,"column":18},"end":{"line":572,"column":5}},"187":{"start":{"line":574,"column":4},"end":{"line":606,"column":7}},"188":{"start":{"line":575,"column":6},"end":{"line":578,"column":7}},"189":{"start":{"line":576,"column":8},"end":{"line":576,"column":73}},"190":{"start":{"line":577,"column":8},"end":{"line":577,"column":92}},"191":{"start":{"line":580,"column":6},"end":{"line":582,"column":7}},"192":{"start":{"line":581,"column":8},"end":{"line":581,"column":96}},"193":{"start":{"line":584,"column":24},"end":{"line":603,"column":9}},"194":{"start":{"line":584,"column":44},"end":{"line":603,"column":7}},"195":{"start":{"line":605,"column":6},"end":{"line":605,"column":38}},"196":{"start":{"line":608,"column":4},"end":{"line":608,"column":43}},"197":{"start":{"line":609,"column":4},"end":{"line":609,"column":58}},"198":{"start":{"line":613,"column":0},"end":{"line":623,"column":2}}},"fnMap":{"0":{"name":"(anonymous_0)","decl":{"start":{"line":5,"column":21},"end":{"line":5,"column":22}},"loc":{"start":{"line":5,"column":41},"end":{"line":65,"column":1}},"line":5},"1":{"name":"(anonymous_1)","decl":{"start":{"line":33,"column":31},"end":{"line":33,"column":32}},"loc":{"start":{"line":33,"column":54},"end":{"line":60,"column":5}},"line":33},"2":{"name":"(anonymous_2)","decl":{"start":{"line":39,"column":35},"end":{"line":39,"column":36}},"loc":{"start":{"line":39,"column":44},"end":{"line":58,"column":7}},"line":39},"3":{"name":"(anonymous_3)","decl":{"start":{"line":67,"column":24},"end":{"line":67,"column":25}},"loc":{"start":{"line":67,"column":44},"end":{"line":141,"column":1}},"line":67},"4":{"name":"(anonymous_4)","decl":{"start":{"line":84,"column":54},"end":{"line":84,"column":55}},"loc":{"start":{"line":84,"column":79},"end":{"line":136,"column":5}},"line":84},"5":{"name":"(anonymous_5)","decl":{"start":{"line":97,"column":56},"end":{"line":97,"column":57}},"loc":{"start":{"line":97,"column":81},"end":{"line":135,"column":7}},"line":97},"6":{"name":"(anonymous_6)","decl":{"start":{"line":120,"column":40},"end":{"line":120,"column":41}},"loc":{"start":{"line":120,"column":60},"end":{"line":134,"column":9}},"line":120},"7":{"name":"(anonymous_7)","decl":{"start":{"line":126,"column":36},"end":{"line":126,"column":37}},"loc":{"start":{"line":126,"column":53},"end":{"line":133,"column":11}},"line":126},"8":{"name":"(anonymous_8)","decl":{"start":{"line":143,"column":25},"end":{"line":143,"column":26}},"loc":{"start":{"line":143,"column":45},"end":{"line":221,"column":1}},"line":143},"9":{"name":"(anonymous_9)","decl":{"start":{"line":178,"column":33},"end":{"line":178,"column":34}},"loc":{"start":{"line":178,"column":50},"end":{"line":216,"column":5}},"line":178},"10":{"name":"(anonymous_10)","decl":{"start":{"line":223,"column":24},"end":{"line":223,"column":25}},"loc":{"start":{"line":223,"column":44},"end":{"line":364,"column":1}},"line":223},"11":{"name":"(anonymous_11)","decl":{"start":{"line":248,"column":46},"end":{"line":248,"column":47}},"loc":{"start":{"line":248,"column":67},"end":{"line":257,"column":5}},"line":248},"12":{"name":"(anonymous_12)","decl":{"start":{"line":249,"column":47},"end":{"line":249,"column":48}},"loc":{"start":{"line":249,"column":64},"end":{"line":256,"column":7}},"line":249},"13":{"name":"(anonymous_13)","decl":{"start":{"line":314,"column":22},"end":{"line":314,"column":23}},"loc":{"start":{"line":314,"column":43},"end":{"line":323,"column":5}},"line":314},"14":{"name":"(anonymous_14)","decl":{"start":{"line":315,"column":49},"end":{"line":315,"column":50}},"loc":{"start":{"line":315,"column":66},"end":{"line":322,"column":7}},"line":315},"15":{"name":"(anonymous_15)","decl":{"start":{"line":366,"column":24},"end":{"line":366,"column":25}},"loc":{"start":{"line":366,"column":44},"end":{"line":399,"column":1}},"line":366},"16":{"name":"(anonymous_16)","decl":{"start":{"line":373,"column":38},"end":{"line":373,"column":39}},"loc":{"start":{"line":373,"column":55},"end":{"line":394,"column":5}},"line":373},"17":{"name":"(anonymous_17)","decl":{"start":{"line":386,"column":41},"end":{"line":386,"column":42}},"loc":{"start":{"line":386,"column":58},"end":{"line":393,"column":7}},"line":386},"18":{"name":"(anonymous_18)","decl":{"start":{"line":401,"column":22},"end":{"line":401,"column":23}},"loc":{"start":{"line":401,"column":42},"end":{"line":436,"column":1}},"line":401},"19":{"name":"(anonymous_19)","decl":{"start":{"line":415,"column":31},"end":{"line":415,"column":32}},"loc":{"start":{"line":415,"column":54},"end":{"line":431,"column":5}},"line":415},"20":{"name":"(anonymous_20)","decl":{"start":{"line":421,"column":36},"end":{"line":421,"column":37}},"loc":{"start":{"line":421,"column":45},"end":{"line":428,"column":7}},"line":421},"21":{"name":"(anonymous_21)","decl":{"start":{"line":438,"column":31},"end":{"line":438,"column":32}},"loc":{"start":{"line":438,"column":51},"end":{"line":505,"column":1}},"line":438},"22":{"name":"(anonymous_22)","decl":{"start":{"line":468,"column":41},"end":{"line":468,"column":42}},"loc":{"start":{"line":468,"column":58},"end":{"line":500,"column":5}},"line":468},"23":{"name":"(anonymous_23)","decl":{"start":{"line":478,"column":35},"end":{"line":478,"column":36}},"loc":{"start":{"line":478,"column":44},"end":{"line":497,"column":7}},"line":478},"24":{"name":"(anonymous_24)","decl":{"start":{"line":507,"column":21},"end":{"line":507,"column":22}},"loc":{"start":{"line":507,"column":41},"end":{"line":542,"column":1}},"line":507},"25":{"name":"(anonymous_25)","decl":{"start":{"line":521,"column":31},"end":{"line":521,"column":32}},"loc":{"start":{"line":521,"column":54},"end":{"line":537,"column":5}},"line":521},"26":{"name":"(anonymous_26)","decl":{"start":{"line":527,"column":35},"end":{"line":527,"column":36}},"loc":{"start":{"line":527,"column":44},"end":{"line":534,"column":7}},"line":527},"27":{"name":"(anonymous_27)","decl":{"start":{"line":544,"column":31},"end":{"line":544,"column":32}},"loc":{"start":{"line":544,"column":51},"end":{"line":611,"column":1}},"line":544},"28":{"name":"(anonymous_28)","decl":{"start":{"line":574,"column":40},"end":{"line":574,"column":41}},"loc":{"start":{"line":574,"column":57},"end":{"line":606,"column":5}},"line":574},"29":{"name":"(anonymous_29)","decl":{"start":{"line":584,"column":35},"end":{"line":584,"column":36}},"loc":{"start":{"line":584,"column":44},"end":{"line":603,"column":7}},"line":584}},"branchMap":{"0":{"loc":{"start":{"line":34,"column":6},"end":{"line":37,"column":7}},"type":"if","locations":[{"start":{"line":34,"column":6},"end":{"line":37,"column":7}},{"start":{},"end":{}}],"line":34},"1":{"loc":{"start":{"line":85,"column":6},"end":{"line":88,"column":7}},"type":"if","locations":[{"start":{"line":85,"column":6},"end":{"line":88,"column":7}},{"start":{},"end":{}}],"line":85},"2":{"loc":{"start":{"line":90,"column":6},"end":{"line":92,"column":7}},"type":"if","locations":[{"start":{"line":90,"column":6},"end":{"line":92,"column":7}},{"start":{},"end":{}}],"line":90},"3":{"loc":{"start":{"line":98,"column":8},"end":{"line":101,"column":9}},"type":"if","locations":[{"start":{"line":98,"column":8},"end":{"line":101,"column":9}},{"start":{},"end":{}}],"line":98},"4":{"loc":{"start":{"line":103,"column":8},"end":{"line":105,"column":9}},"type":"if","locations":[{"start":{"line":103,"column":8},"end":{"line":105,"column":9}},{"start":{},"end":{}}],"line":103},"5":{"loc":{"start":{"line":121,"column":10},"end":{"line":124,"column":11}},"type":"if","locations":[{"start":{"line":121,"column":10},"end":{"line":124,"column":11}},{"start":{},"end":{}}],"line":121},"6":{"loc":{"start":{"line":127,"column":12},"end":{"line":130,"column":13}},"type":"if","locations":[{"start":{"line":127,"column":12},"end":{"line":130,"column":13}},{"start":{},"end":{}}],"line":127},"7":{"loc":{"start":{"line":179,"column":6},"end":{"line":182,"column":7}},"type":"if","locations":[{"start":{"line":179,"column":6},"end":{"line":182,"column":7}},{"start":{},"end":{}}],"line":179},"8":{"loc":{"start":{"line":184,"column":6},"end":{"line":186,"column":7}},"type":"if","locations":[{"start":{"line":184,"column":6},"end":{"line":186,"column":7}},{"start":{},"end":{}}],"line":184},"9":{"loc":{"start":{"line":250,"column":8},"end":{"line":254,"column":9}},"type":"if","locations":[{"start":{"line":250,"column":8},"end":{"line":254,"column":9}},{"start":{},"end":{}}],"line":250},"10":{"loc":{"start":{"line":259,"column":4},"end":{"line":261,"column":5}},"type":"if","locations":[{"start":{"line":259,"column":4},"end":{"line":261,"column":5}},{"start":{},"end":{}}],"line":259},"11":{"loc":{"start":{"line":259,"column":8},"end":{"line":259,"column":56}},"type":"binary-expr","locations":[{"start":{"line":259,"column":8},"end":{"line":259,"column":24}},{"start":{"line":259,"column":28},"end":{"line":259,"column":56}}],"line":259},"12":{"loc":{"start":{"line":270,"column":4},"end":{"line":273,"column":5}},"type":"if","locations":[{"start":{"line":270,"column":4},"end":{"line":273,"column":5}},{"start":{},"end":{}}],"line":270},"13":{"loc":{"start":{"line":275,"column":4},"end":{"line":278,"column":5}},"type":"if","locations":[{"start":{"line":275,"column":4},"end":{"line":278,"column":5}},{"start":{},"end":{}}],"line":275},"14":{"loc":{"start":{"line":280,"column":4},"end":{"line":283,"column":5}},"type":"if","locations":[{"start":{"line":280,"column":4},"end":{"line":283,"column":5}},{"start":{},"end":{}}],"line":280},"15":{"loc":{"start":{"line":285,"column":4},"end":{"line":288,"column":5}},"type":"if","locations":[{"start":{"line":285,"column":4},"end":{"line":288,"column":5}},{"start":{},"end":{}}],"line":285},"16":{"loc":{"start":{"line":290,"column":4},"end":{"line":293,"column":5}},"type":"if","locations":[{"start":{"line":290,"column":4},"end":{"line":293,"column":5}},{"start":{},"end":{}}],"line":290},"17":{"loc":{"start":{"line":295,"column":4},"end":{"line":298,"column":5}},"type":"if","locations":[{"start":{"line":295,"column":4},"end":{"line":298,"column":5}},{"start":{},"end":{}}],"line":295},"18":{"loc":{"start":{"line":300,"column":4},"end":{"line":303,"column":5}},"type":"if","locations":[{"start":{"line":300,"column":4},"end":{"line":303,"column":5}},{"start":{},"end":{}}],"line":300},"19":{"loc":{"start":{"line":306,"column":4},"end":{"line":308,"column":5}},"type":"if","locations":[{"start":{"line":306,"column":4},"end":{"line":308,"column":5}},{"start":{},"end":{}}],"line":306},"20":{"loc":{"start":{"line":316,"column":8},"end":{"line":320,"column":9}},"type":"if","locations":[{"start":{"line":316,"column":8},"end":{"line":320,"column":9}},{"start":{},"end":{}}],"line":316},"21":{"loc":{"start":{"line":326,"column":4},"end":{"line":357,"column":5}},"type":"if","locations":[{"start":{"line":326,"column":4},"end":{"line":357,"column":5}},{"start":{},"end":{}}],"line":326},"22":{"loc":{"start":{"line":327,"column":32},"end":{"line":327,"column":102}},"type":"cond-expr","locations":[{"start":{"line":327,"column":60},"end":{"line":327,"column":71}},{"start":{"line":327,"column":74},"end":{"line":327,"column":102}}],"line":327},"23":{"loc":{"start":{"line":330,"column":6},"end":{"line":356,"column":7}},"type":"if","locations":[{"start":{"line":330,"column":6},"end":{"line":356,"column":7}},{"start":{},"end":{}}],"line":330},"24":{"loc":{"start":{"line":333,"column":32},"end":{"line":333,"column":114}},"type":"cond-expr","locations":[{"start":{"line":333,"column":64},"end":{"line":333,"column":79}},{"start":{"line":333,"column":82},"end":{"line":333,"column":114}}],"line":333},"25":{"loc":{"start":{"line":336,"column":10},"end":{"line":338,"column":11}},"type":"if","locations":[{"start":{"line":336,"column":10},"end":{"line":338,"column":11}},{"start":{},"end":{}}],"line":336},"26":{"loc":{"start":{"line":336,"column":14},"end":{"line":336,"column":48}},"type":"binary-expr","locations":[{"start":{"line":336,"column":14},"end":{"line":336,"column":27}},{"start":{"line":336,"column":31},"end":{"line":336,"column":48}}],"line":336},"27":{"loc":{"start":{"line":341,"column":41},"end":{"line":341,"column":126}},"type":"cond-expr","locations":[{"start":{"line":341,"column":74},"end":{"line":341,"column":90}},{"start":{"line":341,"column":93},"end":{"line":341,"column":126}}],"line":341},"28":{"loc":{"start":{"line":374,"column":6},"end":{"line":377,"column":7}},"type":"if","locations":[{"start":{"line":374,"column":6},"end":{"line":377,"column":7}},{"start":{},"end":{}}],"line":374},"29":{"loc":{"start":{"line":379,"column":6},"end":{"line":381,"column":7}},"type":"if","locations":[{"start":{"line":379,"column":6},"end":{"line":381,"column":7}},{"start":{},"end":{}}],"line":379},"30":{"loc":{"start":{"line":387,"column":8},"end":{"line":390,"column":9}},"type":"if","locations":[{"start":{"line":387,"column":8},"end":{"line":390,"column":9}},{"start":{},"end":{}}],"line":387},"31":{"loc":{"start":{"line":416,"column":6},"end":{"line":419,"column":7}},"type":"if","locations":[{"start":{"line":416,"column":6},"end":{"line":419,"column":7}},{"start":{},"end":{}}],"line":416},"32":{"loc":{"start":{"line":469,"column":6},"end":{"line":472,"column":7}},"type":"if","locations":[{"start":{"line":469,"column":6},"end":{"line":472,"column":7}},{"start":{},"end":{}}],"line":469},"33":{"loc":{"start":{"line":474,"column":6},"end":{"line":476,"column":7}},"type":"if","locations":[{"start":{"line":474,"column":6},"end":{"line":476,"column":7}},{"start":{},"end":{}}],"line":474},"34":{"loc":{"start":{"line":522,"column":6},"end":{"line":525,"column":7}},"type":"if","locations":[{"start":{"line":522,"column":6},"end":{"line":525,"column":7}},{"start":{},"end":{}}],"line":522},"35":{"loc":{"start":{"line":575,"column":6},"end":{"line":578,"column":7}},"type":"if","locations":[{"start":{"line":575,"column":6},"end":{"line":578,"column":7}},{"start":{},"end":{}}],"line":575},"36":{"loc":{"start":{"line":580,"column":6},"end":{"line":582,"column":7}},"type":"if","locations":[{"start":{"line":580,"column":6},"end":{"line":582,"column":7}},{"start":{},"end":{}}],"line":580}},"s":{"0":7,"1":7,"2":7,"3":7,"4":5,"5":5,"6":5,"7":5,"8":2,"9":2,"10":3,"11":2,"12":3,"13":0,"14":0,"15":7,"16":9,"17":9,"18":9,"19":9,"20":9,"21":1,"22":1,"23":8,"24":2,"25":6,"26":6,"27":6,"28":1,"29":1,"30":5,"31":1,"32":4,"33":4,"34":4,"35":4,"36":1,"37":1,"38":3,"39":3,"40":1,"41":1,"42":2,"43":0,"44":0,"45":7,"46":7,"47":7,"48":7,"49":7,"50":6,"51":2,"52":2,"53":4,"54":2,"55":2,"56":2,"57":2,"58":1,"59":1,"60":7,"61":8,"62":8,"63":8,"64":8,"65":8,"66":8,"67":8,"68":1,"69":1,"70":1,"71":7,"72":7,"73":3,"74":4,"75":4,"76":4,"77":4,"78":4,"79":3,"80":3,"81":4,"82":3,"83":3,"84":4,"85":3,"86":3,"87":4,"88":3,"89":3,"90":4,"91":3,"92":3,"93":4,"94":3,"95":3,"96":4,"97":3,"98":3,"99":4,"100":1,"101":3,"102":3,"103":3,"104":3,"105":3,"106":0,"107":0,"108":0,"109":3,"110":3,"111":3,"112":3,"113":1,"114":1,"115":1,"116":1,"117":1,"118":1,"119":1,"120":1,"121":1,"122":0,"123":3,"124":1,"125":1,"126":7,"127":5,"128":5,"129":5,"130":5,"131":5,"132":1,"133":1,"134":4,"135":1,"136":3,"137":3,"138":3,"139":1,"140":1,"141":2,"142":0,"143":0,"144":7,"145":3,"146":3,"147":3,"148":3,"149":1,"150":1,"151":2,"152":2,"153":2,"154":0,"155":0,"156":7,"157":0,"158":0,"159":0,"160":0,"161":0,"162":0,"163":0,"164":0,"165":0,"166":0,"167":0,"168":0,"169":0,"170":0,"171":7,"172":0,"173":0,"174":0,"175":0,"176":0,"177":0,"178":0,"179":0,"180":0,"181":0,"182":0,"183":7,"184":0,"185":0,"186":0,"187":0,"188":0,"189":0,"190":0,"191":0,"192":0,"193":0,"194":0,"195":0,"196":0,"197":0,"198":7},"f":{"0":5,"1":5,"2":2,"3":9,"4":9,"5":6,"6":4,"7":3,"8":7,"9":6,"10":8,"11":8,"12":8,"13":3,"14":3,"15":5,"16":5,"17":3,"18":3,"19":3,"20":2,"21":0,"22":0,"23":0,"24":0,"25":0,"26":0,"27":0,"28":0,"29":0},"b":{"0":[2,3],"1":[1,8],"2":[2,6],"3":[1,5],"4":[1,4],"5":[1,3],"6":[1,2],"7":[2,4],"8":[2,2],"9":[1,7],"10":[3,4],"11":[7,7],"12":[3,1],"13":[3,1],"14":[3,1],"15":[3,1],"16":[3,1],"17":[3,1],"18":[3,1],"19":[1,3],"20":[0,3],"21":[3,0],"22":[3,0],"23":[1,2],"24":[1,0],"25":[1,0],"26":[1,1],"27":[1,0],"28":[1,4],"29":[1,3],"30":[1,2],"31":[1,2],"32":[0,0],"33":[0,0],"34":[0,0],"35":[0,0],"36":[0,0]},"_coverageSchema":"1a1c01bbd47fc00a2c39e90264f33305004495a9","hash":"febf0302461267b2427312dec29f0d25df5710ed"}
,"C:\\Users\\Yazmin Alcazar\\Downloads\\Axel_Main\\Sapitos-2.0\\backend\\controllers\\kpiController.js": {"path":"C:\\Users\\Yazmin Alcazar\\Downloads\\Axel_Main\\Sapitos-2.0\\backend\\controllers\\kpiController.js","statementMap":{"0":{"start":{"line":1,"column":23},"end":{"line":1,"column":46}},"1":{"start":{"line":3,"column":24},"end":{"line":22,"column":1}},"2":{"start":{"line":4,"column":2},"end":{"line":21,"column":5}},"3":{"start":{"line":5,"column":4},"end":{"line":8,"column":5}},"4":{"start":{"line":6,"column":6},"end":{"line":6,"column":64}},"5":{"start":{"line":7,"column":6},"end":{"line":7,"column":83}},"6":{"start":{"line":10,"column":20},"end":{"line":10,"column":59}},"7":{"start":{"line":11,"column":21},"end":{"line":11,"column":61}},"8":{"start":{"line":13,"column":29},"end":{"line":15,"column":31}},"9":{"start":{"line":17,"column":4},"end":{"line":20,"column":7}},"10":{"start":{"line":25,"column":21},"end":{"line":58,"column":1}},"11":{"start":{"line":26,"column":25},"end":{"line":26,"column":34}},"12":{"start":{"line":28,"column":14},"end":{"line":36,"column":58}},"13":{"start":{"line":39,"column":2},"end":{"line":41,"column":3}},"14":{"start":{"line":40,"column":4},"end":{"line":40,"column":62}},"15":{"start":{"line":43,"column":2},"end":{"line":56,"column":4}},"16":{"start":{"line":57,"column":2},"end":{"line":57,"column":40}},"17":{"start":{"line":61,"column":23},"end":{"line":94,"column":1}},"18":{"start":{"line":62,"column":25},"end":{"line":62,"column":34}},"19":{"start":{"line":64,"column":14},"end":{"line":70,"column":36}},"20":{"start":{"line":73,"column":2},"end":{"line":77,"column":3}},"21":{"start":{"line":74,"column":4},"end":{"line":76,"column":55}},"22":{"start":{"line":79,"column":2},"end":{"line":92,"column":4}},"23":{"start":{"line":93,"column":2},"end":{"line":93,"column":42}},"24":{"start":{"line":97,"column":24},"end":{"line":129,"column":1}},"25":{"start":{"line":98,"column":27},"end":{"line":98,"column":36}},"26":{"start":{"line":100,"column":16},"end":{"line":107,"column":65}},"27":{"start":{"line":110,"column":4},"end":{"line":112,"column":5}},"28":{"start":{"line":111,"column":8},"end":{"line":111,"column":66}},"29":{"start":{"line":114,"column":4},"end":{"line":127,"column":4}},"30":{"start":{"line":128,"column":2},"end":{"line":128,"column":43}},"31":{"start":{"line":132,"column":23},"end":{"line":167,"column":1}},"32":{"start":{"line":133,"column":25},"end":{"line":133,"column":34}},"33":{"start":{"line":135,"column":14},"end":{"line":141,"column":24}},"34":{"start":{"line":144,"column":2},"end":{"line":150,"column":3}},"35":{"start":{"line":145,"column":4},"end":{"line":147,"column":83}},"36":{"start":{"line":149,"column":4},"end":{"line":149,"column":46}},"37":{"start":{"line":152,"column":2},"end":{"line":165,"column":4}},"38":{"start":{"line":166,"column":2},"end":{"line":166,"column":42}},"39":{"start":{"line":170,"column":33},"end":{"line":220,"column":1}},"40":{"start":{"line":171,"column":33},"end":{"line":171,"column":42}},"41":{"start":{"line":174,"column":2},"end":{"line":211,"column":3}},"42":{"start":{"line":175,"column":4},"end":{"line":179,"column":35}},"43":{"start":{"line":182,"column":4},"end":{"line":186,"column":5}},"44":{"start":{"line":183,"column":6},"end":{"line":185,"column":53}},"45":{"start":{"line":188,"column":4},"end":{"line":191,"column":6}},"46":{"start":{"line":193,"column":4},"end":{"line":198,"column":35}},"47":{"start":{"line":201,"column":4},"end":{"line":205,"column":5}},"48":{"start":{"line":202,"column":6},"end":{"line":204,"column":53}},"49":{"start":{"line":207,"column":4},"end":{"line":210,"column":6}},"50":{"start":{"line":213,"column":2},"end":{"line":219,"column":5}},"51":{"start":{"line":214,"column":4},"end":{"line":217,"column":5}},"52":{"start":{"line":215,"column":6},"end":{"line":215,"column":86}},"53":{"start":{"line":216,"column":6},"end":{"line":216,"column":105}},"54":{"start":{"line":218,"column":4},"end":{"line":218,"column":19}},"55":{"start":{"line":222,"column":0},"end":{"line":228,"column":2}}},"fnMap":{"0":{"name":"(anonymous_0)","decl":{"start":{"line":3,"column":24},"end":{"line":3,"column":25}},"loc":{"start":{"line":3,"column":49},"end":{"line":22,"column":1}},"line":3},"1":{"name":"(anonymous_1)","decl":{"start":{"line":4,"column":29},"end":{"line":4,"column":30}},"loc":{"start":{"line":4,"column":44},"end":{"line":21,"column":3}},"line":4},"2":{"name":"(anonymous_2)","decl":{"start":{"line":25,"column":21},"end":{"line":25,"column":22}},"loc":{"start":{"line":25,"column":35},"end":{"line":58,"column":1}},"line":25},"3":{"name":"(anonymous_3)","decl":{"start":{"line":61,"column":23},"end":{"line":61,"column":24}},"loc":{"start":{"line":61,"column":37},"end":{"line":94,"column":1}},"line":61},"4":{"name":"(anonymous_4)","decl":{"start":{"line":97,"column":24},"end":{"line":97,"column":25}},"loc":{"start":{"line":97,"column":38},"end":{"line":129,"column":1}},"line":97},"5":{"name":"(anonymous_5)","decl":{"start":{"line":132,"column":23},"end":{"line":132,"column":24}},"loc":{"start":{"line":132,"column":37},"end":{"line":167,"column":1}},"line":132},"6":{"name":"(anonymous_6)","decl":{"start":{"line":170,"column":33},"end":{"line":170,"column":34}},"loc":{"start":{"line":170,"column":47},"end":{"line":220,"column":1}},"line":170},"7":{"name":"(anonymous_7)","decl":{"start":{"line":213,"column":29},"end":{"line":213,"column":30}},"loc":{"start":{"line":213,"column":44},"end":{"line":219,"column":3}},"line":213}},"branchMap":{"0":{"loc":{"start":{"line":5,"column":4},"end":{"line":8,"column":5}},"type":"if","locations":[{"start":{"line":5,"column":4},"end":{"line":8,"column":5}},{"start":{},"end":{}}],"line":5},"1":{"loc":{"start":{"line":10,"column":31},"end":{"line":10,"column":58}},"type":"binary-expr","locations":[{"start":{"line":10,"column":31},"end":{"line":10,"column":53}},{"start":{"line":10,"column":57},"end":{"line":10,"column":58}}],"line":10},"2":{"loc":{"start":{"line":11,"column":32},"end":{"line":11,"column":60}},"type":"binary-expr","locations":[{"start":{"line":11,"column":32},"end":{"line":11,"column":55}},{"start":{"line":11,"column":59},"end":{"line":11,"column":60}}],"line":11},"3":{"loc":{"start":{"line":13,"column":29},"end":{"line":15,"column":31}},"type":"cond-expr","locations":[{"start":{"line":14,"column":10},"end":{"line":14,"column":49}},{"start":{"line":15,"column":10},"end":{"line":15,"column":31}}],"line":13},"4":{"loc":{"start":{"line":15,"column":10},"end":{"line":15,"column":31}},"type":"cond-expr","locations":[{"start":{"line":15,"column":24},"end":{"line":15,"column":27}},{"start":{"line":15,"column":30},"end":{"line":15,"column":31}}],"line":15},"5":{"loc":{"start":{"line":39,"column":2},"end":{"line":41,"column":3}},"type":"if","locations":[{"start":{"line":39,"column":2},"end":{"line":41,"column":3}},{"start":{},"end":{}}],"line":39},"6":{"loc":{"start":{"line":39,"column":6},"end":{"line":39,"column":71}},"type":"binary-expr","locations":[{"start":{"line":39,"column":6},"end":{"line":39,"column":16}},{"start":{"line":39,"column":20},"end":{"line":39,"column":46}},{"start":{"line":39,"column":50},"end":{"line":39,"column":71}}],"line":39},"7":{"loc":{"start":{"line":73,"column":2},"end":{"line":77,"column":3}},"type":"if","locations":[{"start":{"line":73,"column":2},"end":{"line":77,"column":3}},{"start":{},"end":{}}],"line":73},"8":{"loc":{"start":{"line":73,"column":6},"end":{"line":73,"column":71}},"type":"binary-expr","locations":[{"start":{"line":73,"column":6},"end":{"line":73,"column":16}},{"start":{"line":73,"column":20},"end":{"line":73,"column":46}},{"start":{"line":73,"column":50},"end":{"line":73,"column":71}}],"line":73},"9":{"loc":{"start":{"line":110,"column":4},"end":{"line":112,"column":5}},"type":"if","locations":[{"start":{"line":110,"column":4},"end":{"line":112,"column":5}},{"start":{},"end":{}}],"line":110},"10":{"loc":{"start":{"line":110,"column":8},"end":{"line":110,"column":73}},"type":"binary-expr","locations":[{"start":{"line":110,"column":8},"end":{"line":110,"column":18}},{"start":{"line":110,"column":22},"end":{"line":110,"column":48}},{"start":{"line":110,"column":52},"end":{"line":110,"column":73}}],"line":110},"11":{"loc":{"start":{"line":144,"column":2},"end":{"line":150,"column":3}},"type":"if","locations":[{"start":{"line":144,"column":2},"end":{"line":150,"column":3}},{"start":{"line":148,"column":9},"end":{"line":150,"column":3}}],"line":144},"12":{"loc":{"start":{"line":144,"column":6},"end":{"line":144,"column":71}},"type":"binary-expr","locations":[{"start":{"line":144,"column":6},"end":{"line":144,"column":16}},{"start":{"line":144,"column":20},"end":{"line":144,"column":46}},{"start":{"line":144,"column":50},"end":{"line":144,"column":71}}],"line":144},"13":{"loc":{"start":{"line":174,"column":2},"end":{"line":211,"column":3}},"type":"if","locations":[{"start":{"line":174,"column":2},"end":{"line":211,"column":3}},{"start":{"line":192,"column":9},"end":{"line":211,"column":3}}],"line":174},"14":{"loc":{"start":{"line":182,"column":4},"end":{"line":186,"column":5}},"type":"if","locations":[{"start":{"line":182,"column":4},"end":{"line":186,"column":5}},{"start":{},"end":{}}],"line":182},"15":{"loc":{"start":{"line":182,"column":8},"end":{"line":182,"column":73}},"type":"binary-expr","locations":[{"start":{"line":182,"column":8},"end":{"line":182,"column":18}},{"start":{"line":182,"column":22},"end":{"line":182,"column":48}},{"start":{"line":182,"column":52},"end":{"line":182,"column":73}}],"line":182},"16":{"loc":{"start":{"line":201,"column":4},"end":{"line":205,"column":5}},"type":"if","locations":[{"start":{"line":201,"column":4},"end":{"line":205,"column":5}},{"start":{},"end":{}}],"line":201},"17":{"loc":{"start":{"line":201,"column":8},"end":{"line":201,"column":73}},"type":"binary-expr","locations":[{"start":{"line":201,"column":8},"end":{"line":201,"column":18}},{"start":{"line":201,"column":22},"end":{"line":201,"column":48}},{"start":{"line":201,"column":52},"end":{"line":201,"column":73}}],"line":201},"18":{"loc":{"start":{"line":214,"column":4},"end":{"line":217,"column":5}},"type":"if","locations":[{"start":{"line":214,"column":4},"end":{"line":217,"column":5}},{"start":{},"end":{}}],"line":214}},"s":{"0":1,"1":1,"2":12,"3":12,"4":4,"5":4,"6":8,"7":8,"8":8,"9":8,"10":1,"11":3,"12":3,"13":3,"14":1,"15":3,"16":3,"17":1,"18":3,"19":3,"20":3,"21":1,"22":3,"23":3,"24":1,"25":3,"26":3,"27":3,"28":1,"29":3,"30":3,"31":1,"32":3,"33":3,"34":3,"35":1,"36":2,"37":3,"38":3,"39":1,"40":3,"41":3,"42":1,"43":1,"44":0,"45":1,"46":2,"47":2,"48":0,"49":2,"50":3,"51":3,"52":1,"53":1,"54":2,"55":1},"f":{"0":12,"1":12,"2":3,"3":3,"4":3,"5":3,"6":3,"7":3},"b":{"0":[4,8],"1":[8,0],"2":[8,0],"3":[8,0],"4":[0,0],"5":[1,2],"6":[3,1,1],"7":[1,2],"8":[3,1,1],"9":[1,2],"10":[3,1,1],"11":[1,2],"12":[3,1,1],"13":[1,2],"14":[0,1],"15":[1,0,0],"16":[0,2],"17":[2,0,0],"18":[1,2]},"_coverageSchema":"1a1c01bbd47fc00a2c39e90264f33305004495a9","hash":"fe53c83399f74e2eaac103d00a78cbf820e0e471"}
,"C:\\Users\\Yazmin Alcazar\\Downloads\\Axel_Main\\Sapitos-2.0\\backend\\controllers\\mlModelController.js": {"path":"C:\\Users\\Yazmin Alcazar\\Downloads\\Axel_Main\\Sapitos-2.0\\backend\\controllers\\mlModelController.js","statementMap":{"0":{"start":{"line":8,"column":27},"end":{"line":8,"column":70}},"1":{"start":{"line":9,"column":15},"end":{"line":9,"column":41}},"2":{"start":{"line":10,"column":13},"end":{"line":10,"column":28}},"3":{"start":{"line":11,"column":11},"end":{"line":11,"column":24}},"4":{"start":{"line":16,"column":23},"end":{"line":48,"column":1}},"5":{"start":{"line":17,"column":4},"end":{"line":47,"column":5}},"6":{"start":{"line":18,"column":8},"end":{"line":18,"column":66}},"7":{"start":{"line":20,"column":27},"end":{"line":20,"column":99}},"8":{"start":{"line":21,"column":26},"end":{"line":21,"column":50}},"9":{"start":{"line":22,"column":8},"end":{"line":22,"column":84}},"10":{"start":{"line":22,"column":39},"end":{"line":22,"column":84}},"11":{"start":{"line":23,"column":8},"end":{"line":23,"column":123}},"12":{"start":{"line":26,"column":8},"end":{"line":31,"column":9}},"13":{"start":{"line":27,"column":12},"end":{"line":30,"column":15}},"14":{"start":{"line":34,"column":8},"end":{"line":34,"column":25}},"15":{"start":{"line":36,"column":8},"end":{"line":39,"column":11}},"16":{"start":{"line":41,"column":8},"end":{"line":41,"column":65}},"17":{"start":{"line":42,"column":8},"end":{"line":46,"column":11}},"18":{"start":{"line":53,"column":27},"end":{"line":103,"column":1}},"19":{"start":{"line":54,"column":4},"end":{"line":102,"column":5}},"20":{"start":{"line":55,"column":8},"end":{"line":60,"column":9}},"21":{"start":{"line":56,"column":12},"end":{"line":59,"column":15}},"22":{"start":{"line":62,"column":24},"end":{"line":62,"column":73}},"23":{"start":{"line":64,"column":8},"end":{"line":64,"column":52}},"24":{"start":{"line":66,"column":8},"end":{"line":72,"column":9}},"25":{"start":{"line":67,"column":12},"end":{"line":67,"column":75}},"26":{"start":{"line":68,"column":12},"end":{"line":71,"column":15}},"27":{"start":{"line":75,"column":22},"end":{"line":78,"column":22}},"28":{"start":{"line":76,"column":28},"end":{"line":76,"column":67}},"29":{"start":{"line":80,"column":8},"end":{"line":85,"column":9}},"30":{"start":{"line":81,"column":12},"end":{"line":84,"column":15}},"31":{"start":{"line":88,"column":26},"end":{"line":88,"column":79}},"32":{"start":{"line":90,"column":8},"end":{"line":94,"column":11}},"33":{"start":{"line":96,"column":8},"end":{"line":96,"column":62}},"34":{"start":{"line":97,"column":8},"end":{"line":101,"column":11}},"35":{"start":{"line":108,"column":31},"end":{"line":162,"column":1}},"36":{"start":{"line":109,"column":4},"end":{"line":161,"column":5}},"37":{"start":{"line":111,"column":27},"end":{"line":111,"column":104}},"38":{"start":{"line":112,"column":8},"end":{"line":112,"column":58}},"39":{"start":{"line":114,"column":30},"end":{"line":114,"column":65}},"40":{"start":{"line":117,"column":25},"end":{"line":117,"column":72}},"41":{"start":{"line":118,"column":26},"end":{"line":118,"column":74}},"42":{"start":{"line":119,"column":28},"end":{"line":119,"column":78}},"43":{"start":{"line":121,"column":28},"end":{"line":121,"column":64}},"44":{"start":{"line":122,"column":29},"end":{"line":122,"column":67}},"45":{"start":{"line":123,"column":31},"end":{"line":123,"column":73}},"46":{"start":{"line":126,"column":25},"end":{"line":128,"column":9}},"47":{"start":{"line":129,"column":24},"end":{"line":129,"column":45}},"48":{"start":{"line":132,"column":20},"end":{"line":132,"column":30}},"49":{"start":{"line":133,"column":22},"end":{"line":133,"column":32}},"50":{"start":{"line":136,"column":8},"end":{"line":136,"column":61}},"51":{"start":{"line":139,"column":8},"end":{"line":139,"column":80}},"52":{"start":{"line":142,"column":8},"end":{"line":144,"column":9}},"53":{"start":{"line":143,"column":12},"end":{"line":143,"column":51}},"54":{"start":{"line":146,"column":8},"end":{"line":153,"column":11}},"55":{"start":{"line":155,"column":8},"end":{"line":155,"column":72}},"56":{"start":{"line":156,"column":8},"end":{"line":160,"column":11}},"57":{"start":{"line":167,"column":23},"end":{"line":229,"column":1}},"58":{"start":{"line":168,"column":4},"end":{"line":228,"column":5}},"59":{"start":{"line":170,"column":8},"end":{"line":175,"column":9}},"60":{"start":{"line":171,"column":12},"end":{"line":174,"column":15}},"61":{"start":{"line":179,"column":27},"end":{"line":179,"column":99}},"62":{"start":{"line":181,"column":21},"end":{"line":181,"column":31}},"63":{"start":{"line":182,"column":26},"end":{"line":182,"column":30}},"64":{"start":{"line":184,"column":8},"end":{"line":214,"column":9}},"65":{"start":{"line":185,"column":12},"end":{"line":192,"column":13}},"66":{"start":{"line":186,"column":37},"end":{"line":186,"column":84}},"67":{"start":{"line":187,"column":16},"end":{"line":187,"column":59}},"68":{"start":{"line":188,"column":16},"end":{"line":188,"column":55}},"69":{"start":{"line":190,"column":16},"end":{"line":190,"column":74}},"70":{"start":{"line":195,"column":28},"end":{"line":195,"column":77}},"71":{"start":{"line":197,"column":12},"end":{"line":213,"column":13}},"72":{"start":{"line":198,"column":30},"end":{"line":201,"column":30}},"73":{"start":{"line":199,"column":36},"end":{"line":199,"column":75}},"74":{"start":{"line":203,"column":16},"end":{"line":212,"column":17}},"75":{"start":{"line":205,"column":20},"end":{"line":205,"column":38}},"76":{"start":{"line":208,"column":34},"end":{"line":208,"column":91}},"77":{"start":{"line":209,"column":20},"end":{"line":211,"column":21}},"78":{"start":{"line":210,"column":24},"end":{"line":210,"column":47}},"79":{"start":{"line":216,"column":8},"end":{"line":220,"column":11}},"80":{"start":{"line":222,"column":8},"end":{"line":222,"column":64}},"81":{"start":{"line":223,"column":8},"end":{"line":227,"column":11}},"82":{"start":{"line":234,"column":26},"end":{"line":282,"column":1}},"83":{"start":{"line":235,"column":4},"end":{"line":281,"column":5}},"84":{"start":{"line":237,"column":8},"end":{"line":242,"column":9}},"85":{"start":{"line":238,"column":12},"end":{"line":241,"column":15}},"86":{"start":{"line":244,"column":27},"end":{"line":244,"column":35}},"87":{"start":{"line":246,"column":8},"end":{"line":251,"column":9}},"88":{"start":{"line":247,"column":12},"end":{"line":250,"column":15}},"89":{"start":{"line":254,"column":27},"end":{"line":254,"column":99}},"90":{"start":{"line":255,"column":26},"end":{"line":255,"column":50}},"91":{"start":{"line":258,"column":8},"end":{"line":260,"column":9}},"92":{"start":{"line":259,"column":12},"end":{"line":259,"column":57}},"93":{"start":{"line":263,"column":8},"end":{"line":266,"column":12}},"94":{"start":{"line":268,"column":8},"end":{"line":273,"column":11}},"95":{"start":{"line":275,"column":8},"end":{"line":275,"column":62}},"96":{"start":{"line":276,"column":8},"end":{"line":280,"column":11}},"97":{"start":{"line":287,"column":24},"end":{"line":303,"column":1}},"98":{"start":{"line":288,"column":4},"end":{"line":302,"column":5}},"99":{"start":{"line":289,"column":28},"end":{"line":289,"column":101}},"100":{"start":{"line":290,"column":23},"end":{"line":290,"column":25}},"101":{"start":{"line":291,"column":19},"end":{"line":291,"column":21}},"102":{"start":{"line":292,"column":8},"end":{"line":297,"column":9}},"103":{"start":{"line":293,"column":28},"end":{"line":293,"column":64}},"104":{"start":{"line":294,"column":24},"end":{"line":294,"column":43}},"105":{"start":{"line":295,"column":12},"end":{"line":295,"column":42}},"106":{"start":{"line":296,"column":12},"end":{"line":296,"column":34}},"107":{"start":{"line":298,"column":8},"end":{"line":298,"column":71}},"108":{"start":{"line":300,"column":8},"end":{"line":300,"column":65}},"109":{"start":{"line":301,"column":8},"end":{"line":301,"column":129}},"110":{"start":{"line":305,"column":0},"end":{"line":312,"column":2}}},"fnMap":{"0":{"name":"(anonymous_0)","decl":{"start":{"line":16,"column":23},"end":{"line":16,"column":24}},"loc":{"start":{"line":16,"column":43},"end":{"line":48,"column":1}},"line":16},"1":{"name":"(anonymous_1)","decl":{"start":{"line":53,"column":27},"end":{"line":53,"column":28}},"loc":{"start":{"line":53,"column":47},"end":{"line":103,"column":1}},"line":53},"2":{"name":"(anonymous_2)","decl":{"start":{"line":76,"column":20},"end":{"line":76,"column":21}},"loc":{"start":{"line":76,"column":28},"end":{"line":76,"column":67}},"line":76},"3":{"name":"(anonymous_3)","decl":{"start":{"line":108,"column":31},"end":{"line":108,"column":32}},"loc":{"start":{"line":108,"column":51},"end":{"line":162,"column":1}},"line":108},"4":{"name":"(anonymous_4)","decl":{"start":{"line":167,"column":23},"end":{"line":167,"column":24}},"loc":{"start":{"line":167,"column":43},"end":{"line":229,"column":1}},"line":167},"5":{"name":"(anonymous_5)","decl":{"start":{"line":199,"column":28},"end":{"line":199,"column":29}},"loc":{"start":{"line":199,"column":36},"end":{"line":199,"column":75}},"line":199},"6":{"name":"(anonymous_6)","decl":{"start":{"line":234,"column":26},"end":{"line":234,"column":27}},"loc":{"start":{"line":234,"column":46},"end":{"line":282,"column":1}},"line":234},"7":{"name":"(anonymous_7)","decl":{"start":{"line":287,"column":24},"end":{"line":287,"column":25}},"loc":{"start":{"line":287,"column":44},"end":{"line":303,"column":1}},"line":287}},"branchMap":{"0":{"loc":{"start":{"line":22,"column":8},"end":{"line":22,"column":84}},"type":"if","locations":[{"start":{"line":22,"column":8},"end":{"line":22,"column":84}},{"start":{},"end":{}}],"line":22},"1":{"loc":{"start":{"line":26,"column":8},"end":{"line":31,"column":9}},"type":"if","locations":[{"start":{"line":26,"column":8},"end":{"line":31,"column":9}},{"start":{},"end":{}}],"line":26},"2":{"loc":{"start":{"line":26,"column":12},"end":{"line":26,"column":48}},"type":"binary-expr","locations":[{"start":{"line":26,"column":12},"end":{"line":26,"column":20}},{"start":{"line":26,"column":24},"end":{"line":26,"column":48}}],"line":26},"3":{"loc":{"start":{"line":55,"column":8},"end":{"line":60,"column":9}},"type":"if","locations":[{"start":{"line":55,"column":8},"end":{"line":60,"column":9}},{"start":{},"end":{}}],"line":55},"4":{"loc":{"start":{"line":55,"column":12},"end":{"line":55,"column":48}},"type":"binary-expr","locations":[{"start":{"line":55,"column":12},"end":{"line":55,"column":20}},{"start":{"line":55,"column":24},"end":{"line":55,"column":48}}],"line":55},"5":{"loc":{"start":{"line":66,"column":8},"end":{"line":72,"column":9}},"type":"if","locations":[{"start":{"line":66,"column":8},"end":{"line":72,"column":9}},{"start":{},"end":{}}],"line":66},"6":{"loc":{"start":{"line":80,"column":8},"end":{"line":85,"column":9}},"type":"if","locations":[{"start":{"line":80,"column":8},"end":{"line":85,"column":9}},{"start":{},"end":{}}],"line":80},"7":{"loc":{"start":{"line":121,"column":28},"end":{"line":121,"column":64}},"type":"cond-expr","locations":[{"start":{"line":121,"column":39},"end":{"line":121,"column":60}},{"start":{"line":121,"column":63},"end":{"line":121,"column":64}}],"line":121},"8":{"loc":{"start":{"line":122,"column":29},"end":{"line":122,"column":67}},"type":"cond-expr","locations":[{"start":{"line":122,"column":41},"end":{"line":122,"column":63}},{"start":{"line":122,"column":66},"end":{"line":122,"column":67}}],"line":122},"9":{"loc":{"start":{"line":123,"column":31},"end":{"line":123,"column":73}},"type":"cond-expr","locations":[{"start":{"line":123,"column":45},"end":{"line":123,"column":69}},{"start":{"line":123,"column":72},"end":{"line":123,"column":73}}],"line":123},"10":{"loc":{"start":{"line":142,"column":8},"end":{"line":144,"column":9}},"type":"if","locations":[{"start":{"line":142,"column":8},"end":{"line":144,"column":9}},{"start":{},"end":{}}],"line":142},"11":{"loc":{"start":{"line":170,"column":8},"end":{"line":175,"column":9}},"type":"if","locations":[{"start":{"line":170,"column":8},"end":{"line":175,"column":9}},{"
[...]
,"end":{"line":707,"column":68}},"type":"binary-expr","locations":[{"start":{"line":707,"column":27},"end":{"line":707,"column":45}},{"start":{"line":707,"column":49},"end":{"line":707,"column":68}}],"line":707},"72":{"loc":{"start":{"line":709,"column":4},"end":{"line":711,"column":5}},"type":"if","locations":[{"start":{"line":709,"column":4},"end":{"line":711,"column":5}},{"start":{},"end":{}}],"line":709},"73":{"loc":{"start":{"line":717,"column":6},"end":{"line":720,"column":7}},"type":"if","locations":[{"start":{"line":717,"column":6},"end":{"line":720,"column":7}},{"start":{},"end":{}}],"line":717},"74":{"loc":{"start":{"line":722,"column":6},"end":{"line":724,"column":7}},"type":"if","locations":[{"start":{"line":722,"column":6},"end":{"line":724,"column":7}},{"start":{},"end":{}}],"line":722},"75":{"loc":{"start":{"line":722,"column":10},"end":{"line":722,"column":56}},"type":"binary-expr","locations":[{"start":{"line":722,"column":10},"end":{"line":722,"column":25}},{"start":{"line":722,"column":29},"end":{"line":722,"column":56}}],"line":722},"76":{"loc":{"start":{"line":749,"column":8},"end":{"line":752,"column":9}},"type":"if","locations":[{"start":{"line":749,"column":8},"end":{"line":752,"column":9}},{"start":{},"end":{}}],"line":749},"77":{"loc":{"start":{"line":754,"column":34},"end":{"line":768,"column":16}},"type":"cond-expr","locations":[{"start":{"line":754,"column":45},"end":{"line":768,"column":11}},{"start":{"line":768,"column":14},"end":{"line":768,"column":16}}],"line":754}},"s":{"0":14,"1":14,"2":14,"3":14,"4":14,"5":14,"6":9,"7":9,"8":2,"9":7,"10":7,"11":5,"12":5,"13":5,"14":1,"15":1,"16":4,"17":4,"18":4,"19":4,"20":4,"21":4,"22":4,"23":4,"24":2,"25":2,"26":2,"27":2,"28":4,"29":2,"30":2,"31":14,"32":6,"33":6,"34":2,"35":4,"36":4,"37":3,"38":3,"39":2,"40":2,"41":2,"42":2,"43":1,"44":1,"45":1,"46":0,"47":2,"48":2,"49":2,"50":2,"51":0,"52":0,"53":2,"54":2,"55":2,"56":14,"57":8,"58":8,"59":2,"60":6,"61":6,"62":6,"63":6,"64":6,"65":6,"66":1,"67":1,"68":5,"69":5,"70":1,"71":4,"72":4,"73":4,"74":4,"75":3,"76":1,"77":2,"78":2,"79":2,"80":2,"81":2,"82":2,"83":2,"84":2,"85":2,"86":2,"87":2,"88":0,"89":0,"90":2,"91":2,"92":2,"93":2,"94":2,"95":0,"96":0,"97":2,"98":1,"99":2,"100":0,"101":0,"102":1,"103":1,"104":14,"105":4,"106":4,"107":4,"108":4,"109":1,"110":1,"111":3,"112":2,"113":3,"114":0,"115":0,"116":14,"117":1,"118":1,"119":1,"120":0,"121":0,"122":0,"123":0,"124":0,"125":0,"126":0,"127":0,"128":0,"129":14,"130":0,"131":0,"132":0,"133":0,"134":0,"135":0,"136":0,"137":0,"138":0,"139":0,"140":0,"141":0,"142":0,"143":0,"144":0,"145":0,"146":0,"147":14,"148":0,"149":0,"150":0,"151":0,"152":0,"153":0,"154":0,"155":0,"156":0,"157":0,"158":0,"159":0,"160":0,"161":0,"162":0,"163":0,"164":0,"165":0,"166":0,"167":14,"168":2,"169":2,"170":1,"171":1,"172":1,"173":1,"174":1,"175":1,"176":1,"177":14,"178":3,"179":3,"180":3,"181":3,"182":3,"183":1,"184":1,"185":2,"186":1,"187":1,"188":1,"189":0,"190":0,"191":14,"192":5,"193":5,"194":5,"195":5,"196":5,"197":1,"198":1,"199":4,"200":1,"201":3,"202":3,"203":1,"204":2,"205":0,"206":2,"207":1,"208":1,"209":2,"210":2,"211":0,"212":0,"213":14,"214":4,"215":4,"216":2,"217":2,"218":2,"219":2,"220":2,"221":2,"222":1,"223":1,"224":1,"225":0,"226":0,"227":14,"228":3,"229":3,"230":3,"231":3,"232":3,"233":1,"234":1,"235":2,"236":1,"237":1,"238":1,"239":1,"240":2,"241":1,"242":0,"243":0,"244":14,"245":3,"246":3,"247":3,"248":3,"249":1,"250":1,"251":2,"252":1,"253":1,"254":1,"255":14,"256":6,"257":6,"258":6,"259":1,"260":5,"261":5,"262":5,"263":5,"264":1,"265":4,"266":4,"267":4,"268":1,"269":1,"270":3,"271":1,"272":2,"273":2,"274":2,"275":2,"276":1,"277":1,"278":1,"279":1,"280":1,"281":0,"282":0,"283":14},"f":{"0":9,"1":5,"2":6,"3":2,"4":2,"5":2,"6":8,"7":6,"8":2,"9":2,"10":1,"11":4,"12":4,"13":2,"14":1,"15":0,"16":0,"17":0,"18":0,"19":0,"20":2,"21":3,"22":3,"23":5,"24":5,"25":4,"26":2,"27":3,"28":3,"29":2,"30":3,"31":3,"32":3,"33":6,"34":4,"35":2,"36":1},"b":{"0":[2,7],"1":[5,0],"2":[1,4],"3":[4,0],"4":[4,4],"5":[2,2],"6":[4,2],"7":[4,0],"8":[4,2],"9":[4,2],"10":[4,2],"11":[4,2],"12":[4,3],"13":[4,3],"14":[2,4],"15":[6,4,4],"16":[2,1],"17":[1,1],"18":[1,0],"19":[1,1],"20":[2,0],"21":[2,0],"22":[2,0],"23":[0,2],"24":[2,6],"25":[8,6],"26":[1,5],"27":[1,4],"28":[5,5],"29":[1,2],"30":[2,2],"31":[0,2],"32":[2,0],"33":[2,0],"34":[2,0],"35":[0,2],"36":[2,0],"37":[2,2],"38":[0,2],"39":[2,0],"40":[1,3],"41":[1,0],"42":[0,0],"43":[0,0],"44":[0,0],"45":[0,0],"46":[0,0],"47":[0,0],"48":[0,0],"49":[0,0],"50":[0,0],"51":[1,2],"52":[1,1],"53":[2,2],"54":[1,0],"55":[1,4],"56":[1,3],"57":[4,4],"58":[1,2],"59":[0,2],"60":[1,1],"61":[2,2],"62":[4,3],"63":[1,1],"64":[1,2],"65":[1,1],"66":[2,2],"67":[1,2],"68":[1,1],"69":[1,5],"70":[5,0],"71":[5,1],"72":[1,4],"73":[1,3],"74":[1,2],"75":[3,3],"76":[1,1],"77":[1,0]},"_coverageSchema":"1a1c01bbd47fc00a2c39e90264f33305004495a9","hash":"53569283a62c8e50bd4bc22d6ff8b50fb3263d89"}
,"C:\\Users\\Yazmin Alcazar\\Downloads\\Axel_Main\\Sapitos-2.0\\backend\\utils\\emailService.js": {"path":"C:\\Users\\Yazmin Alcazar\\Downloads\\Axel_Main\\Sapitos-2.0\\backend\\utils\\emailService.js","statementMap":{"0":{"start":{"line":1,"column":19},"end":{"line":1,"column":40}},"1":{"start":{"line":3,"column":36},"end":{"line":23,"column":1}},"2":{"start":{"line":4,"column":2},"end":{"line":22,"column":3}},"3":{"start":{"line":6,"column":22},"end":{"line":6,"column":44}},"4":{"start":{"line":7,"column":22},"end":{"line":7,"column":48}},"5":{"start":{"line":10,"column":4},"end":{"line":18,"column":7}},"6":{"start":{"line":20,"column":4},"end":{"line":20,"column":62}},"7":{"start":{"line":21,"column":4},"end":{"line":21,"column":58}},"8":{"start":{"line":28,"column":29},"end":{"line":38,"column":1}},"9":{"start":{"line":29,"column":2},"end":{"line":37,"column":5}},"10":{"start":{"line":43,"column":23},"end":{"line":49,"column":1}},"11":{"start":{"line":44,"column":2},"end":{"line":48,"column":3}},"12":{"start":{"line":45,"column":4},"end":{"line":45,"column":47}},"13":{"start":{"line":47,"column":4},"end":{"line":47,"column":34}},"14":{"start":{"line":58,"column":21},"end":{"line":101,"column":1}},"15":{"start":{"line":59,"column":2},"end":{"line":100,"column":3}},"16":{"start":{"line":60,"column":24},"end":{"line":60,"column":46}},"17":{"start":{"line":61,"column":4},"end":{"line":61,"column":70}},"18":{"start":{"line":64,"column":28},"end":{"line":64,"column":77}},"19":{"start":{"line":66,"column":24},"end":{"line":92,"column":5}},"20":{"start":{"line":94,"column":17},"end":{"line":94,"column":56}},"21":{"start":{"line":95,"column":4},"end":{"line":95,"column":64}},"22":{"start":{"line":96,"column":4},"end":{"line":96,"column":16}},"23":{"start":{"line":98,"column":4},"end":{"line":98,"column":54}},"24":{"start":{"line":99,"column":4},"end":{"line":99,"column":17}},"25":{"start":{"line":103,"column":0},"end":{"line":105,"column":2}}},"fnMap":{"0":{"name":"(anonymous_0)","decl":{"start":{"line":3,"column":36},"end":{"line":3,"column":37}},"loc":{"start":{"line":3,"column":48},"end":{"line":23,"column":1}},"line":3},"1":{"name":"(anonymous_1)","decl":{"start":{"line":28,"column":29},"end":{"line":28,"column":30}},"loc":{"start":{"line":28,"column":35},"end":{"line":38,"column":1}},"line":28},"2":{"name":"(anonymous_2)","decl":{"start":{"line":43,"column":23},"end":{"line":43,"column":24}},"loc":{"start":{"line":43,"column":35},"end":{"line":49,"column":1}},"line":43},"3":{"name":"(anonymous_3)","decl":{"start":{"line":58,"column":21},"end":{"line":58,"column":22}},"loc":{"start":{"line":58,"column":49},"end":{"line":101,"column":1}},"line":58}},"branchMap":{"0":{"loc":{"start":{"line":30,"column":10},"end":{"line":30,"column":57}},"type":"binary-expr","locations":[{"start":{"line":30,"column":10},"end":{"line":30,"column":32}},{"start":{"line":30,"column":36},"end":{"line":30,"column":57}}],"line":30},"1":{"loc":{"start":{"line":31,"column":10},"end":{"line":31,"column":39}},"type":"binary-expr","locations":[{"start":{"line":31,"column":10},"end":{"line":31,"column":32}},{"start":{"line":31,"column":36},"end":{"line":31,"column":39}}],"line":31},"2":{"loc":{"start":{"line":34,"column":12},"end":{"line":34,"column":63}},"type":"binary-expr","locations":[{"start":{"line":34,"column":12},"end":{"line":34,"column":34}},{"start":{"line":34,"column":38},"end":{"line":34,"column":63}}],"line":34},"3":{"loc":{"start":{"line":35,"column":12},"end":{"line":35,"column":64}},"type":"binary-expr","locations":[{"start":{"line":35,"column":12},"end":{"line":35,"column":38}},{"start":{"line":35,"column":42},"end":{"line":35,"column":64}}],"line":35},"4":{"loc":{"start":{"line":44,"column":2},"end":{"line":48,"column":3}},"type":"if","locations":[{"start":{"line":44,"column":2},"end":{"line":48,"column":3}},{"start":{"line":46,"column":9},"end":{"line":48,"column":3}}],"line":44},"5":{"loc":{"start":{"line":64,"column":28},"end":{"line":64,"column":77}},"type":"binary-expr","locations":[{"start":{"line":64,"column":28},"end":{"line":64,"column":52}},{"start":{"line":64,"column":56},"end":{"line":64,"column":77}}],"line":64},"6":{"loc":{"start":{"line":67,"column":12},"end":{"line":67,"column":81}},"type":"binary-expr","locations":[{"start":{"line":67,"column":12},"end":{"line":67,"column":34}},{"start":{"line":67,"column":38},"end":{"line":67,"column":81}}],"line":67},"7":{"loc":{"start":{"line":71,"column":12},"end":{"line":73,"column":17}},"type":"cond-expr","locations":[{"start":{"line":72,"column":8},"end":{"line":72,"column":266}},{"start":{"line":73,"column":8},"end":{"line":73,"column":17}}],"line":71},"8":{"loc":{"start":{"line":72,"column":16},"end":{"line":72,"column":33}},"type":"binary-expr","locations":[{"start":{"line":72,"column":16},"end":{"line":72,"column":20}},{"start":{"line":72,"column":24},"end":{"line":72,"column":33}}],"line":72},"9":{"loc":{"start":{"line":80,"column":20},"end":{"line":80,"column":37}},"type":"binary-expr","locations":[{"start":{"line":80,"column":20},"end":{"line":80,"column":24}},{"start":{"line":80,"column":28},"end":{"line":80,"column":37}}],"line":80}},"s":{"0":1,"1":1,"2":0,"3":0,"4":0,"5":0,"6":0,"7":0,"8":1,"9":0,"10":1,"11":0,"12":0,"13":0,"14":1,"15":0,"16":0,"17":0,"18":0,"19":0,"20":0,"21":0,"22":0,"23":0,"24":0,"25":1},"f":{"0":0,"1":0,"2":0,"3":0},"b":{"0":[0,0],"1":[0,0],"2":[0,0],"3":[0,0],"4":[0,0],"5":[0,0],"6":[0,0],"7":[0,0],"8":[0,0],"9":[0,0]},"_coverageSchema":"1a1c01bbd47fc00a2c39e90264f33305004495a9","hash":"f025833b30adc3638a7c4c1eebb612f41189412c"}
,"C:\\Users\\Yazmin Alcazar\\Downloads\\Axel_Main\\Sapitos-2.0\\backend\\utils\\logger.js": {"path":"C:\\Users\\Yazmin Alcazar\\Downloads\\Axel_Main\\Sapitos-2.0\\backend\\utils\\logger.js","statementMap":{"0":{"start":{"line":8,"column":11},"end":{"line":8,"column":24}},"1":{"start":{"line":9,"column":13},"end":{"line":9,"column":28}},"2":{"start":{"line":10,"column":15},"end":{"line":10,"column":37}},"3":{"start":{"line":13,"column":0},"end":{"line":23,"column":3}},"4":{"start":{"line":26,"column":16},"end":{"line":26,"column":50}},"5":{"start":{"line":27,"column":0},"end":{"line":29,"column":1}},"6":{"start":{"line":28,"column":4},"end":{"line":28,"column":47}},"7":{"start":{"line":32,"column":20},"end":{"line":32,"column":30}},"8":{"start":{"line":33,"column":20},"end":{"line":33,"column":169}},"9":{"start":{"line":34,"column":20},"end":{"line":34,"column":51}},"10":{"start":{"line":43,"column":22},"end":{"line":43,"column":46}},"11":{"start":{"line":44,"column":27},"end":{"line":44,"column":67}},"12":{"start":{"line":47,"column":4},"end":{"line":51,"column":7}},"13":{"start":{"line":48,"column":8},"end":{"line":50,"column":9}},"14":{"start":{"line":49,"column":12},"end":{"line":49,"column":93}},"15":{"start":{"line":53,"column":17},"end":{"line":53,"column":19}},"16":{"start":{"line":54,"column":27},"end":{"line":54,"column":34}},"17":{"start":{"line":57,"column":4},"end":{"line":90,"column":5}},"18":{"start":{"line":59,"column":8},"end":{"line":62,"column":9}},"19":{"start":{"line":61,"column":12},"end":{"line":61,"column":19}},"20":{"start":{"line":65,"column":8},"end":{"line":73,"column":9}},"21":{"start":{"line":66,"column":12},"end":{"line":66,"column":52}},"22":{"start":{"line":67,"column":15},"end":{"line":73,"column":9}},"23":{"start":{"line":68,"column":12},"end":{"line":68,"column":52}},"24":{"start":{"line":69,"column":15},"end":{"line":73,"column":9}},"25":{"start":{"line":70,"column":12},"end":{"line":70,"column":50}},"26":{"start":{"line":71,"column":15},"end":{"line":73,"column":9}},"27":{"start":{"line":72,"column":12},"end":{"line":72,"column":50}},"28":{"start":{"line":74,"column":8},"end":{"line":74,"column":36}},"29":{"start":{"line":75,"column":11},"end":{"line":90,"column":5}},"30":{"start":{"line":76,"column":8},"end":{"line":76,"column":36}},"31":{"start":{"line":77,"column":8},"end":{"line":77,"column":49}},"32":{"start":{"line":78,"column":11},"end":{"line":90,"column":5}},"33":{"start":{"line":79,"column":8},"end":{"line":79,"column":35}},"34":{"start":{"line":80,"column":8},"end":{"line":80,"column":48}},"35":{"start":{"line":81,"column":11},"end":{"line":90,"column":5}},"36":{"start":{"line":83,"column":8},"end":{"line":85,"column":9}},"37":{"start":{"line":84,"column":12},"end":{"line":84,"column":19}},"38":{"start":{"line":86,"column":8},"end":{"line":86,"column":36}},"39":{"start":{"line":87,"column":8},"end":{"line":87,"column":49}},"40":{"start":{"line":89,"column":8},"end":{"line":89,"column":30}},"41":{"start":{"line":93,"column":4},"end":{"line":93,"column":48}},"42":{"start":{"line":96,"column":0},"end":{"line":120,"column":2}},"43":{"start":{"line":101,"column":23},"end":{"line":101,"column":43}},"44":{"start":{"line":107,"column":24},"end":{"line":107,"column":45}},"45":{"start":{"line":113,"column":26},"end":{"line":113,"column":49}},"46":{"start":{"line":119,"column":24},"end":{"line":119,"column":45}}},"fnMap":{"0":{"name":"log","decl":{"start":{"line":41,"column":9},"end":{"line":41,"column":12}},"loc":{"start":{"line":41,"column":29},"end":{"line":94,"column":1}},"line":41},"1":{"name":"(anonymous_1)","decl":{"start":{"line":47,"column":47},"end":{"line":47,"column":48}},"loc":{"start":{"line":47,"column":56},"end":{"line":51,"column":5}},"line":47},"2":{"name":"(anonymous_2)","decl":{"start":{"line":101,"column":10},"end":{"line":101,"column":11}},"loc":{"start":{"line":101,"column":23},"end":{"line":101,"column":43}},"line":101},"3":{"name":"(anonymous_3)","decl":{"start":{"line":107,"column":11},"end":{"line":107,"column":12}},"loc":{"start":{"line":107,"column":24},"end":{"line":107,"column":45}},"line":107},"4":{"name":"(anonymous_4)","decl":{"start":{"line":113,"column":13},"end":{"line":113,"column":14}},"loc":{"start":{"line":113,"column":26},"end":{"line":113,"column":49}},"line":113},"5":{"name":"(anonymous_5)","decl":{"start":{"line":119,"column":11},"end":{"line":119,"column":12}},"loc":{"start":{"line":119,"column":24},"end":{"line":119,"column":45}},"line":119}},"branchMap":{"0":{"loc":{"start":{"line":27,"column":0},"end":{"line":29,"column":1}},"type":"if","locations":[{"start":{"line":27,"column":0},"end":{"line":29,"column":1}},{"start":{},"end":{}}],"line":27},"1":{"loc":{"start":{"line":48,"column":8},"end":{"line":50,"column":9}},"type":"if","locations":[{"start":{"line":48,"column":8},"end":{"line":50,"column":9}},{"start":{},"end":{}}],"line":48},"2":{"loc":{"start":{"line":57,"column":4},"end":{"line":90,"column":5}},"type":"if","locations":[{"start":{"line":57,"column":4},"end":{"line":90,"column":5}},{"start":{"line":75,"column":11},"end":{"line":90,"column":5}}],"line":57},"3":{"loc":{"start":{"line":59,"column":8},"end":{"line":62,"column":9}},"type":"if","locations":[{"start":{"line":59,"column":8},"end":{"line":62,"column":9}},{"start":{},"end":{}}],"line":59},"4":{"loc":{"start":{"line":59,"column":12},"end":{"line":60,"column":97}},"type":"binary-expr","locations":[{"start":{"line":59,"column":12},"end":{"line":59,"column":41}},{"start":{"line":59,"column":45},"end":{"line":59,"column":77}},{"start":{"line":60,"column":12},"end":{"line":60,"column":50}},{"start":{"line":60,"column":54},"end":{"line":60,"column":97}}],"line":59},"5":{"loc":{"start":{"line":65,"column":8},"end":{"line":73,"column":9}},"type":"if","locations":[{"start":{"line":65,"column":8},"end":{"line":73,"column":9}},{"start":{"line":67,"column":15},"end":{"line":73,"column":9}}],"line":65},"6":{"loc":{"start":{"line":67,"column":15},"end":{"line":73,"column":9}},"type":"if","locations":[{"start":{"line":67,"column":15},"end":{"line":73,"column":9}},{"start":{"line":69,"column":15},"end":{"line":73,"column":9}}],"line":67},"7":{"loc":{"start":{"line":69,"column":15},"end":{"line":73,"column":9}},"type":"if","locations":[{"start":{"line":69,"column":15},"end":{"line":73,"column":9}},{"start":{"line":71,"column":15},"end":{"line":73,"column":9}}],"line":69},"8":{"loc":{"start":{"line":71,"column":15},"end":{"line":73,"column":9}},"type":"if","locations":[{"start":{"line":71,"column":15},"end":{"line":73,"column":9}},{"start":{},"end":{}}],"line":71},"9":{"loc":{"start":{"line":75,"column":11},"end":{"line":90,"column":5}},"type":"if","locations":[{"start":{"line":75,"column":11},"end":{"line":90,"column":5}},{"start":{"line":78,"column":11},"end":{"line":90,"column":5}}],"line":75},"10":{"loc":{"start":{"line":78,"column":11},"end":{"line":90,"column":5}},"type":"if","locations":[{"start":{"line":78,"column":11},"end":{"line":90,"column":5}},{"start":{"line":81,"column":11},"end":{"line":90,"column":5}}],"line":78},"11":{"loc":{"start":{"line":81,"column":11},"end":{"line":90,"column":5}},"type":"if","locations":[{"start":{"line":81,"column":11},"end":{"line":90,"column":5}},{"start":{"line":88,"column":11},"end":{"line":90,"column":5}}],"line":81},"12":{"loc":{"start":{"line":83,"column":8},"end":{"line":85,"column":9}},"type":"if","locations":[{"start":{"line":83,"column":8},"end":{"line":85,"column":9}},{"start":{},"end":{}}],"line":83}},"s":{"0":7,"1":7,"2":7,"3":7,"4":7,"5":7,"6":0,"7":7,"8":7,"9":7,"10":0,"11":0,"12":0,"13":0,"14":0,"15":0,"16":0,"17":0,"18":0,"19":0,"20":0,"21":0,"22":0,"23":0,"24":0,"25":0,"26":0,"27":0,"28":0,"29":0,"30":0,"31":0,"32":0,"33":0,"34":0,"35":0,"36":0,"37":0,"38":0,"39":0,"40":0,"41":0,"42":7,"43":0,"44":0,"45":0,"46":0},"f":{"0":0,"1":0,"2":0,"3":0,"4":0,"5":0},"b":{"0":[0,7],"1":[0,0],"2":[0,0],"3":[0,0],"4":[0,0,0,0],"5":[0,0],"6":[0,0],"7":[0,0],"8":[0,0],"9":[0,0],"10":[0,0],"11":[0,0],"12":[0,0]},"_coverageSchema":"1a1c01bbd47fc00a2c39e90264f33305004495a9","hash":"4f62d1a4ee9ff495bd08581f8debba2c1934e81f"}
,"C:\\Users\\Yazmin Alcazar\\Downloads\\Axel_Main\\Sapitos-2.0\\backend\\utils\\otp.js": {"path":"C:\\Users\\Yazmin Alcazar\\Downloads\\Axel_Main\\Sapitos-2.0\\backend\\utils\\otp.js","statementMap":{"0":{"start":{"line":1,"column":18},"end":{"line":1,"column":38}},"1":{"start":{"line":7,"column":20},"end":{"line":15,"column":1}},"2":{"start":{"line":8,"column":19},"end":{"line":8,"column":59}},"3":{"start":{"line":9,"column":16},"end":{"line":13,"column":6}},"4":{"start":{"line":14,"column":4},"end":{"line":14,"column":42}},"5":{"start":{"line":23,"column":18},"end":{"line":30,"column":1}},"6":{"start":{"line":24,"column":4},"end":{"line":29,"column":7}},"7":{"start":{"line":32,"column":0},"end":{"line":32,"column":44}}},"fnMap":{"0":{"name":"(anonymous_0)","decl":{"start":{"line":7,"column":20},"end":{"line":7,"column":21}},"loc":{"start":{"line":7,"column":26},"end":{"line":15,"column":1}},"line":7},"1":{"name":"(anonymous_1)","decl":{"start":{"line":23,"column":18},"end":{"line":23,"column":19}},"loc":{"start":{"line":23,"column":35},"end":{"line":30,"column":1}},"line":23}},"branchMap":{},"s":{"0":1,"1":1,"2":0,"3":0,"4":0,"5":1,"6":0,"7":1},"f":{"0":0,"1":0},"b":{},"_coverageSchema":"1a1c01bbd47fc00a2c39e90264f33305004495a9","hash":"df4809566423b55eab8df5b5904af66ba38b312d"}
}
