TN:
SF:config\db.js
FN:13,(anonymous_0)
FN:14,(anonymous_1)
FN:16,(anonymous_2)
FNF:3
FNH:0
FNDA:0,(anonymous_0)
FNDA:0,(anonymous_1)
FNDA:0,(anonymous_2)
DA:1,1
DA:2,1
DA:3,1
DA:5,1
DA:11,1
DA:13,1
DA:14,0
DA:16,0
DA:17,0
DA:19,0
DA:21,0
DA:23,0
DA:24,0
DA:25,0
DA:26,0
DA:29,0
DA:33,0
DA:34,0
DA:36,0
DA:37,0
DA:43,1
LF:21
LH:7
BRDA:17,0,0,0
BRDA:17,0,1,0
BRDA:21,1,0,0
BRDA:21,1,1,0
BRDA:23,2,0,0
BRDA:23,2,1,0
BRDA:25,3,0,0
BRDA:25,3,1,0
BRF:8
BRH:0
end_of_record
TN:
SF:controllers\inventoryController.js
FN:4,(anonymous_0)
FN:32,(anonymous_1)
FN:38,(anonymous_2)
FN:66,(anonymous_3)
FN:83,(anonymous_4)
FN:96,(anonymous_5)
FN:119,(anonymous_6)
FN:125,(anonymous_7)
FN:142,(anonymous_8)
FN:177,(anonymous_9)
FN:222,(anonymous_10)
FN:240,(anonymous_11)
FN:279,(anonymous_12)
FN:285,(anonymous_13)
FN:301,(anonymous_14)
FN:308,(anonymous_15)
FN:321,(anonymous_16)
FN:336,(anonymous_17)
FN:350,(anonymous_18)
FN:356,(anonymous_19)
FN:373,(anonymous_20)
FN:403,(anonymous_21)
FN:413,(anonymous_22)
FN:442,(anonymous_23)
FN:456,(anonymous_24)
FN:462,(anonymous_25)
FN:479,(anonymous_26)
FN:509,(anonymous_27)
FN:519,(anonymous_28)
FNF:29
FNH:17
FNDA:2,(anonymous_0)
FNDA:2,(anonymous_1)
FNDA:1,(anonymous_2)
FNDA:2,(anonymous_3)
FNDA:2,(anonymous_4)
FNDA:1,(anonymous_5)
FNDA:1,(anonymous_6)
FNDA:1,(anonymous_7)
FNDA:3,(anonymous_8)
FNDA:3,(anonymous_9)
FNDA:3,(anonymous_10)
FNDA:3,(anonymous_11)
FNDA:1,(anonymous_12)
FNDA:1,(anonymous_13)
FNDA:1,(anonymous_14)
FNDA:1,(anonymous_15)
FNDA:1,(anonymous_16)
FNDA:0,(anonymous_17)
FNDA:0,(anonymous_18)
FNDA:0,(anonymous_19)
FNDA:0,(anonymous_20)
FNDA:0,(anonymous_21)
FNDA:0,(anonymous_22)
FNDA:0,(anonymous_23)
FNDA:0,(anonymous_24)
FNDA:0,(anonymous_25)
FNDA:0,(anonymous_26)
FNDA:0,(anonymous_27)
FNDA:0,(anonymous_28)
DA:1,1
DA:2,1
DA:4,1
DA:5,2
DA:6,2
DA:32,2
DA:33,2
DA:34,1
DA:35,1
DA:38,1
DA:58,1
DA:61,0
DA:62,0
DA:66,1
DA:77,2
DA:79,2
DA:81,2
DA:83,2
DA:84,2
DA:85,0
DA:86,0
DA:89,2
DA:90,1
DA:94,1
DA:96,1
DA:97,1
DA:98,0
DA:99,0
DA:102,1
DA:103,0
DA:107,1
DA:114,1
DA:119,1
DA:120,1
DA:121,0
DA:122,0
DA:125,1
DA:126,1
DA:127,0
DA:128,0
DA:131,1
DA:137,0
DA:138,0
DA:142,1
DA:143,3
DA:145,3
DA:146,3
DA:177,3
DA:178,3
DA:179,1
DA:180,1
DA:183,2
DA:184,1
DA:187,1
DA:188,1
DA:214,1
DA:217,0
DA:218,0
DA:222,1
DA:223,3
DA:234,3
DA:236,3
DA:238,3
DA:240,3
DA:241,3
DA:242,0
DA:243,0
DA:246,3
DA:247,2
DA:251,1
DA:266,1
DA:279,1
DA:280,1
DA:281,0
DA:282,0
DA:285,1
DA:286,1
DA:287,0
DA:288,0
DA:291,1
DA:296,0
DA:297,0
DA:301,1
DA:302,1
DA:304,1
DA:306,1
DA:308,1
DA:309,1
DA:310,0
DA:311,0
DA:314,1
DA:315,0
DA:319,1
DA:321,1
DA:322,1
DA:323,0
DA:324,0
DA:327,1
DA:331,0
DA:332,0
DA:336,1
DA:337,0
DA:338,0
DA:350,0
DA:351,0
DA:352,0
DA:353,0
DA:356,0
DA:365,0
DA:368,0
DA:369,0
DA:373,1
DA:374,0
DA:376,0
DA:377,0
DA:403,0
DA:404,0
DA:405,0
DA:406,0
DA:409,0
DA:410,0
DA:413,0
DA:434,0
DA:437,0
DA:438,0
DA:442,1
DA:443,0
DA:444,0
DA:456,0
DA:457,0
DA:458,0
DA:459,0
DA:462,0
DA:471,0
DA:474,0
DA:475,0
DA:479,1
DA:480,0
DA:482,0
DA:483,0
DA:509,0
DA:510,0
DA:511,0
DA:512,0
DA:515,0
DA:516,0
DA:519,0
DA:540,0
DA:543,0
DA:544,0
DA:548,1
LF:151
LH:75
BRDA:33,0,0,1
BRDA:33,0,1,1
BRDA:84,1,0,0
BRDA:84,1,1,2
BRDA:89,2,0,1
BRDA:89,2,1,1
BRDA:97,3,0,0
BRDA:97,3,1,1
BRDA:102,4,0,0
BRDA:102,4,1,1
BRDA:120,5,0,0
BRDA:120,5,1,1
BRDA:126,6,0,0
BRDA:126,6,1,1
BRDA:178,7,0,1
BRDA:178,7,1,2
BRDA:183,8,0,1
BRDA:183,8,1,1
BRDA:241,9,0,0
BRDA:241,9,1,3
BRDA:246,10,0,2
BRDA:246,10,1,1
BRDA:280,11,0,0
BRDA:280,11,1,1
BRDA:286,12,0,0
BRDA:286,12,1,1
BRDA:309,13,0,0
BRDA:309,13,1,1
BRDA:314,14,0,0
BRDA:314,14,1,1
BRDA:322,15,0,0
BRDA:322,15,1,1
BRDA:351,16,0,0
BRDA:351,16,1,0
BRDA:404,17,0,0
BRDA:404,17,1,0
BRDA:409,18,0,0
BRDA:409,18,1,0
BRDA:457,19,0,0
BRDA:457,19,1,0
BRDA:510,20,0,0
BRDA:510,20,1,0
BRDA:515,21,0,0
BRDA:515,21,1,0
BRF:44
BRH:21
end_of_record
TN:
SF:controllers\pedidosController.js
FN:3,(anonymous_0)
FN:31,(anonymous_1)
FN:37,(anonymous_2)
FN:65,(anonymous_3)
FN:112,(anonymous_4)
FN:115,(anonymous_5)
FN:120,(anonymous_6)
FN:158,(anonymous_7)
FN:159,(anonymous_8)
FN:178,(anonymous_9)
FN:179,(anonymous_10)
FN:196,(anonymous_11)
FN:197,(anonymous_12)
FN:226,(anonymous_13)
FN:227,(anonymous_14)
FN:233,(anonymous_15)
FN:263,(anonymous_16)
FN:266,(anonymous_17)
FN:285,(anonymous_18)
FN:286,(anonymous_19)
FN:322,(anonymous_20)
FN:354,(anonymous_21)
FN:401,(anonymous_22)
FN:415,(anonymous_23)
FN:421,(anonymous_24)
FN:434,(anonymous_25)
FN:461,(anonymous_26)
FN:467,(anonymous_27)
FN:490,(anonymous_28)
FN:533,(anonymous_29)
FN:604,(anonymous_30)
FN:618,(anonymous_31)
FN:619,(anonymous_32)
FN:631,(anonymous_33)
FN:634,(anonymous_34)
FN:650,(anonymous_35)
FN:678,(anonymous_36)
FN:693,(anonymous_37)
FN:714,(anonymous_38)
FN:730,(anonymous_39)
FN:738,(anonymous_40)
FN:739,(anonymous_41)
FN:750,(anonymous_42)
FN:751,(anonymous_43)
FN:772,(anonymous_44)
FN:773,(anonymous_45)
FN:789,(anonymous_46)
FN:795,(anonymous_47)
FN:811,(anonymous_48)
FN:816,(anonymous_49)
FN:840,(anonymous_50)
FN:854,(anonymous_51)
FN:880,(anonymous_52)
FN:884,(anonymous_53)
FN:893,(anonymous_54)
FN:900,(anonymous_55)
FN:911,(anonymous_56)
FN:922,(anonymous_57)
FN:954,(anonymous_58)
FN:958,(anonymous_59)
FN:963,(anonymous_60)
FN:972,(anonymous_61)
FN:978,(anonymous_62)
FNF:63
FNH:14
FNDA:2,(anonymous_0)
FNDA:2,(anonymous_1)
FNDA:1,(anonymous_2)
FNDA:2,(anonymous_3)
FNDA:1,(anonymous_4)
FNDA:1,(anonymous_5)
FNDA:1,(anonymous_6)
FNDA:1,(anonymous_7)
FNDA:1,(anonymous_8)
FNDA:0,(anonymous_9)
FNDA:0,(anonymous_10)
FNDA:0,(anonymous_11)
FNDA:0,(anonymous_12)
FNDA:0,(anonymous_13)
FNDA:0,(anonymous_14)
FNDA:0,(anonymous_15)
FNDA:1,(anonymous_16)
FNDA:1,(anonymous_17)
FNDA:0,(anonymous_18)
FNDA:0,(anonymous_19)
FNDA:0,(anonymous_20)
FNDA:3,(anonymous_21)
FNDA:0,(anonymous_22)
FNDA:0,(anonymous_23)
FNDA:0,(anonymous_24)
FNDA:0,(anonymous_25)
FNDA:0,(anonymous_26)
FNDA:0,(anonymous_27)
FNDA:3,(anonymous_28)
FNDA:3,(anonymous_29)
FNDA:0,(anonymous_30)
FNDA:0,(anonymous_31)
FNDA:0,(anonymous_32)
FNDA:0,(anonymous_33)
FNDA:0,(anonymous_34)
FNDA:0,(anonymous_35)
FNDA:0,(anonymous_36)
FNDA:0,(anonymous_37)
FNDA:0,(anonymous_38)
FNDA:0,(anonymous_39)
FNDA:0,(anonymous_40)
FNDA:0,(anonymous_41)
FNDA:0,(anonymous_42)
FNDA:0,(anonymous_43)
FNDA:0,(anonymous_44)
FNDA:0,(anonymous_45)
FNDA:0,(anonymous_46)
FNDA:0,(anonymous_47)
FNDA:0,(anonymous_48)
FNDA:0,(anonymous_49)
FNDA:0,(anonymous_50)
FNDA:0,(anonymous_51)
FNDA:0,(anonymous_52)
FNDA:0,(anonymous_53)
FNDA:0,(anonymous_54)
FNDA:0,(anonymous_55)
FNDA:0,(anonymous_56)
FNDA:0,(anonymous_57)
FNDA:0,(anonymous_58)
FNDA:0,(anonymous_59)
FNDA:0,(anonymous_60)
FNDA:0,(anonymous_61)
FNDA:0,(anonymous_62)
DA:1,1
DA:3,1
DA:4,2
DA:5,2
DA:31,2
DA:32,2
DA:33,1
DA:34,1
DA:37,1
DA:57,1
DA:60,0
DA:61,0
DA:65,1
DA:66,2
DA:75,2
DA:78,2
DA:79,1
DA:90,1
DA:99,1
DA:112,1
DA:113,1
DA:116,1
DA:117,0
DA:118,0
DA:120,1
DA:121,1
DA:122,0
DA:123,0
DA:125,1
DA:126,1
DA:127,1
DA:135,1
DA:137,1
DA:138,0
DA:141,1
DA:142,1
DA:144,1
DA:145,1
DA:147,1
DA:148,1
DA:149,1
DA:158,1
DA:159,1
DA:160,1
DA:161,0
DA:162,0
DA:164,1
DA:165,1
DA:172,1
DA:174,0
DA:177,0
DA:178,0
DA:179,0
DA:180,0
DA:181,0
DA:182,0
DA:184,0
DA:189,0
DA:190,0
DA:191,0
DA:195,0
DA:196,0
DA:197,0
DA:198,0
DA:199,0
DA:200,0
DA:202,0
DA:207,0
DA:208,0
DA:209,0
DA:212,0
DA:215,0
DA:226,0
DA:227,0
DA:228,0
DA:229,0
DA:230,0
DA:233,0
DA:234,0
DA:235,0
DA:236,0
DA:238,0
DA:239,0
DA:240,0
DA:247,0
DA:249,1
DA:252,1
DA:254,1
DA:263,1
DA:264,1
DA:267,1
DA:268,0
DA:269,0
DA:271,1
DA:272,1
DA:273,1
DA:280,0
DA:281,0
DA:284,1
DA:285,0
DA:286,0
DA:287,0
DA:291,0
DA:297,1
DA:305,1
DA:306,0
DA:309,1
DA:310,1
DA:313,0
DA:314,0
DA:322,1
DA:323,0
DA:325,0
DA:326,0
DA:329,0
DA:330,0
DA:333,0
DA:334,0
DA:335,0
DA:336,0
DA:340,0
DA:343,0
DA:345,0
DA:346,0
DA:348,0
DA:349,0
DA:350,0
DA:354,1
DA:355,3
DA:356,3
DA:358,3
DA:359,0
DA:362,3
DA:363,3
DA:364,0
DA:369,3
DA:370,3
DA:372,3
DA:379,3
DA:380,2
DA:381,2
DA:382,2
DA:383,2
DA:387,3
DA:388,1
DA:391,2
DA:392,2
DA:394,1
DA:396,1
DA:397,1
DA:401,1
DA:402,0
DA:403,0
DA:415,0
DA:416,0
DA:417,0
DA:418,0
DA:421,0
DA:426,0
DA:429,0
DA:430,0
DA:434,1
DA:435,0
DA:437,0
DA:438,0
DA:441,0
DA:442,0
DA:461,0
DA:462,0
DA:463,0
DA:464,0
DA:467,0
DA:481,0
DA:484,0
DA:485,0
DA:490,1
DA:491,3
DA:493,3
DA:494,0
DA:497,3
DA:499,3
DA:503,3
DA:504,1
DA:507,2
DA:508,1
DA:511,1
DA:514,1
DA:522,1
DA:524,1
DA:526,0
DA:527,0
DA:528,0
DA:533,1
DA:534,3
DA:536,3
DA:537,0
DA:540,3
DA:542,3
DA:546,3
DA:547,1
DA:550,2
DA:551,1
DA:554,1
DA:556,1
DA:568,1
DA:569,1
DA:578,1
DA:590,1
DA:592,1
DA:597,0
DA:598,0
DA:599,0
DA:604,1
DA:605,0
DA:606,0
DA:608,0
DA:609,0
DA:612,0
DA:613,0
DA:616,0
DA:618,0
DA:619,0
DA:620,0
DA:621,0
DA:625,0
DA:626,0
DA:627,0
DA:631,0
DA:632,0
DA:635,0
DA:636,0
DA:640,0
DA:646,0
DA:647,0
DA:650,1
DA:651,0
DA:653,0
DA:654,0
DA:657,0
DA:658,0
DA:679,0
DA:680,0
DA:681,0
DA:683,0
DA:686,0
DA:687,0
DA:693,1
DA:694,0
DA:696,0
DA:697,0
DA:700,0
DA:701,0
DA:715,0
DA:716,0
DA:717,0
DA:719,0
DA:722,0
DA:723,0
DA:730,1
DA:731,0
DA:733,0
DA:734,0
DA:736,0
DA:737,0
DA:738,0
DA:739,0
DA:740,0
DA:741,0
DA:744,0
DA:745,0
DA:747,0
DA:748,0
DA:750,0
DA:751,0
DA:752,0
DA:753,0
DA:757,0
DA:758,0
DA:759,0
DA:762,0
DA:763,0
DA:764,0
DA:769,0
DA:771,0
DA:772,0
DA:773,0
DA:774,0
DA:775,0
DA:776,0
DA:778,0
DA:779,0
DA:780,0
DA:785,0
DA:786,0
DA:789,0
DA:790,0
DA:796,0
DA:797,0
DA:798,0
DA:800,0
DA:801,0
DA:806,0
DA:807,0
DA:808,0
DA:809,0
DA:811,0
DA:812,0
DA:817,0
DA:818,0
DA:819,0
DA:821,0
DA:826,0
DA:827,0
DA:828,0
DA:829,0
DA:830,0
DA:834,0
DA:835,0
DA:840,0
DA:841,0
DA:855,0
DA:856,0
DA:857,0
DA:859,0
DA:860,0
DA:865,0
DA:866,0
DA:868,0
DA:870,0
DA:871,0
DA:872,0
DA:874,0
DA:875,0
DA:876,0
DA:879,0
DA:880,0
DA:881,0
DA:885,0
DA:886,0
DA:890,0
DA:891,0
DA:892,0
DA:893,0
DA:894,0
DA:901,0
DA:902,0
DA:903,0
DA:905,0
DA:910,0
DA:911,0
DA:912,0
DA:923,0
DA:924,0
DA:925,0
DA:927,0
DA:933,0
DA:941,0
DA:942,0
DA:943,0
DA:944,0
DA:945,0
DA:946,0
DA:949,0
DA:954,1
DA:955,0
DA:958,1
DA:959,0
DA:963,1
DA:964,0
DA:965,0
DA:972,0
DA:973,0
DA:974,0
DA:975,0
DA:978,0
DA:984,0
DA:987,0
DA:988,0
DA:992,1
LF:379
LH:115
BRDA:32,0,0,1
BRDA:32,0,1,1
BRDA:37,1,0,1
BRDA:37,1,1,0
BRDA:72,2,0,2
BRDA:73,3,0,2
BRDA:74,4,0,2
BRDA:78,5,0,1
BRDA:78,5,1,1
BRDA:78,6,0,2
BRDA:78,6,1,2
BRDA:78,6,2,1
BRDA:78,6,3,1
BRDA:82,7,0,0
BRDA:82,7,1,1
BRDA:83,8,0,1
BRDA:83,8,1,0
BRDA:84,9,0,1
BRDA:84,9,1,0
BRDA:85,10,0,1
BRDA:85,10,1,0
BRDA:116,11,0,0
BRDA:116,11,1,1
BRDA:121,12,0,0
BRDA:121,12,1,1
BRDA:125,13,0,1
BRDA:125,13,1,0
BRDA:137,14,0,0
BRDA:137,14,1,1
BRDA:160,15,0,0
BRDA:160,15,1,1
BRDA:172,16,0,0
BRDA:172,16,1,1
BRDA:172,17,0,1
BRDA:172,17,1,1
BRDA:180,18,0,0
BRDA:180,18,1,0
BRDA:184,19,0,0
BRDA:184,19,1,0
BRDA:189,20,0,0
BRDA:189,20,1,0
BRDA:198,21,0,0
BRDA:198,21,1,0
BRDA:207,22,0,0
BRDA:207,22,1,0
BRDA:207,23,0,0
BRDA:207,23,1,0
BRDA:228,24,0,0
BRDA:228,24,1,0
BRDA:234,25,0,0
BRDA:234,25,1,0
BRDA:238,26,0,0
BRDA:238,26,1,0
BRDA:267,27,0,0
BRDA:267,27,1,1
BRDA:284,28,0,0
BRDA:284,28,1,1
BRDA:305,29,0,0
BRDA:305,29,1,1
BRDA:317,30,0,0
BRDA:317,30,1,0
BRDA:325,31,0,0
BRDA:325,31,1,0
BRDA:325,32,0,0
BRDA:325,32,1,0
BRDA:334,33,0,0
BRDA:334,33,1,0
BRDA:358,34,0,0
BRDA:358,34,1,3
BRDA:358,35,0,3
BRDA:358,35,1,3
BRDA:363,36,0,0
BRDA:363,36,1,3
BRDA:380,37,0,2
BRDA:380,37,1,0
BRDA:380,38,0,2
BRDA:380,38,1,2
BRDA:381,39,0,2
BRDA:381,39,1,0
BRDA:387,40,0,1
BRDA:387,40,1,2
BRDA:416,41,0,0
BRDA:416,41,1,0
BRDA:421,42,0,0
BRDA:421,42,1,0
BRDA:423,43,0,0
BRDA:423,43,1,0
BRDA:437,44,0,0
BRDA:437,44,1,0
BRDA:462,45,0,0
BRDA:462,45,1,0
BRDA:467,46,0,0
BRDA:467,46,1,0
BRDA:493,47,0,0
BRDA:493,47,1,3
BRDA:493,48,0,3
BRDA:493,48,1,3
BRDA:503,49,0,1
BRDA:503,49,1,2
BRDA:507,50,0,1
BRDA:507,50,1,1
BRDA:536,51,0,0
BRDA:536,51,1,3
BRDA:536,52,0,3
BRDA:536,52,1,3
BRDA:546,53,0,1
BRDA:546,53,1,2
BRDA:550,54,0,1
BRDA:550,54,1,1
BRDA:608,55,0,0
BRDA:608,55,1,0
BRDA:608,56,0,0
BRDA:608,56,1,0
BRDA:612,57,0,0
BRDA:612,57,1,0
BRDA:620,58,0,0
BRDA:620,58,1,0
BRDA:626,59,0,0
BRDA:626,59,1,0
BRDA:635,60,0,0
BRDA:635,60,1,0
BRDA:653,61,0,0
BRDA:653,61,1,0
BRDA:679,62,0,0
BRDA:679,62,1,0
BRDA:683,63,0,0
BRDA:683,63,1,0
BRDA:696,64,0,0
BRDA:696,64,1,0
BRDA:696,65,0,0
BRDA:696,65,1,0
BRDA:715,66,0,0
BRDA:715,66,1,0
BRDA:719,67,0,0
BRDA:719,67,1,0
BRDA:733,68,0,0
BRDA:733,68,1,0
BRDA:733,69,0,0
BRDA:733,69,1,0
BRDA:740,70,0,0
BRDA:740,70,1,0
BRDA:744,71,0,0
BRDA:744,71,1,0
BRDA:744,72,0,0
BRDA:744,72,1,0
BRDA:752,73,0,0
BRDA:752,73,1,0
BRDA:758,74,0,0
BRDA:758,74,1,0
BRDA:762,75,0,0
BRDA:762,75,1,0
BRDA:762,75,2,0
BRDA:763,76,0,0
BRDA:763,76,1,0
BRDA:774,77,0,0
BRDA:774,77,1,0
BRDA:778,78,0,0
BRDA:778,78,1,0
BRDA:778,78,2,0
BRDA:785,79,0,0
BRDA:785,79,1,0
BRDA:796,80,0,0
BRDA:796,80,1,0
BRDA:809,81,0,0
BRDA:809,81,1,0
BRDA:817,82,0,0
BRDA:817,82,1,0
BRDA:827,83,0,0
BRDA:827,83,1,0
BRDA:834,84,0,0
BRDA:834,84,1,0
BRDA:855,85,0,0
BRDA:855,85,1,0
BRDA:865,86,0,0
BRDA:865,86,1,0
BRDA:865,87,0,0
BRDA:865,87,1,0
BRDA:874,88,0,0
BRDA:874,88,1,0
BRDA:885,89,0,0
BRDA:885,89,1,0
BRDA:891,90,0,0
BRDA:891,90,1,0
BRDA:901,91,0,0
BRDA:901,91,1,0
BRDA:923,92,0,0
BRDA:923,92,1,0
BRDA:943,93,0,0
BRDA:943,93,1,0
BRDA:943,94,0,0
BRDA:943,94,1,0
BRDA:945,95,0,0
BRDA:945,95,1,0
BRDA:945,96,0,0
BRDA:945,96,1,0
BRDA:973,97,0,0
BRDA:973,97,1,0
BRDA:978,98,0,0
BRDA:978,98,1,0
BRF:199
BRH:51
end_of_record
TN:
SF:controllers\pediosHelper.js
FN:4,(anonymous_0)
FN:8,(anonymous_1)
FN:23,(anonymous_2)
FN:27,(anonymous_3)
FN:42,(anonymous_4)
FN:58,(anonymous_5)
FN:64,(anonymous_6)
FN:84,(anonymous_7)
FN:108,(anonymous_8)
FN:114,(anonymous_9)
FN:135,(anonymous_10)
FN:155,(anonymous_11)
FN:184,(anonymous_12)
FN:204,(anonymous_13)
FN:227,(anonymous_14)
FN:247,(anonymous_15)
FN:259,(anonymous_16)
FN:306,(anonymous_17)
FN:322,(anonymous_18)
FN:373,(anonymous_19)
FN:391,(anonymous_20)
FN:397,(anonymous_21)
FN:407,(anonymous_22)
FN:427,(anonymous_23)
FN:437,(anonymous_24)
FN:443,(anonymous_25)
FN:457,(anonymous_26)
FN:480,(anonymous_27)
FN:486,(anonymous_28)
FNF:29
FNH:7
FNDA:2,(anonymous_0)
FNDA:2,(anonymous_1)
FNDA:1,(anonymous_2)
FNDA:1,(anonymous_3)
FNDA:0,(anonymous_4)
FNDA:0,(anonymous_5)
FNDA:0,(anonymous_6)
FNDA:0,(anonymous_7)
FNDA:0,(anonymous_8)
FNDA:0,(anonymous_9)
FNDA:0,(anonymous_10)
FNDA:0,(anonymous_11)
FNDA:1,(anonymous_12)
FNDA:1,(anonymous_13)
FNDA:1,(anonymous_14)
FNDA:0,(anonymous_15)
FNDA:0,(anonymous_16)
FNDA:0,(anonymous_17)
FNDA:0,(anonymous_18)
FNDA:0,(anonymous_19)
FNDA:0,(anonymous_20)
FNDA:0,(anonymous_21)
FNDA:0,(anonymous_22)
FNDA:0,(anonymous_23)
FNDA:0,(anonymous_24)
FNDA:0,(anonymous_25)
FNDA:0,(anonymous_26)
FNDA:0,(anonymous_27)
FNDA:0,(anonymous_28)
DA:1,1
DA:4,1
DA:5,2
DA:6,2
DA:8,2
DA:9,2
DA:10,1
DA:11,1
DA:14,1
DA:17,0
DA:18,0
DA:23,1
DA:24,1
DA:25,1
DA:27,1
DA:28,1
DA:29,0
DA:30,0
DA:33,1
DA:36,0
DA:37,0
DA:42,1
DA:43,0
DA:44,0
DA:58,0
DA:59,0
DA:60,0
DA:61,0
DA:64,0
DA:75,0
DA:78,0
DA:79,0
DA:84,1
DA:85,0
DA:87,0
DA:88,0
DA:91,0
DA:92,0
DA:108,0
DA:109,0
DA:110,0
DA:111,0
DA:114,0
DA:126,0
DA:129,0
DA:130,0
DA:135,1
DA:136,0
DA:138,0
DA:139,0
DA:142,0
DA:143,0
DA:155,0
DA:156,0
DA:157,0
DA:158,0
DA:161,0
DA:162,0
DA:165,0
DA:166,0
DA:175,0
DA:178,0
DA:179,0
DA:184,1
DA:185,1
DA:186,1
DA:189,1
DA:190,0
DA:193,1
DA:194,0
DA:197,1
DA:198,0
DA:202,1
DA:204,1
DA:205,1
DA:206,0
DA:207,0
DA:210,1
DA:211,0
DA:215,1
DA:220,1
DA:227,1
DA:228,1
DA:229,0
DA:230,0
DA:233,1
DA:241,0
DA:242,0
DA:247,1
DA:248,0
DA:249,0
DA:251,0
DA:252,0
DA:255,0
DA:257,0
DA:259,0
DA:260,0
DA:261,0
DA:262,0
DA:265,0
DA:266,0
DA:269,0
DA:270,0
DA:273,0
DA:274,0
DA:275,0
DA:277,0
DA:278,0
DA:281,0
DA:282,0
DA:283,0
DA:285,0
DA:286,0
DA:289,0
DA:290,0
DA:291,0
DA:294,0
DA:295,0
DA:296,0
DA:299,0
DA:300,0
DA:303,0
DA:304,0
DA:306,0
DA:307,0
DA:308,0
DA:309,0
DA:312,0
DA:316,0
DA:317,0
DA:322,1
DA:323,0
DA:325,0
DA:326,0
DA:329,0
DA:330,0
DA:333,0
DA:334,0
DA:335,0
DA:336,0
DA:340,0
DA:341,0
DA:342,0
DA:343,0
DA:349,0
DA:350,0
DA:351,0
DA:352,0
DA:358,0
DA:361,0
DA:363,0
DA:364,0
DA:366,0
DA:367,0
DA:368,0
DA:373,1
DA:374,0
DA:375,0
DA:391,0
DA:392,0
DA:393,0
DA:394,0
DA:397,0
DA:407,0
DA:415,0
DA:421,0
DA:422,0
DA:427,1
DA:428,0
DA:429,0
DA:437,0
DA:438,0
DA:439,0
DA:440,0
DA:443,0
DA:448,0
DA:451,0
DA:452,0
DA:457,1
DA:458,0
DA:460,0
DA:461,0
DA:464,0
DA:465,0
DA:480,0
DA:481,0
DA:482,0
DA:483,0
DA:486,0
DA:495,0
DA:498,0
DA:499,0
DA:503,1
LF:193
LH:39
BRDA:9,0,0,1
BRDA:9,0,1,1
BRDA:14,1,0,1
BRDA:14,1,1,0
BRDA:28,2,0,0
BRDA:28,2,1,1
BRDA:33,3,0,1
BRDA:33,3,1,0
BRDA:59,4,0,0
BRDA:59,4,1,0
BRDA:64,5,0,0
BRDA:64,5,1,0
BRDA:71,6,0,0
BRDA:71,6,1,0
BRDA:72,7,0,0
BRDA:72,7,1,0
BRDA:87,8,0,0
BRDA:87,8,1,0
BRDA:109,9,0,0
BRDA:109,9,1,0
BRDA:114,10,0,0
BRDA:114,10,1,0
BRDA:121,11,0,0
BRDA:121,11,1,0
BRDA:122,12,0,0
BRDA:122,12,1,0
BRDA:123,13,0,0
BRDA:123,13,1,0
BRDA:138,14,0,0
BRDA:138,14,1,0
BRDA:138,15,0,0
BRDA:138,15,1,0
BRDA:156,16,0,0
BRDA:156,16,1,0
BRDA:161,17,0,0
BRDA:161,17,1,0
BRDA:161,18,0,0
BRDA:161,18,1,0
BRDA:189,19,0,0
BRDA:189,19,1,1
BRDA:189,20,0,1
BRDA:189,20,1,1
BRDA:193,21,0,0
BRDA:193,21,1,1
BRDA:197,22,0,0
BRDA:197,22,1,1
BRDA:205,23,0,0
BRDA:205,23,1,1
BRDA:210,24,0,0
BRDA:210,24,1,1
BRDA:210,25,0,1
BRDA:210,25,1,1
BRDA:223,26,0,1
BRDA:223,26,1,1
BRDA:224,27,0,1
BRDA:224,27,1,1
BRDA:228,28,0,0
BRDA:228,28,1,1
BRDA:251,29,0,0
BRDA:251,29,1,0
BRDA:251,30,0,0
BRDA:251,30,1,0
BRDA:260,31,0,0
BRDA:260,31,1,0
BRDA:265,32,0,0
BRDA:265,32,1,0
BRDA:265,33,0,0
BRDA:265,33,1,0
BRDA:273,34,0,0
BRDA:273,34,1,0
BRDA:273,35,0,0
BRDA:273,35,1,0
BRDA:274,36,0,0
BRDA:274,36,1,0
BRDA:281,37,0,0
BRDA:281,37,1,0
BRDA:281,38,0,0
BRDA:281,38,1,0
BRDA:282,39,0,0
BRDA:282,39,1,0
BRDA:289,40,0,0
BRDA:289,40,1,0
BRDA:294,41,0,0
BRDA:294,41,1,0
BRDA:299,42,0,0
BRDA:299,42,1,0
BRDA:307,43,0,0
BRDA:307,43,1,0
BRDA:325,44,0,0
BRDA:325,44,1,0
BRDA:325,45,0,0
BRDA:325,45,1,0
BRDA:334,46,0,0
BRDA:334,46,1,0
BRDA:341,47,0,0
BRDA:341,47,1,0
BRDA:341,48,0,0
BRDA:341,48,1,0
BRDA:350,49,0,0
BRDA:350,49,1,0
BRDA:350,50,0,0
BRDA:350,50,1,0
BRDA:392,51,0,0
BRDA:392,51,1,0
BRDA:397,52,0,0
BRDA:397,52,1,0
BRDA:399,53,0,0
BRDA:399,53,1,0
BRDA:400,54,0,0
BRDA:400,54,1,0
BRDA:401,55,0,0
BRDA:401,55,1,0
BRDA:402,56,0,0
BRDA:402,56,1,0
BRDA:403,57,0,0
BRDA:403,57,1,0
BRDA:438,58,0,0
BRDA:438,58,1,0
BRDA:443,59,0,0
BRDA:443,59,1,0
BRDA:445,60,0,0
BRDA:445,60,1,0
BRDA:458,61,0,0
BRDA:460,62,0,0
BRDA:460,62,1,0
BRDA:460,63,0,0
BRDA:460,63,1,0
BRDA:460,63,2,0
BRDA:460,63,3,0
BRDA:481,64,0,0
BRDA:481,64,1,0
BRDA:486,65,0,0
BRDA:486,65,1,0
BRF:133
BRH:19
end_of_record
TN:
SF:controllers\userController.js
FN:7,(anonymous_0)
FN:40,(anonymous_1)
FN:54,(anonymous_2)
FN:56,(anonymous_3)
FN:84,(anonymous_4)
FN:97,(anonymous_5)
FN:116,(anonymous_6)
FN:178,(anonymous_7)
FN:195,(anonymous_8)
FN:201,(anonymous_9)
FN:223,(anonymous_10)
FN:232,(anonymous_11)
FN:245,(anonymous_12)
FN:255,(anonymous_13)
FN:277,(anonymous_14)
FN:296,(anonymous_15)
FN:309,(anonymous_16)
FN:339,(anonymous_17)
FN:358,(anonymous_18)
FN:390,(anonymous_19)
FN:396,(anonymous_20)
FN:439,(anonymous_21)
FN:452,(anonymous_22)
FN:466,(anonymous_23)
FN:476,(anonymous_24)
FN:489,(anonymous_25)
FNF:26
FNH:10
FNDA:3,(anonymous_0)
FNDA:2,(anonymous_1)
FNDA:1,(anonymous_2)
FNDA:1,(anonymous_3)
FNDA:1,(anonymous_4)
FNDA:2,(anonymous_5)
FNDA:1,(anonymous_6)
FNDA:1,(anonymous_7)
FNDA:1,(anonymous_8)
FNDA:1,(anonymous_9)
FNDA:0,(anonymous_10)
FNDA:0,(anonymous_11)
FNDA:0,(anonymous_12)
FNDA:0,(anonymous_13)
FNDA:0,(anonymous_14)
FNDA:0,(anonymous_15)
FNDA:0,(anonymous_16)
FNDA:0,(anonymous_17)
FNDA:0,(anonymous_18)
FNDA:0,(anonymous_19)
FNDA:0,(anonymous_20)
FNDA:0,(anonymous_21)
FNDA:0,(anonymous_22)
FNDA:0,(anonymous_23)
FNDA:0,(anonymous_24)
FNDA:0,(anonymous_25)
DA:1,1
DA:2,1
DA:3,1
DA:4,1
DA:5,1
DA:7,1
DA:8,3
DA:10,3
DA:11,1
DA:14,2
DA:15,2
DA:17,1
DA:30,1
DA:36,1
DA:40,1
DA:41,2
DA:43,2
DA:44,1
DA:47,1
DA:48,1
DA:50,1
DA:52,1
DA:54,1
DA:55,1
DA:56,1
DA:57,1
DA:58,0
DA:60,1
DA:61,1
DA:63,0
DA:68,1
DA:74,1
DA:84,1
DA:85,1
DA:86,0
DA:87,0
DA:89,1
DA:92,0
DA:93,0
DA:97,1
DA:98,2
DA:100,2
DA:101,1
DA:105,1
DA:112,1
DA:116,1
DA:117,1
DA:118,0
DA:119,0
DA:122,1
DA:124,1
DA:125,0
DA:128,1
DA:129,1
DA:131,1
DA:132,1
DA:133,1
DA:134,0
DA:138,1
DA:147,1
DA:151,1
DA:160,1
DA:172,0
DA:173,0
DA:178,1
DA:179,1
DA:180,1
DA:195,1
DA:196,1
DA:197,0
DA:198,0
DA:201,1
DA:215,1
DA:218,0
DA:219,0
DA:223,1
DA:224,0
DA:226,0
DA:227,0
DA:230,0
DA:231,0
DA:232,0
DA:233,0
DA:234,0
DA:235,0
DA:237,0
DA:240,0
DA:241,0
DA:245,1
DA:246,0
DA:248,0
DA:249,0
DA:252,0
DA:253,0
DA:254,0
DA:255,0
DA:256,0
DA:257,0
DA:258,0
DA:261,0
DA:262,0
DA:263,0
DA:266,0
DA:269,0
DA:272,0
DA:273,0
DA:277,1
DA:278,0
DA:279,0
DA:280,0
DA:282,0
DA:283,0
DA:284,0
DA:287,0
DA:288,0
DA:289,0
DA:290,0
DA:293,0
DA:294,0
DA:296,0
DA:297,0
DA:298,0
DA:299,0
DA:301,0
DA:304,0
DA:305,0
DA:309,1
DA:310,0
DA:312,0
DA:320,0
DA:323,0
DA:329,0
DA:334,0
DA:335,0
DA:339,1
DA:340,0
DA:342,0
DA:343,0
DA:358,0
DA:359,0
DA:360,0
DA:361,0
DA:364,0
DA:365,0
DA:368,0
DA:382,0
DA:385,0
DA:386,0
DA:390,1
DA:391,0
DA:393,0
DA:394,0
DA:396,0
DA:397,0
DA:398,0
DA:399,0
DA:402,0
DA:403,0
DA:406,0
DA:408,0
DA:409,0
DA:414,0
DA:415,0
DA:416,0
DA:417,0
DA:420,0
DA:424,0
DA:430,0
DA:433,0
DA:434,0
DA:439,1
DA:440,0
DA:442,0
DA:443,0
DA:446,0
DA:448,0
DA:450,0
DA:452,0
DA:453,0
DA:454,0
DA:455,0
DA:458,0
DA:461,0
DA:462,0
DA:466,1
DA:467,0
DA:468,0
DA:470,0
DA:476,0
DA:477,0
DA:478,0
DA:479,0
DA:482,0
DA:483,0
DA:484,0
DA:487,0
DA:489,0
DA:495,0
DA:498,0
DA:499,0
DA:503,1
LF:201
LH:68
BRDA:10,0,0,1
BRDA:10,0,1,2
BRDA:20,1,0,1
BRDA:20,1,1,0
BRDA:21,2,0,1
BRDA:21,2,1,0
BRDA:22,3,0,1
BRDA:22,3,1,0
BRDA:23,4,0,1
BRDA:23,4,1,0
BRDA:24,5,0,1
BRDA:24,5,1,0
BRDA:25,6,0,1
BRDA:25,6,1,1
BRDA:43,7,0,1
BRDA:43,7,1,1
BRDA:43,8,0,2
BRDA:43,8,1,1
BRDA:43,8,2,1
BRDA:52,9,0,1
BRDA:52,9,1,0
BRDA:57,10,0,0
BRDA:57,10,1,1
BRDA:60,11,0,1
BRDA:60,11,1,0
BRDA:60,12,0,1
BRDA:60,12,1,1
BRDA:78,13,0,1
BRDA:78,13,1,0
BRDA:79,14,0,1
BRDA:79,14,1,0
BRDA:81,15,0,1
BRDA:81,15,1,0
BRDA:85,16,0,0
BRDA:85,16,1,1
BRDA:100,17,0,1
BRDA:100,17,1,1
BRDA:100,18,0,2
BRDA:100,18,1,1
BRDA:117,19,0,0
BRDA:117,19,1,1
BRDA:124,20,0,0
BRDA:124,20,1,1
BRDA:124,21,0,1
BRDA:124,21,1,1
BRDA:133,22,0,0
BRDA:133,22,1,1
BRDA:148,23,0,1
BRDA:148,23,1,1
BRDA:196,24,0,0
BRDA:196,24,1,1
BRDA:226,25,0,0
BRDA:226,25,1,0
BRDA:233,26,0,0
BRDA:233,26,1,0
BRDA:248,27,0,0
BRDA:248,27,1,0
BRDA:253,28,0,0
BRDA:253,28,1,0
BRDA:256,29,0,0
BRDA:256,29,1,0
BRDA:262,30,0,0
BRDA:262,30,1,0
BRDA:262,31,0,0
BRDA:262,31,1,0
BRDA:282,32,0,0
BRDA:282,32,1,0
BRDA:287,33,0,0
BRDA:287,33,1,0
BRDA:297,34,0,0
BRDA:297,34,1,0
BRDA:359,35,0,0
BRDA:359,35,1,0
BRDA:364,36,0,0
BRDA:364,36,1,0
BRDA:364,37,0,0
BRDA:364,37,1,0
BRDA:374,38,0,0
BRDA:374,38,1,0
BRDA:397,39,0,0
BRDA:397,39,1,0
BRDA:402,40,0,0
BRDA:402,40,1,0
BRDA:402,41,0,0
BRDA:402,41,1,0
BRDA:408,42,0,0
BRDA:408,42,1,0
BRDA:414,43,0,0
BRDA:414,43,1,0
BRDA:416,44,0,0
BRDA:416,44,1,0
BRDA:442,45,0,0
BRDA:442,45,1,0
BRDA:442,46,0,0
BRDA:442,46,1,0
BRDA:453,47,0,0
BRDA:453,47,1,0
BRDA:477,48,0,0
BRDA:477,48,1,0
BRDA:482,49,0,0
BRDA:482,49,1,0
BRDA:482,50,0,0
BRDA:482,50,1,0
BRF:103
BRH:35
end_of_record
TN:
SF:utils\logger.js
FN:41,log
FN:47,(anonymous_1)
FN:101,(anonymous_2)
FN:107,(anonymous_3)
FN:113,(anonymous_4)
FN:119,(anonymous_5)
FNF:6
FNH:0
FNDA:0,log
FNDA:0,(anonymous_1)
FNDA:0,(anonymous_2)
FNDA:0,(anonymous_3)
FNDA:0,(anonymous_4)
FNDA:0,(anonymous_5)
DA:8,1
DA:9,1
DA:10,1
DA:13,1
DA:26,1
DA:27,1
DA:28,0
DA:32,1
DA:33,1
DA:34,1
DA:43,0
DA:44,0
DA:47,0
DA:48,0
DA:49,0
DA:53,0
DA:54,0
DA:57,0
DA:59,0
DA:61,0
DA:65,0
DA:66,0
DA:67,0
DA:68,0
DA:69,0
DA:70,0
DA:71,0
DA:72,0
DA:74,0
DA:75,0
DA:76,0
DA:77,0
DA:78,0
DA:79,0
DA:80,0
DA:81,0
DA:83,0
DA:84,0
DA:86,0
DA:87,0
DA:89,0
DA:93,0
DA:96,1
DA:101,0
DA:107,0
DA:113,0
DA:119,0
LF:47
LH:10
BRDA:27,0,0,0
BRDA:27,0,1,1
BRDA:48,1,0,0
BRDA:48,1,1,0
BRDA:57,2,0,0
BRDA:57,2,1,0
BRDA:59,3,0,0
BRDA:59,3,1,0
BRDA:59,4,0,0
BRDA:59,4,1,0
BRDA:59,4,2,0
BRDA:59,4,3,0
BRDA:65,5,0,0
BRDA:65,5,1,0
BRDA:67,6,0,0
BRDA:67,6,1,0
BRDA:69,7,0,0
BRDA:69,7,1,0
BRDA:71,8,0,0
BRDA:71,8,1,0
BRDA:75,9,0,0
BRDA:75,9,1,0
BRDA:78,10,0,0
BRDA:78,10,1,0
BRDA:81,11,0,0
BRDA:81,11,1,0
BRDA:83,12,0,0
BRDA:83,12,1,0
BRF:28
BRH:1
end_of_record
