<?xml version="1.0" encoding="UTF-8"?>
<testsuite xmlns:xsi="http://www.w3.org/2001/XMLSchema-instance" xsi:noNamespaceSchemaLocation="https://maven.apache.org/surefire/maven-surefire-plugin/xsd/surefire-test-report-3.0.xsd" version="3.0" name="com.sapatos.tests.AdminTest" time="51.512" tests="1" errors="0" skipped="0" failures="0">
  <properties>
[...]
</properties>
  <testcase name="testAdminAccessAndNavigation" classname="com.sapatos.tests.AdminTest" time="51.51">
    <system-out><![CDATA[1.-Log in exitoso-Admin
2.-Boton inventario exitoso-Admin
INVENTARIO: 1.- Busqueda de Playera Estampada M
INVENTARIO: 2.- Busqueda limpiada
INVENTARIO: 3.- Panel de filtros desplegado
INVENTARIO: 4.- Filtro de categorÃ­a 'Playera' aplicado
INVENTARIO: 4.1.- Filtro de ubicacion 'Oficina central' aplicado
INVENTARIO: 4.2.- Filtro de temporada 'Verano' aplicado
INVENTARIO: 5.- Filtro de 'bajo stock' aplicado
INVENTARIO: 6.- Filtros limpiados correctamente
INVENTARIO: 7.- Exportacion de inventario a CSV ejecutada
3.-Boton usuarios exitoso-Admin
USUARIO: 1.-Boton Agregar Usuario presionado - Admin
USUARIO: 2.-Formulario llenado correctamente - Admin
USUARIO: 3.-RedirecciÃ³n a tabla de usuarios confirmada - Admin
Usuario: 4.-Cambiado a pÃ¡gina 2 de usuarios - Admin
USUARIO: 5.-Regresado a pÃ¡gina 1 de usuarios - Admin
USUARIO: 6.-BÃºsqueda de usuario realizada - Admin
USUARIO: 7.-Usuario buscado aparece correctamente - Admin
USUARIO: 8.-BotÃ³n editar presionado - Admin
USUARIO: 9.-Nombre editado - Admin
USUARIO: 10.-Cambios guardados - Admin
USUARIO: 11.-Regreso a tabla de usuarios tras ediciÃ³n - Admin
USUARIO: 12.-Nueva bÃºsqueda tras ediciÃ³n - Admin
USUARIO: 13.-Usuario editado aparece en resultados - Admin
USUARIO: 14.-Usuario eliminado - Admin
USUARIO: 15.-BÃºsqueda limpia, vista restaurada - Admin
4.-Boton pedidos exitoso-Admin
5.-Boton Dashboard exitoso-Admin
6.-Boton usuario exitoso-Admin
7.-tache exitoso-Admin
8.-Boton usuario exitoso-Admin
9.-Boton usuario exitoso-Admin
10.-tache exitoso-Admin
11.-Boton usuario exitoso-Admin
12.-Sesion cerrada correctamente-Admin
]]></system-out>
    <system-err><![CDATA[SLF4J(W): No SLF4J providers were found.
SLF4J(W): Defaulting to no-operation (NOP) logger implementation
SLF4J(W): See https://www.slf4j.org/codes.html#noProviders for further details.
Jun 02, 2025 6:30:13 PM org.openqa.selenium.devtools.CdpVersionFinder findNearestMatch
WARNING: Unable to find CDP implementation matching 137
Jun 02, 2025 6:30:13 PM org.openqa.selenium.chromium.ChromiumDriver lambda$new$5
WARNING: Unable to find version of CDP to use for 137.0.7151.56. You may need to include a dependency on a specific version of the CDP using something similar to `org.seleniumhq.selenium:selenium-devtools-v86:4.20.0` where the version ("v86") matches the version of the chromium-based browser you're using and the version number of the artifact is the same as Selenium's.
]]></system-err>
  </testcase>
</testsuite>